

Working Directory = /home/redhatacademy19/Documents/Siddhant/RUN/STANDARD 10 Stages_Multiple Lib_Fast Cells/12
QoS Summary for rope_cordic_pair
================================================================================
Metric                          generic         mapped          opt            
================================================================================
Slack (ps):                     1,382           1,173           1,174
  R2R (ps):                     1,573           1,386           1,359
  I2R (ps):                     1,382           1,173           1,174
  R2O (ps):                     1,753           1,766           1,766
  I2O (ps):                  no_value        no_value        no_value
  CG  (ps):                  no_value        no_value        no_value
TNS (ps):                           0               0               0
  R2R (ps):                         0               0               0
  I2R (ps):                         0               0               0
  R2O (ps):                         0               0               0
  I2O (ps):                  no_value        no_value        no_value
  CG  (ps):                  no_value        no_value        no_value
Failing Paths:                      0               0               0
Cell Area:                     13,288           5,451           5,378
Total Cell Area:               13,288           5,451           5,378
Leaf Instances:                 4,023           1,952           1,935
Total Instances:                4,023           1,952           1,935
Utilization (%):                 0.00            0.00            0.00
Tot. Net Length (um):        no_value        no_value        no_value
Avg. Net Length (um):        no_value        no_value        no_value
Route Overflow H (%):        no_value        no_value        no_value
Route Overflow V (%):        no_value        no_value        no_value
MBCI(%) (bits/gate) :            0.00            0.00            0.00
Norm Cong Hotspot Area:
  Max Cong:                  no_value        no_value        no_value
  Tot Cong:                  no_value        no_value        no_value
================================================================================
CPU  Runtime (h:m:s):        00:30:21        00:30:12        00:30:03
Real Runtime (h:m:s):        00:31:08        00:30:09        00:30:03
CPU  Elapsed (h:m:s):        00:30:23        00:30:35        00:30:38
Real Elapsed (h:m:s):        00:31:09        00:31:18        00:31:21
Memory (MB):                  1685.01         1750.79         1717.78
================================================================================
================================================================================
Flow Settings:
================================================================================
Total Runtime (h:m:s): 00:31:21
Total Memory (MB):     1717.78
Executable Version:    21.10-p002_1
================================================================================
Total Cell Area =  Cell Area + Physical Cell Area
Total Instances =  Leaf Instances + Physical Instances


