

Working Directory = /home/redhatacademy19/Documents/Siddhant/RUN/CSD UD 5 Stages_Multiple Lib_Fast Cells/7
QoS Summary for rope_csd_pair
================================================================================
Metric                          generic         mapped          opt            
================================================================================
Slack (ps):                     1,439           1,345           1,347
  R2R (ps):                     1,572           1,345           1,347
  I2R (ps):                     1,439           1,354           1,355
  R2O (ps):                     1,753           1,767           1,767
  I2O (ps):                  no_value        no_value        no_value
  CG  (ps):                  no_value        no_value        no_value
TNS (ps):                           0               0               0
  R2R (ps):                         0               0               0
  I2R (ps):                         0               0               0
  R2O (ps):                         0               0               0
  I2O (ps):                  no_value        no_value        no_value
  CG  (ps):                  no_value        no_value        no_value
Failing Paths:                      0               0               0
Cell Area:                      5,961           2,331           2,330
Total Cell Area:                5,961           2,331           2,330
Leaf Instances:                 1,894             919             918
Total Instances:                1,894             919             918
Utilization (%):                 0.00            0.00            0.00
Tot. Net Length (um):        no_value        no_value        no_value
Avg. Net Length (um):        no_value        no_value        no_value
Route Overflow H (%):        no_value        no_value        no_value
Route Overflow V (%):        no_value        no_value        no_value
MBCI(%) (bits/gate) :            0.00            0.00            0.00
Norm Cong Hotspot Area:
  Max Cong:                  no_value        no_value        no_value
  Tot Cong:                  no_value        no_value        no_value
================================================================================
CPU  Runtime (h:m:s):        00:30:18        00:30:06        00:30:01
Real Runtime (h:m:s):        00:30:30        00:30:04        00:30:02
CPU  Elapsed (h:m:s):        00:30:20        00:30:26        00:30:27
Real Elapsed (h:m:s):        00:30:31        00:30:35        00:30:37
Memory (MB):                  1676.81         1743.41         1712.41
================================================================================
================================================================================
Flow Settings:
================================================================================
Total Runtime (h:m:s): 00:30:37
Total Memory (MB):     1712.41
Executable Version:    21.10-p002_1
================================================================================
Total Cell Area =  Cell Area + Physical Cell Area
Total Instances =  Leaf Instances + Physical Instances


