============================================================
  Generated by:           Genus(TM) Synthesis Solution 21.10-p002_1
  Generated on:           Apr 22 2026  07:01:57 pm
  Module:                 rope_binary_ud_pair
  Technology libraries:   fast_vdd1v2 1.0
                          physical_cells 
                          fast_vdd1v2 1.0
                          physical_cells 
  Operating conditions:   PVT_1P32V_0C 
  Interconnect mode:      global
  Area mode:              physical library
============================================================

Timing
--------

Clock Period 
-------------
clk   2000.0 


  Cost    Critical         Violating 
 Group   Path Slack  TNS     Paths   
-------------------------------------
clk          1514.4   0.0          0 
default    No paths   0.0            
-------------------------------------
Total                 0.0          0 

Instance Count
--------------
Leaf Instance Count             1329 
Physical Instance count            0 
Sequential Instance Count        297 
Combinational Instance Count    1032 
Hierarchical Instance Count        1 

Area
----
Cell Area                          3749.346
Physical Cell Area                 0.000
Total Cell Area (Cell+Physical)    3749.346
Net Area                           1504.258
Total Area (Cell+Physical+Net)     5253.604

Runtime                            0.0 seconds
Elapsed Runtime                    28 seconds
Genus peak memory usage            1747.47 
Innovus peak memory usage          no_value 
Hostname                           redhatacademy19
