

Working Directory = /home/redhatacademy19/Documents/Siddhant/RUN/BINARY UD 10 Stages_Multiple Lib_Fast Cells/6
QoS Summary for rope_binary_ud_pair
================================================================================
Metric                          generic         mapped          opt            
================================================================================
Slack (ps):                     1,686           1,613           1,611
  R2R (ps):                     1,686           1,613           1,611
  I2R (ps):                     1,777           1,743           1,685
  R2O (ps):                     1,753           1,767           1,767
  I2O (ps):                  no_value        no_value        no_value
  CG  (ps):                  no_value        no_value        no_value
TNS (ps):                           0               0               0
  R2R (ps):                         0               0               0
  I2R (ps):                         0               0               0
  R2O (ps):                         0               0               0
  I2O (ps):                  no_value        no_value        no_value
  CG  (ps):                  no_value        no_value        no_value
Failing Paths:                      0               0               0
Cell Area:                      6,108           2,761           2,728
Total Cell Area:                6,108           2,761           2,728
Leaf Instances:                 1,705             935             930
Total Instances:                1,705             935             930
Utilization (%):                 0.00            0.00            0.00
Tot. Net Length (um):        no_value        no_value        no_value
Avg. Net Length (um):        no_value        no_value        no_value
Route Overflow H (%):        no_value        no_value        no_value
Route Overflow V (%):        no_value        no_value        no_value
MBCI(%) (bits/gate) :            0.00            0.00            0.00
Norm Cong Hotspot Area:
  Max Cong:                  no_value        no_value        no_value
  Tot Cong:                  no_value        no_value        no_value
================================================================================
CPU  Runtime (h:m:s):        00:30:11        00:30:06        00:30:01
Real Runtime (h:m:s):        00:31:04        00:30:05        00:30:01
CPU  Elapsed (h:m:s):        00:30:13        00:30:19        00:30:20
Real Elapsed (h:m:s):        00:31:05        00:31:10        00:31:11
Memory (MB):                  1661.35         1731.93         1700.93
================================================================================
================================================================================
Flow Settings:
================================================================================
Total Runtime (h:m:s): 00:31:11
Total Memory (MB):     1700.93
Executable Version:    21.10-p002_1
================================================================================
Total Cell Area =  Cell Area + Physical Cell Area
Total Instances =  Leaf Instances + Physical Instances


