============================================================
  Generated by:           Genus(TM) Synthesis Solution 21.10-p002_1
  Generated on:           Apr 22 2026  06:51:53 pm
  Module:                 rope_csd_pair
  Technology libraries:   fast_vdd1v2 1.0
                          physical_cells 
                          fast_vdd1v2 1.0
                          physical_cells 
  Operating conditions:   PVT_1P32V_0C 
  Interconnect mode:      global
  Area mode:              physical library
============================================================

                                    Leakage  
    Gate      Instances    Area   Power (nW)     Library    
------------------------------------------------------------
ADDFX1LVT            65   333.450    231.750    fast_vdd1v2 
ADDHX1LVT            58   218.196    205.948    fast_vdd1v2 
AND2X1LVT            10    13.680     10.955    fast_vdd1v2 
AO21X1LVT             8    19.152     12.886    fast_vdd1v2 
AO22X1LVT             9    24.624     12.808    fast_vdd1v2 
AOI211XLLVT           1     2.052      1.977    fast_vdd1v2 
AOI21X1LVT           16    27.360     17.796    fast_vdd1v2 
AOI221X1LVT          16    38.304     26.077    fast_vdd1v2 
AOI222X1LVT           1     3.078      1.678    fast_vdd1v2 
AOI22X1LVT           30    61.560     31.871    fast_vdd1v2 
CLKXOR2X1LVT         15    41.040     39.272    fast_vdd1v2 
DFFHQX1LVT           71   388.512    264.372    fast_vdd1v2 
DFFQXLLVT            62   339.264    234.469    fast_vdd1v2 
DFFTRXLLVT            1     7.866      5.324    fast_vdd1v2 
INVX1LVT             55    37.620     31.560    fast_vdd1v2 
MX2X1LVT              5    11.970     11.485    fast_vdd1v2 
MXI2XLLVT             1     2.394      1.347    fast_vdd1v2 
NAND2BX1LVT          25    34.200     31.203    fast_vdd1v2 
NAND2X1               1     1.026      0.148    fast_vdd1v2 
NAND2X1LVT           64    65.664     37.651    fast_vdd1v2 
NAND3BXLLVT           5     8.550      5.659    fast_vdd1v2 
NOR2BX1LVT          112   153.216    122.428    fast_vdd1v2 
NOR2X1LVT            86    88.236     56.069    fast_vdd1v2 
NOR3BX1LVT            4     8.208      4.673    fast_vdd1v2 
OA22X1LVT             1     2.394      1.233    fast_vdd1v2 
OAI211X1LVT          10    17.100      8.158    fast_vdd1v2 
OAI21X1LVT           16    27.360     13.949    fast_vdd1v2 
OAI221X1LVT          12    28.728      9.523    fast_vdd1v2 
OAI222X1LVT           1     2.736      0.732    fast_vdd1v2 
OAI22X1LVT           13    26.676      7.773    fast_vdd1v2 
OAI2BB1X1LVT         29    49.590     34.154    fast_vdd1v2 
OAI31X1LVT            1     2.052      0.666    fast_vdd1v2 
OR2X1LVT             28    38.304     35.229    fast_vdd1v2 
OR3X1LVT              1     2.052      1.855    fast_vdd1v2 
XNOR2X1LVT           85   203.490    233.283    fast_vdd1v2 
------------------------------------------------------------
total               918  2329.704   1745.962                


                                           Leakage  Leakage 
     Type      Instances   Area   Area % Power (nW) Power % 
------------------------------------------------------------
sequential           134  735.642   31.6    504.165    28.9 
inverter              55   37.620    1.6     31.560     1.8 
logic                729 1556.442   66.8   1210.237    69.3 
physical_cells         0    0.000    0.0      0.000     0.0 
------------------------------------------------------------
total                918 2329.704  100.0   1745.962   100.0 

