

Working Directory = /home/redhatacademy19/Documents/Siddhant/RUN/BINARY UD 10 Stages_Multiple Lib_Fast Cells/6
QoS Summary for rope_binary_ud_pair
================================================================================
Metric                          generic        
================================================================================
Slack (ps):                     1,686
  R2R (ps):                     1,686
  I2R (ps):                     1,777
  R2O (ps):                     1,753
  I2O (ps):                  no_value
  CG  (ps):                  no_value
TNS (ps):                           0
  R2R (ps):                         0
  I2R (ps):                         0
  R2O (ps):                         0
  I2O (ps):                  no_value
  CG  (ps):                  no_value
Failing Paths:                      0
Cell Area:                      6,108
Total Cell Area:                6,108
Leaf Instances:                 1,705
Total Instances:                1,705
Utilization (%):                 0.00
Tot. Net Length (um):        no_value
Avg. Net Length (um):        no_value
Route Overflow H (%):        no_value
Route Overflow V (%):        no_value
MBCI(%) (bits/gate) :            0.00
Norm Cong Hotspot Area:
  Max Cong:                  no_value
  Tot Cong:                  no_value
================================================================================
CPU  Runtime (h:m:s):        00:30:11
Real Runtime (h:m:s):        00:31:04
CPU  Elapsed (h:m:s):        00:30:13
Real Elapsed (h:m:s):        00:31:05
Memory (MB):                  1661.35
================================================================================
================================================================================
Flow Settings:
================================================================================
Total Runtime (h:m:s): 00:31:04
Total Memory (MB):     1661.35
Executable Version:    21.10-p002_1
================================================================================
Total Cell Area =  Cell Area + Physical Cell Area
Total Instances =  Leaf Instances + Physical Instances


