

Working Directory = /home/redhatacademy19/Documents/Siddhant/RUN/7 frac bits/10 stages/standard
QoS Summary for rope_cordic_pair
================================================================================
Metric                          generic        
================================================================================
Slack (ps):                     1,506
  R2R (ps):                     1,659
  I2R (ps):                     1,506
  R2O (ps):                     1,753
  I2O (ps):                  no_value
  CG  (ps):                  no_value
TNS (ps):                           0
  R2R (ps):                         0
  I2R (ps):                         0
  R2O (ps):                         0
  I2O (ps):                  no_value
  CG  (ps):                  no_value
Failing Paths:                      0
Cell Area:                      7,857
Total Cell Area:                7,857
Leaf Instances:                 2,350
Total Instances:                2,350
Utilization (%):                 0.00
Tot. Net Length (um):        no_value
Avg. Net Length (um):        no_value
Route Overflow H (%):        no_value
Route Overflow V (%):        no_value
MBCI(%) (bits/gate) :            0.00
Norm Cong Hotspot Area:
  Max Cong:                  no_value
  Tot Cong:                  no_value
================================================================================
CPU  Runtime (h:m:s):        00:30:17
Real Runtime (h:m:s):        00:31:09
CPU  Elapsed (h:m:s):        00:30:19
Real Elapsed (h:m:s):        00:31:10
Memory (MB):                  1515.12
================================================================================
================================================================================
Flow Settings:
================================================================================
Total Runtime (h:m:s): 00:31:09
Total Memory (MB):     1515.12
Executable Version:    21.10-p002_1
================================================================================
Total Cell Area =  Cell Area + Physical Cell Area
Total Instances =  Leaf Instances + Physical Instances


