============================================================
  Generated by:           Genus(TM) Synthesis Solution 21.10-p002_1
  Generated on:           Apr 22 2026  07:03:38 pm
  Module:                 rope_binary_ud_pair
  Technology libraries:   fast_vdd1v2 1.0
                          physical_cells 
                          fast_vdd1v2 1.0
                          physical_cells 
  Operating conditions:   PVT_1P32V_0C 
  Interconnect mode:      global
  Area mode:              physical library
============================================================

                                    Leakage  
    Gate      Instances    Area   Power (nW)     Library    
------------------------------------------------------------
ADDFX1LVT            80   410.400    284.637    fast_vdd1v2 
AND2X1LVT            19    25.992     21.754    fast_vdd1v2 
AO21X1LVT            11    26.334     14.996    fast_vdd1v2 
BUFX12LVT             3    15.390     17.259    fast_vdd1v2 
BUFX6LVT              2     6.156      6.294    fast_vdd1v2 
CLKBUFX16LVT          6    41.040     45.591    fast_vdd1v2 
CLKBUFX6LVT           2     6.156      6.294    fast_vdd1v2 
CLKXOR2X1LVT         46   125.856    126.752    fast_vdd1v2 
DFFHQX1LVT          122   667.584    456.059    fast_vdd1v2 
DFFQXLLVT            93   508.896    352.826    fast_vdd1v2 
DFFTRXLLVT           29   228.114    147.205    fast_vdd1v2 
DFFX1LVT              9    64.638     43.419    fast_vdd1v2 
INVX1LVT              2     1.368      1.048    fast_vdd1v2 
INVX2                 1     1.026      0.175    fast_vdd1v2 
INVX3LVT              1     1.368      1.190    fast_vdd1v2 
MX2X1LVT              6    14.364     12.505    fast_vdd1v2 
MXI2XLLVT             1     2.394      1.176    fast_vdd1v2 
NAND2BX1              1     1.368      0.229    fast_vdd1v2 
NAND2BX1LVT          13    17.784     17.259    fast_vdd1v2 
NAND2X1LVT          112   114.912     67.593    fast_vdd1v2 
NAND3BXLLVT          14    23.940     21.078    fast_vdd1v2 
NAND4XLLVT           13    22.230     12.287    fast_vdd1v2 
NOR2BX1LVT          144   196.992    172.907    fast_vdd1v2 
NOR2X1LVT           172   176.472     98.435    fast_vdd1v2 
OAI211X1LVT          15    25.650     13.744    fast_vdd1v2 
OAI21X1LVT           17    29.070     15.478    fast_vdd1v2 
OAI2BB1X1LVT          6    10.260      6.320    fast_vdd1v2 
OR2X1LVT             15    20.520     21.776    fast_vdd1v2 
XNOR2X1LVT          147   351.918    423.466    fast_vdd1v2 
------------------------------------------------------------
total              1102  3138.192   2409.750                


                                           Leakage  Leakage 
     Type      Instances   Area   Area % Power (nW) Power % 
------------------------------------------------------------
sequential           253 1469.232   46.8    999.508    41.5 
inverter               4    3.762    0.1      2.413     0.1 
buffer                13   68.742    2.2     75.438     3.1 
logic                832 1596.456   50.9   1332.391    55.3 
physical_cells         0    0.000    0.0      0.000     0.0 
------------------------------------------------------------
total               1102 3138.192  100.0   2409.750   100.0 

