============================================================
  Generated by:           Genus(TM) Synthesis Solution 21.10-p002_1
  Generated on:           Apr 22 2026  07:11:00 pm
  Module:                 rope_cordic_pair
  Technology libraries:   fast_vdd1v2 1.0
                          physical_cells 
                          fast_vdd1v2 1.0
                          physical_cells 
  Operating conditions:   PVT_1P32V_0C 
  Interconnect mode:      global
  Area mode:              physical library
============================================================

                                    Leakage  
    Gate      Instances    Area   Power (nW)     Library    
------------------------------------------------------------
ADDFX1LVT           278  1426.140    967.400    fast_vdd1v2 
ADDHX1LVT             6    22.572     22.210    fast_vdd1v2 
AND2X1LVT            28    38.304     30.724    fast_vdd1v2 
AND3XLLVT             1     2.052      0.758    fast_vdd1v2 
AND4X1LVT             1     2.394      0.805    fast_vdd1v2 
AO21X1LVT             6    14.364      9.389    fast_vdd1v2 
AOI21X1LVT            8    13.680      7.185    fast_vdd1v2 
AOI221X1LVT           2     4.788      2.602    fast_vdd1v2 
AOI2BB1X1LVT          6    12.312      7.656    fast_vdd1v2 
AOI2BB2X1LVT          3    10.260      5.916    fast_vdd1v2 
AOI31X1LVT            3     6.156      2.762    fast_vdd1v2 
BUFX12LVT             1     5.130      4.439    fast_vdd1v2 
BUFX2                 1     1.710      0.241    fast_vdd1v2 
BUFX3LVT              7    14.364      9.976    fast_vdd1v2 
CLKBUFX16LVT          8    54.720     46.553    fast_vdd1v2 
CLKINVX6LVT           1     2.394      1.358    fast_vdd1v2 
CLKXOR2X1LVT          1     2.736      2.688    fast_vdd1v2 
DFFHQX1LVT          340  1860.480   1288.180    fast_vdd1v2 
DFFQX1LVT             2    11.628      7.769    fast_vdd1v2 
DFFQX4LVT             7    50.274     35.978    fast_vdd1v2 
DFFQXLLVT            52   284.544    200.235    fast_vdd1v2 
DFFTRXLLVT            1     7.866      5.324    fast_vdd1v2 
DFFX1LVT              3    21.546     14.697    fast_vdd1v2 
INVX1LVT             36    24.624     18.516    fast_vdd1v2 
INVX2                10    10.260      1.782    fast_vdd1v2 
INVX3LVT              1     1.368      1.732    fast_vdd1v2 
INVXLHVT              2     1.368      0.126    fast_vdd1v2 
MX2X1LVT             43   102.942     84.401    fast_vdd1v2 
MXI2XLLVT            39    93.366     55.579    fast_vdd1v2 
NAND2BX1LVT          10    13.680     11.842    fast_vdd1v2 
NAND2X1LVT           20    20.520     12.162    fast_vdd1v2 
NAND3BXLLVT          16    27.360     16.278    fast_vdd1v2 
NAND3X1LVT            6    10.260      3.648    fast_vdd1v2 
NAND4BX1LVT           6    14.364      6.169    fast_vdd1v2 
NAND4XLLVT            3     5.130      1.464    fast_vdd1v2 
NOR2BX1LVT          299   409.032    430.324    fast_vdd1v2 
NOR2X1LVT           123   126.198    111.647    fast_vdd1v2 
NOR3BX1LVT            3     6.156      2.950    fast_vdd1v2 
NOR3X1LVT             4     6.840      1.458    fast_vdd1v2 
NOR4BX1LVT            1     2.394      1.063    fast_vdd1v2 
NOR4X1LVT             4     6.840      1.765    fast_vdd1v2 
OA21X1LVT             1     2.052      1.246    fast_vdd1v2 
OAI21X1LVT            8    13.680      5.203    fast_vdd1v2 
OAI221X1LVT           6    14.364      6.128    fast_vdd1v2 
OAI22X1LVT            5    10.260      2.640    fast_vdd1v2 
OAI2BB1X1LVT          8    13.680      9.460    fast_vdd1v2 
OAI31X1LVT            1     2.052      0.838    fast_vdd1v2 
OR2X1LVT             25    34.200     32.383    fast_vdd1v2 
OR2XLLVT              1     1.368      1.151    fast_vdd1v2 
OR3X1LVT              5    10.260      5.974    fast_vdd1v2 
OR3XLLVT              1     2.052      1.819    fast_vdd1v2 
OR4X1LVT              4     8.208      4.355    fast_vdd1v2 
XNOR2X1LVT          311   744.534    852.017    fast_vdd1v2 
------------------------------------------------------------
total              1768  5609.826   4360.963                


                                           Leakage  Leakage 
     Type      Instances   Area   Area % Power (nW) Power % 
------------------------------------------------------------
sequential           405 2236.338   39.9   1552.183    35.6 
inverter              50   40.014    0.7     23.514     0.5 
buffer                17   75.924    1.4     61.209     1.4 
logic               1296 3257.550   58.1   2724.057    62.5 
physical_cells         0    0.000    0.0      0.000     0.0 
------------------------------------------------------------
total               1768 5609.826  100.0   4360.963   100.0 

