

Working Directory = /home/redhatacademy19/Documents/Siddhant/RUN/7 frac bits/6 stages/csd
QoS Summary for rope_csd_pair
================================================================================
Metric                          generic        
================================================================================
Slack (ps):                     1,439
  R2R (ps):                     1,572
  I2R (ps):                     1,439
  R2O (ps):                     1,753
  I2O (ps):                  no_value
  CG  (ps):                  no_value
TNS (ps):                           0
  R2R (ps):                         0
  I2R (ps):                         0
  R2O (ps):                         0
  I2O (ps):                  no_value
  CG  (ps):                  no_value
Failing Paths:                      0
Cell Area:                      6,919
Total Cell Area:                6,919
Leaf Instances:                 2,163
Total Instances:                2,163
Utilization (%):                 0.00
Tot. Net Length (um):        no_value
Avg. Net Length (um):        no_value
Route Overflow H (%):        no_value
Route Overflow V (%):        no_value
MBCI(%) (bits/gate) :            0.00
Norm Cong Hotspot Area:
  Max Cong:                  no_value
  Tot Cong:                  no_value
================================================================================
CPU  Runtime (h:m:s):        00:30:21
Real Runtime (h:m:s):        00:30:52
CPU  Elapsed (h:m:s):        00:30:23
Real Elapsed (h:m:s):        00:30:53
Memory (MB):                  1519.64
================================================================================
================================================================================
Flow Settings:
================================================================================
Total Runtime (h:m:s): 00:30:52
Total Memory (MB):     1519.64
Executable Version:    21.10-p002_1
================================================================================
Total Cell Area =  Cell Area + Physical Cell Area
Total Instances =  Leaf Instances + Physical Instances


