============================================================
  Generated by:           Genus(TM) Synthesis Solution 21.10-p002_1
  Generated on:           Apr 27 2026  10:11:57 pm
  Module:                 rope_csd_pair
  Technology libraries:   fast_vdd1v2 1.0
                          physical_cells 
                          fast_vdd1v2 1.0
                          physical_cells 
  Operating conditions:   PVT_1P32V_0C 
  Interconnect mode:      global
  Area mode:              physical library
============================================================

                                        Leakage  Leakage 
     Type      Instances  Area Area % Power (nW) Power % 
---------------------------------------------------------
sequential           170 0.000    0.0    697.672    82.4 
inverter               5 0.000    0.0      0.302     0.0 
logic               1988 0.000    0.0    148.447    17.5 
physical_cells         0 0.000    0.0      0.000     0.0 
---------------------------------------------------------
total               2163 0.000    0.0    846.421   100.0 

