============================================================
  Generated by:           Genus(TM) Synthesis Solution 21.10-p002_1
  Generated on:           Apr 27 2026  10:00:45 pm
  Module:                 rope_binary_ud_pair
  Technology libraries:   fast_vdd1v2 1.0
                          physical_cells 
                          fast_vdd1v2 1.0
                          physical_cells 
  Operating conditions:   PVT_1P32V_0C 
  Interconnect mode:      global
  Area mode:              physical library
============================================================

Timing
--------

Clock Period 
-------------
clk   2000.0 


  Cost    Critical         Violating 
 Group   Path Slack  TNS     Paths   
-------------------------------------
clk          1594.5   0.0          0 
default    No paths   0.0            
-------------------------------------
Total                 0.0          0 

Instance Count
--------------
Leaf Instance Count             845 
Physical Instance count           0 
Sequential Instance Count       198 
Combinational Instance Count    647 
Hierarchical Instance Count       1 

Area
----
Cell Area                          2425.806
Physical Cell Area                 0.000
Total Cell Area (Cell+Physical)    2425.806
Net Area                           966.335
Total Area (Cell+Physical+Net)     3392.141

Runtime                            0.0 seconds
Elapsed Runtime                    56 seconds
Genus peak memory usage            1586.50 
Innovus peak memory usage          no_value 
Hostname                           redhatacademy19
