============================================================
  Generated by:           Genus(TM) Synthesis Solution 21.10-p002_1
  Generated on:           Apr 27 2026  10:00:47 pm
  Module:                 rope_binary_ud_pair
  Technology libraries:   fast_vdd1v2 1.0
                          physical_cells 
                          fast_vdd1v2 1.0
                          physical_cells 
  Operating conditions:   PVT_1P32V_0C 
  Interconnect mode:      global
  Area mode:              physical library
============================================================

                                    Leakage  
    Gate      Instances    Area   Power (nW)     Library    
------------------------------------------------------------
ADDFX1LVT            70   359.100    249.311    fast_vdd1v2 
AND2X1LVT            14    19.152     15.904    fast_vdd1v2 
AO21X1LVT             8    19.152     10.799    fast_vdd1v2 
CLKXOR2X1LVT         36    98.496     99.181    fast_vdd1v2 
DFFHQX1LVT          102   558.144    381.325    fast_vdd1v2 
DFFQXLLVT            69   377.568    261.879    fast_vdd1v2 
DFFTRXLLVT           20   157.320    101.942    fast_vdd1v2 
DFFX1LVT              7    50.274     33.805    fast_vdd1v2 
INVX1LVT              3     2.052      1.584    fast_vdd1v2 
MX2X1LVT              6    14.364     12.505    fast_vdd1v2 
MXI2XLLVT             1     2.394      1.176    fast_vdd1v2 
NAND2BX1LVT          10    13.680     13.195    fast_vdd1v2 
NAND2X1LVT           79    81.054     47.641    fast_vdd1v2 
NAND3BXLLVT          10    17.100     15.061    fast_vdd1v2 
NAND4XLLVT            9    15.390      8.540    fast_vdd1v2 
NOR2BX1LVT          122   166.896    145.295    fast_vdd1v2 
NOR2X1LVT           122   125.172     70.800    fast_vdd1v2 
OAI211X1LVT          11    18.810     10.078    fast_vdd1v2 
OAI21X1LVT           11    18.810     10.059    fast_vdd1v2 
OAI2BB1X1LVT          3     5.130      3.160    fast_vdd1v2 
OR2X1LVT             11    15.048     15.784    fast_vdd1v2 
XNOR2X1LVT          121   289.674    347.797    fast_vdd1v2 
------------------------------------------------------------
total               845  2424.780   1856.821                


                                           Leakage  Leakage 
     Type      Instances   Area   Area % Power (nW) Power % 
------------------------------------------------------------
sequential           198 1143.306   47.2    778.952    42.0 
inverter               3    2.052    0.1      1.584     0.1 
logic                644 1279.422   52.8   1076.285    58.0 
physical_cells         0    0.000    0.0      0.000     0.0 
------------------------------------------------------------
total                845 2424.780  100.0   1856.821   100.0 

