============================================================
  Generated by:           Genus(TM) Synthesis Solution 21.10-p002_1
  Generated on:           Apr 27 2026  10:06:30 pm
  Module:                 rope_csd_pair
  Technology libraries:   fast_vdd1v2 1.0
                          physical_cells 
                          fast_vdd1v2 1.0
                          physical_cells 
  Operating conditions:   PVT_1P32V_0C 
  Interconnect mode:      global
  Area mode:              physical library
============================================================

Timing
--------

Clock Period 
-------------
clk   2000.0 


  Cost    Critical         Violating 
 Group   Path Slack  TNS     Paths   
-------------------------------------
clk          1353.9   0.0          0 
default    No paths   0.0            
-------------------------------------
Total                 0.0          0 

Instance Count
--------------
Leaf Instance Count             744 
Physical Instance count           0 
Sequential Instance Count       101 
Combinational Instance Count    643 
Hierarchical Instance Count       3 

Area
----
Cell Area                          1903.914
Physical Cell Area                 0.000
Total Cell Area (Cell+Physical)    1903.914
Net Area                           946.702
Total Area (Cell+Physical+Net)     2850.616

Runtime                            0.0 seconds
Elapsed Runtime                    109 seconds
Genus peak memory usage            1591.32 
Innovus peak memory usage          no_value 
Hostname                           redhatacademy19
