============================================================
  Generated by:           Genus(TM) Synthesis Solution 21.10-p002_1
  Generated on:           Apr 22 2026  06:41:36 pm
  Module:                 rope_csd_pair
  Technology libraries:   fast_vdd1v2 1.0
                          physical_cells 
                          fast_vdd1v2 1.0
                          physical_cells 
  Operating conditions:   PVT_1P32V_0C 
  Interconnect mode:      global
  Area mode:              physical library
============================================================

                                    Leakage  
    Gate      Instances    Area   Power (nW)     Library    
------------------------------------------------------------
ADDFX1LVT           141   723.330    494.484    fast_vdd1v2 
ADDHX1LVT            38   142.956    132.552    fast_vdd1v2 
AND2X1                1     1.368      0.194    fast_vdd1v2 
AND2X1LVT            33    45.144     29.580    fast_vdd1v2 
AND3XLLVT             2     4.104      2.026    fast_vdd1v2 
AO21X1LVT             3     7.182      4.582    fast_vdd1v2 
AO22X1LVT            26    71.136     36.443    fast_vdd1v2 
AOI211XLLVT           2     4.104      3.752    fast_vdd1v2 
AOI21X1LVT            2     3.420      1.943    fast_vdd1v2 
AOI221X1LVT          13    31.122     21.173    fast_vdd1v2 
AOI22X1LVT           49   100.548     53.929    fast_vdd1v2 
AOI31X1LVT            3     6.156      1.360    fast_vdd1v2 
CLKXOR2X1LVT         43   117.648    110.398    fast_vdd1v2 
DFFHQX1LVT          106   580.032    394.984    fast_vdd1v2 
DFFQXLLVT            68   372.096    257.510    fast_vdd1v2 
INVX1LVT            106    72.504     74.027    fast_vdd1v2 
INVX2                 8     8.208      1.432    fast_vdd1v2 
INVX2LVT              2     2.052      0.882    fast_vdd1v2 
INVX3LVT              1     1.368      0.649    fast_vdd1v2 
NAND2BX1LVT          45    61.560     53.221    fast_vdd1v2 
NAND2X1               2     2.052      0.248    fast_vdd1v2 
NAND2X1LVT           77    79.002     42.990    fast_vdd1v2 
NAND3BX1LVT           1     2.052      1.276    fast_vdd1v2 
NAND3X1LVT            1     1.710      0.513    fast_vdd1v2 
NOR2BX1LVT          186   254.448    203.703    fast_vdd1v2 
NOR2BX2LVT            1     2.736      1.445    fast_vdd1v2 
NOR2X1LVT            81    83.106     80.238    fast_vdd1v2 
NOR3BX1               1     2.052      0.191    fast_vdd1v2 
OA21X1LVT             3     6.156      3.835    fast_vdd1v2 
OA22X1LVT            13    31.122     15.791    fast_vdd1v2 
OAI211X1LVT          27    46.170     22.368    fast_vdd1v2 
OAI221X1LVT          42   100.548     34.047    fast_vdd1v2 
OAI222X1LVT           1     2.736      0.731    fast_vdd1v2 
OAI22X1LVT           20    41.040      9.311    fast_vdd1v2 
OAI2BB1X1LVT         20    34.200     23.132    fast_vdd1v2 
OR2X1                 2     2.736      0.386    fast_vdd1v2 
OR2X1LVT             18    24.624     21.170    fast_vdd1v2 
OR3X1LVT              2     4.104      2.064    fast_vdd1v2 
XNOR2X1LVT           68   162.792    198.937    fast_vdd1v2 
------------------------------------------------------------
total              1258  3239.424   2337.498                


                                           Leakage  Leakage 
     Type      Instances   Area   Area % Power (nW) Power % 
------------------------------------------------------------
sequential           174  952.128   29.4    652.494    27.9 
inverter             117   84.132    2.6     76.990     3.3 
logic                967 2203.164   68.0   1608.014    68.8 
physical_cells         0    0.000    0.0      0.000     0.0 
------------------------------------------------------------
total               1258 3239.424  100.0   2337.498   100.0 

