============================================================
  Generated by:           Genus(TM) Synthesis Solution 21.10-p002_1
  Generated on:           Apr 22 2026  07:02:58 pm
  Module:                 rope_binary_ud_pair
  Technology libraries:   fast_vdd1v2 1.0
                          physical_cells 
                          fast_vdd1v2 1.0
                          physical_cells 
  Operating conditions:   PVT_1P32V_0C 
  Interconnect mode:      global
  Area mode:              physical library
============================================================

                                    Leakage  
    Gate      Instances    Area   Power (nW)     Library    
------------------------------------------------------------
ADDFX1LVT           110   564.300    392.055    fast_vdd1v2 
AND2X1LVT            34    46.512     37.070    fast_vdd1v2 
AO21X1LVT            10    23.940     13.544    fast_vdd1v2 
BUFX12LVT             4    20.520     23.013    fast_vdd1v2 
CLKBUFX16LVT          7    47.880     53.190    fast_vdd1v2 
CLKBUFX6LVT           1     3.078      3.147    fast_vdd1v2 
CLKINVX4LVT           1     1.710      1.561    fast_vdd1v2 
CLKXOR2X1LVT         37   101.232    101.320    fast_vdd1v2 
DFFHQX1LVT          171   935.712    639.321    fast_vdd1v2 
DFFQXLLVT            67   366.624    254.080    fast_vdd1v2 
DFFTRXLLVT           27   212.382    137.191    fast_vdd1v2 
DFFX1LVT             10    71.820     48.227    fast_vdd1v2 
INVX2                 2     2.052      0.361    fast_vdd1v2 
MX2X1LVT              8    19.152     16.669    fast_vdd1v2 
NAND2BX1LVT          10    13.680     13.549    fast_vdd1v2 
NAND2X1LVT           99   101.574     59.893    fast_vdd1v2 
NAND3BXLLVT          12    20.520     17.972    fast_vdd1v2 
NAND4XLLVT           12    20.520     11.201    fast_vdd1v2 
NOR2BX1LVT          156   213.408    184.619    fast_vdd1v2 
NOR2X1LVT           152   155.952     86.005    fast_vdd1v2 
OAI211X1LVT          12    20.520     10.979    fast_vdd1v2 
OAI21X1LVT           13    22.230     11.914    fast_vdd1v2 
OAI22X1LVT            1     2.052      0.487    fast_vdd1v2 
OAI2BB1X1LVT          3     5.130      3.167    fast_vdd1v2 
OR2X1LVT             14    19.152     20.298    fast_vdd1v2 
XNOR2X1LVT          159   380.646    456.304    fast_vdd1v2 
------------------------------------------------------------
total              1132  3392.298   2597.137                


                                           Leakage  Leakage 
     Type      Instances   Area   Area % Power (nW) Power % 
------------------------------------------------------------
sequential           275 1586.538   46.8   1078.819    41.5 
inverter               3    3.762    0.1      1.922     0.1 
buffer                12   71.478    2.1     79.349     3.1 
logic                842 1730.520   51.0   1437.047    55.3 
physical_cells         0    0.000    0.0      0.000     0.0 
------------------------------------------------------------
total               1132 3392.298  100.0   2597.137   100.0 

