============================================================
  Generated by:           Genus(TM) Synthesis Solution 21.10-p002_1
  Generated on:           Apr 22 2026  07:04:43 pm
  Module:                 rope_binary_ud_pair
  Technology libraries:   fast_vdd1v2 1.0
                          physical_cells 
                          fast_vdd1v2 1.0
                          physical_cells 
  Operating conditions:   PVT_1P32V_0C 
  Interconnect mode:      global
  Area mode:              physical library
============================================================

Timing
--------

Clock Period 
-------------
clk   2000.0 


  Cost    Critical         Violating 
 Group   Path Slack  TNS     Paths   
-------------------------------------
clk          1685.8   0.0          0 
default    No paths   0.0            
-------------------------------------
Total                 0.0          0 

Instance Count
--------------
Leaf Instance Count             1705 
Physical Instance count            0 
Sequential Instance Count        231 
Combinational Instance Count    1474 
Hierarchical Instance Count        1 

Area
----
Cell Area                          6095.936
Physical Cell Area                 0.000
Total Cell Area (Cell+Physical)    6095.936
Net Area                           11.859
Total Area (Cell+Physical+Net)     6107.795

Runtime                            0.0 seconds
Elapsed Runtime                    67 seconds
Genus peak memory usage            1661.35 
Innovus peak memory usage          no_value 
Hostname                           redhatacademy19
