============================================================
  Generated by:           Genus(TM) Synthesis Solution 21.10-p002_1
  Generated on:           Apr 22 2026  06:56:36 pm
  Module:                 rope_binary_ud_pair
  Technology libraries:   fast_vdd1v2 1.0
                          physical_cells 
                          fast_vdd1v2 1.0
                          physical_cells 
  Operating conditions:   PVT_1P32V_0C 
  Interconnect mode:      global
  Area mode:              physical library
============================================================

Timing
--------

Clock Period 
-------------
clk   2000.0 


  Cost    Critical         Violating 
 Group   Path Slack  TNS     Paths   
-------------------------------------
clk          1301.5   0.0          0 
default    No paths   0.0            
-------------------------------------
Total                 0.0          0 

Instance Count
--------------
Leaf Instance Count             1271 
Physical Instance count            0 
Sequential Instance Count        385 
Combinational Instance Count     886 
Hierarchical Instance Count        0 

Area
----
Cell Area                          4646.412
Physical Cell Area                 0.000
Total Cell Area (Cell+Physical)    4646.412
Net Area                           1499.640
Total Area (Cell+Physical+Net)     6146.052

Runtime                            0.0 seconds
Elapsed Runtime                    53 seconds
Genus peak memory usage            1710.97 
Innovus peak memory usage          no_value 
Hostname                           redhatacademy19
