============================================================
  Generated by:           Genus(TM) Synthesis Solution 21.10-p002_1
  Generated on:           Apr 22 2026  06:56:36 pm
  Module:                 rope_binary_ud_pair
  Technology libraries:   fast_vdd1v2 1.0
                          physical_cells 
                          fast_vdd1v2 1.0
                          physical_cells 
  Operating conditions:   PVT_1P32V_0C 
  Interconnect mode:      global
  Area mode:              physical library
============================================================

                                    Leakage  
    Gate      Instances    Area   Power (nW)     Library    
------------------------------------------------------------
ADDFX1LVT           280  1436.400   1004.259    fast_vdd1v2 
AND2X1LVT           195   266.760    195.110    fast_vdd1v2 
CLKXOR2X1LVT          6    16.416     15.787    fast_vdd1v2 
DFFHQX1LVT          290  1586.880   1084.292    fast_vdd1v2 
DFFQXLLVT            74   404.928    280.688    fast_vdd1v2 
DFFTRXLLVT           21   165.186    107.245    fast_vdd1v2 
INVX1LVT              9     6.156      6.303    fast_vdd1v2 
INVX2                 2     2.052      0.360    fast_vdd1v2 
INVX2LVT              1     1.026      0.830    fast_vdd1v2 
NOR2BX1LVT          149   203.832    167.467    fast_vdd1v2 
NOR2X1LVT            20    20.520      8.306    fast_vdd1v2 
XNOR2X1LVT          224   536.256    635.308    fast_vdd1v2 
------------------------------------------------------------
total              1271  4646.412   3505.955                


                                           Leakage  Leakage 
     Type      Instances   Area   Area % Power (nW) Power % 
------------------------------------------------------------
sequential           385 2156.994   46.4   1472.224    42.0 
inverter              12    9.234    0.2      7.494     0.2 
logic                874 2480.184   53.4   2026.237    57.8 
physical_cells         0    0.000    0.0      0.000     0.0 
------------------------------------------------------------
total               1271 4646.412  100.0   3505.955   100.0 

