============================================================
  Generated by:           Genus(TM) Synthesis Solution 21.10-p002_1
  Generated on:           Apr 22 2026  06:51:47 pm
  Module:                 rope_csd_pair
  Technology libraries:   fast_vdd1v2 1.0
                          physical_cells 
                          fast_vdd1v2 1.0
                          physical_cells 
  Operating conditions:   PVT_1P32V_0C 
  Interconnect mode:      global
  Area mode:              physical library
============================================================

Timing
--------

Clock Period 
-------------
clk   2000.0 


  Cost    Critical         Violating 
 Group   Path Slack  TNS     Paths   
-------------------------------------
clk          1439.2   0.0          0 
default    No paths   0.0            
-------------------------------------
Total                 0.0          0 

Instance Count
--------------
Leaf Instance Count             1894 
Physical Instance count            0 
Sequential Instance Count        134 
Combinational Instance Count    1760 
Hierarchical Instance Count        4 

Area
----
Cell Area                          5947.710
Physical Cell Area                 0.000
Total Cell Area (Cell+Physical)    5947.710
Net Area                           13.342
Total Area (Cell+Physical+Net)     5961.052

Runtime                            0.0 seconds
Elapsed Runtime                    33 seconds
Genus peak memory usage            1676.81 
Innovus peak memory usage          no_value 
Hostname                           redhatacademy19
