============================================================
  Generated by:           Genus(TM) Synthesis Solution 21.10-p002_1
  Generated on:           Apr 22 2026  06:51:47 pm
  Module:                 rope_csd_pair
  Technology libraries:   fast_vdd1v2 1.0
                          physical_cells 
                          fast_vdd1v2 1.0
                          physical_cells 
  Operating conditions:   PVT_1P32V_0C 
  Interconnect mode:      global
  Area mode:              physical library
============================================================

                                        Leakage  Leakage 
     Type      Instances  Area Area % Power (nW) Power % 
---------------------------------------------------------
sequential           134 0.000    0.0    549.930    80.7 
inverter               4 0.000    0.0      0.242     0.0 
logic               1756 0.000    0.0    131.236    19.3 
physical_cells         0 0.000    0.0      0.000     0.0 
---------------------------------------------------------
total               1894 0.000    0.0    681.407   100.0 

