

Working Directory = /home/redhatacademy19/Documents/Siddhant/RUN/CSD UD 5 Stages_Multiple Lib_Fast Cells/10
QoS Summary for rope_csd_pair
================================================================================
Metric                          generic         mapped          opt            
================================================================================
Slack (ps):                     1,395           1,210           1,182
  R2R (ps):                     1,492           1,210           1,182
  I2R (ps):                     1,395           1,287           1,287
  R2O (ps):                     1,753           1,767           1,767
  I2O (ps):                  no_value        no_value        no_value
  CG  (ps):                  no_value        no_value        no_value
TNS (ps):                           0               0               0
  R2R (ps):                         0               0               0
  I2R (ps):                         0               0               0
  R2O (ps):                         0               0               0
  I2O (ps):                  no_value        no_value        no_value
  CG  (ps):                  no_value        no_value        no_value
Failing Paths:                      0               0               0
Cell Area:                      7,816           2,949           2,942
Total Cell Area:                7,816           2,949           2,942
Leaf Instances:                 2,512           1,148           1,144
Total Instances:                2,512           1,148           1,144
Utilization (%):                 0.00            0.00            0.00
Tot. Net Length (um):        no_value        no_value        no_value
Avg. Net Length (um):        no_value        no_value        no_value
Route Overflow H (%):        no_value        no_value        no_value
Route Overflow V (%):        no_value        no_value        no_value
MBCI(%) (bits/gate) :            0.00            0.00            0.00
Norm Cong Hotspot Area:
  Max Cong:                  no_value        no_value        no_value
  Tot Cong:                  no_value        no_value        no_value
================================================================================
CPU  Runtime (h:m:s):        00:30:23        00:30:08        00:30:02
Real Runtime (h:m:s):        00:31:07        00:30:07        00:30:02
CPU  Elapsed (h:m:s):        00:30:25        00:30:33        00:30:35
Real Elapsed (h:m:s):        00:31:08        00:31:15        00:31:17
Memory (MB):                  1688.26         1751.50         1720.50
================================================================================
================================================================================
Flow Settings:
================================================================================
Total Runtime (h:m:s): 00:31:16
Total Memory (MB):     1720.50
Executable Version:    21.10-p002_1
================================================================================
Total Cell Area =  Cell Area + Physical Cell Area
Total Instances =  Leaf Instances + Physical Instances


