

Working Directory = /home/redhatacademy19/Documents/Siddhant/RUN/BINARY UD 10 Stages_Multiple Lib_Fast Cells/7
QoS Summary for rope_binary_ud_pair
================================================================================
Metric                          generic        
================================================================================
Slack (ps):                     1,660
  R2R (ps):                     1,660
  I2R (ps):                     1,777
  R2O (ps):                     1,753
  I2O (ps):                  no_value
  CG  (ps):                  no_value
TNS (ps):                           0
  R2R (ps):                         0
  I2R (ps):                         0
  R2O (ps):                         0
  I2O (ps):                  no_value
  CG  (ps):                  no_value
Failing Paths:                      0
Cell Area:                      6,897
Total Cell Area:                6,897
Leaf Instances:                 1,945
Total Instances:                1,945
Utilization (%):                 0.00
Tot. Net Length (um):        no_value
Avg. Net Length (um):        no_value
Route Overflow H (%):        no_value
Route Overflow V (%):        no_value
MBCI(%) (bits/gate) :            0.00
Norm Cong Hotspot Area:
  Max Cong:                  no_value
  Tot Cong:                  no_value
================================================================================
CPU  Runtime (h:m:s):        00:30:12
Real Runtime (h:m:s):        00:30:36
CPU  Elapsed (h:m:s):        00:30:14
Real Elapsed (h:m:s):        00:30:37
Memory (MB):                  1665.43
================================================================================
================================================================================
Flow Settings:
================================================================================
Total Runtime (h:m:s): 00:30:36
Total Memory (MB):     1665.43
Executable Version:    21.10-p002_1
================================================================================
Total Cell Area =  Cell Area + Physical Cell Area
Total Instances =  Leaf Instances + Physical Instances


