============================================================
  Generated by:           Genus(TM) Synthesis Solution 21.10-p002_1
  Generated on:           Apr 22 2026  07:03:33 pm
  Module:                 rope_binary_ud_pair
  Technology libraries:   fast_vdd1v2 1.0
                          physical_cells 
                          fast_vdd1v2 1.0
                          physical_cells 
  Operating conditions:   PVT_1P32V_0C 
  Interconnect mode:      global
  Area mode:              physical library
============================================================

                                        Leakage  Leakage 
     Type      Instances  Area Area % Power (nW) Power % 
---------------------------------------------------------
sequential           253 0.000    0.0   1038.300    86.7 
logic               1692 0.000    0.0    159.238    13.3 
physical_cells         0 0.000    0.0      0.000     0.0 
---------------------------------------------------------
total               1945 0.000    0.0   1197.538   100.0 

