

Working Directory = /home/redhatacademy19/Documents/Siddhant/RUN/7 frac bits/8 stages/csd
QoS Summary for rope_csd_pair
================================================================================
Metric                          generic         mapped         
================================================================================
Slack (ps):                     1,439           1,329
  R2R (ps):                     1,572           1,329
  I2R (ps):                     1,439           1,352
  R2O (ps):                     1,753           1,767
  I2O (ps):                  no_value        no_value
  CG  (ps):                  no_value        no_value
TNS (ps):                           0               0
  R2R (ps):                         0               0
  I2R (ps):                         0               0
  R2O (ps):                         0               0
  I2O (ps):                  no_value        no_value
  CG  (ps):                  no_value        no_value
Failing Paths:                      0               0
Cell Area:                      8,918           3,831
Total Cell Area:                8,918           3,831
Leaf Instances:                 2,710           1,442
Total Instances:                2,710           1,442
Utilization (%):                 0.00            0.00
Tot. Net Length (um):        no_value        no_value
Avg. Net Length (um):        no_value        no_value
Route Overflow H (%):        no_value        no_value
Route Overflow V (%):        no_value        no_value
MBCI(%) (bits/gate) :            0.00            0.00
Norm Cong Hotspot Area:
  Max Cong:                  no_value        no_value
  Tot Cong:                  no_value        no_value
================================================================================
CPU  Runtime (h:m:s):        00:30:26        00:30:08
Real Runtime (h:m:s):        00:31:24        00:30:06
CPU  Elapsed (h:m:s):        00:30:28        00:30:36
Real Elapsed (h:m:s):        00:31:24        00:31:30
Memory (MB):                  1524.29         1590.09
================================================================================
================================================================================
Flow Settings:
================================================================================
Total Runtime (h:m:s): 00:31:30
Total Memory (MB):     1598.09
Executable Version:    21.10-p002_1
================================================================================
Total Cell Area =  Cell Area + Physical Cell Area
Total Instances =  Leaf Instances + Physical Instances


