============================================================
  Generated by:           Genus(TM) Synthesis Solution 21.10-p002_1
  Generated on:           Apr 27 2026  10:14:33 pm
  Module:                 rope_csd_pair
  Technology libraries:   fast_vdd1v2 1.0
                          physical_cells 
                          fast_vdd1v2 1.0
                          physical_cells 
  Operating conditions:   PVT_1P32V_0C 
  Interconnect mode:      global
  Area mode:              physical library
============================================================

        Instance                        Module                 Cell Count  Cell Area  Net Area   Total Area 
------------------------------------------------------------------------------------------------------------
rope_csd_pair                                                        1442   3830.742  1737.536     5568.278 
  core_STAGE[1].stage_i csd_ud_stage_WIDTH9_SHIFT12_SHIFT23           198    457.596   208.970      666.566 
  core_STAGE[2].stage_i csd_ud_stage_WIDTH9_SHIFT14_SHIFT25           173    416.556   181.772      598.328 
  core_STAGE[3].stage_i csd_ud_stage_WIDTH9_SHIFT16_SHIFT27           135    362.178   141.005      503.183 
  core_STAGE[4].stage_i csd_ud_stage_WIDTH9_SHIFT18_SHIFT29           140    321.822   130.665      452.487 
  core_STAGE[5].stage_i csd_ud_stage_WIDTH9_SHIFT110_SHIFT211         140    321.822   130.665      452.487 
  core_STAGE[6].stage_i csd_ud_stage_WIDTH9_SHIFT112_SHIFT213         140    321.822   130.665      452.487 
  core_STAGE[7].stage_i csd_ud_stage_WIDTH9_SHIFT114_SHIFT215         139    316.692   123.785      440.477 
