============================================================
  Generated by:           Genus(TM) Synthesis Solution 21.10-p002_1
  Generated on:           Apr 27 2026  10:14:33 pm
  Module:                 rope_csd_pair
  Technology libraries:   fast_vdd1v2 1.0
                          physical_cells 
                          fast_vdd1v2 1.0
                          physical_cells 
  Operating conditions:   PVT_1P32V_0C 
  Interconnect mode:      global
  Area mode:              physical library
============================================================

Timing
--------

Clock Period 
-------------
clk   2000.0 


  Cost    Critical         Violating 
 Group   Path Slack  TNS     Paths   
-------------------------------------
clk          1329.0   0.0          0 
default    No paths   0.0            
-------------------------------------
Total                 0.0          0 

Instance Count
--------------
Leaf Instance Count             1442 
Physical Instance count            0 
Sequential Instance Count        251 
Combinational Instance Count    1191 
Hierarchical Instance Count        7 

Area
----
Cell Area                          3830.742
Physical Cell Area                 0.000
Total Cell Area (Cell+Physical)    3830.742
Net Area                           1737.536
Total Area (Cell+Physical+Net)     5568.278

Runtime                            0.0 seconds
Elapsed Runtime                    92 seconds
Genus peak memory usage            1598.09 
Innovus peak memory usage          no_value 
Hostname                           redhatacademy19
