============================================================
  Generated by:           Genus(TM) Synthesis Solution 21.10-p002_1
  Generated on:           Apr 22 2026  07:21:38 pm
  Module:                 rope_cordic_pair
  Technology libraries:   fast_vdd1v2 1.0
                          physical_cells 
                          fast_vdd1v2 1.0
                          physical_cells 
  Operating conditions:   PVT_1P32V_0C 
  Interconnect mode:      global
  Area mode:              physical library
============================================================

                                    Leakage  
    Gate      Instances    Area   Power (nW)     Library    
------------------------------------------------------------
ADDFX1LVT            76   389.880    264.430    fast_vdd1v2 
ADDHX1LVT             5    18.810     18.509    fast_vdd1v2 
AND2X1LVT           122   166.896    146.092    fast_vdd1v2 
AND3XLLVT             1     2.052      0.910    fast_vdd1v2 
AND4X1LVT             2     4.788      1.484    fast_vdd1v2 
AO21X1LVT            11    26.334     15.017    fast_vdd1v2 
AOI21X1LVT            6    10.260      5.159    fast_vdd1v2 
AOI221X1LVT           1     2.394      1.222    fast_vdd1v2 
AOI22X1LVT            2     4.104      1.805    fast_vdd1v2 
AOI2BB1X1LVT          1     2.052      1.378    fast_vdd1v2 
CLKXOR2X1LVT         32    87.552     86.863    fast_vdd1v2 
DFFHQX1LVT          151   826.272    572.143    fast_vdd1v2 
DFFQXLLVT            74   404.928    284.914    fast_vdd1v2 
DFFTRXLLVT            6    47.196     31.934    fast_vdd1v2 
DFFX1LVT              5    35.910     24.584    fast_vdd1v2 
INVX1LVT             23    15.732     11.838    fast_vdd1v2 
INVX3LVT              1     1.368      1.732    fast_vdd1v2 
MX2X1LVT             34    81.396     67.098    fast_vdd1v2 
MXI2XLLVT            21    50.274     31.351    fast_vdd1v2 
NAND2BX1LVT          41    56.088     51.973    fast_vdd1v2 
NAND2X1LVT          116   119.016     73.289    fast_vdd1v2 
NAND3BXLLVT          14    23.940     18.474    fast_vdd1v2 
NAND3X1LVT            1     1.710      0.665    fast_vdd1v2 
NAND4XLLVT           12    20.520      8.910    fast_vdd1v2 
NOR2BX1               1     1.368      0.234    fast_vdd1v2 
NOR2BX1LVT           69    94.392     96.928    fast_vdd1v2 
NOR2X1LVT           165   169.290    133.622    fast_vdd1v2 
NOR3BX1LVT            2     4.104      1.984    fast_vdd1v2 
NOR3X1LVT             1     1.710      0.354    fast_vdd1v2 
NOR4BBX1LVT           1     2.736      1.502    fast_vdd1v2 
NOR4X1LVT             2     3.420      1.608    fast_vdd1v2 
OA21X1LVT             3     6.156      3.716    fast_vdd1v2 
OA22X1LVT             1     2.394      1.656    fast_vdd1v2 
OAI211X1LVT          12    20.520     11.271    fast_vdd1v2 
OAI21X1LVT           20    34.200     16.549    fast_vdd1v2 
OAI221X1LVT           1     2.394      1.060    fast_vdd1v2 
OAI22X1LVT           12    24.624     12.595    fast_vdd1v2 
OAI2BB1X1LVT          6    10.260      7.448    fast_vdd1v2 
OAI32X1LVT            1     2.394      1.221    fast_vdd1v2 
OR2X1LVT             16    21.888     19.872    fast_vdd1v2 
OR2XLLVT              1     1.368      1.541    fast_vdd1v2 
OR3XLLVT              1     2.052      1.634    fast_vdd1v2 
OR4X1LVT              2     4.104      2.185    fast_vdd1v2 
XNOR2X1LVT          202   483.588    531.054    fast_vdd1v2 
------------------------------------------------------------
total              1277  3292.434   2569.807                


                                           Leakage  Leakage 
     Type      Instances   Area   Area % Power (nW) Power % 
------------------------------------------------------------
sequential           236 1314.306   39.9    913.575    35.6 
inverter              24   17.100    0.5     13.570     0.5 
logic               1017 1961.028   59.6   1642.662    63.9 
physical_cells         0    0.000    0.0      0.000     0.0 
------------------------------------------------------------
total               1277 3292.434  100.0   2569.807   100.0 

