

Working Directory = /home/redhatacademy19/Documents/Siddhant/RUN/BINARY UD 10 Stages_Multiple Lib_Fast Cells/9
QoS Summary for rope_binary_ud_pair
================================================================================
Metric                          generic        
================================================================================
Slack (ps):                     1,607
  R2R (ps):                     1,607
  I2R (ps):                     1,777
  R2O (ps):                     1,753
  I2O (ps):                  no_value
  CG  (ps):                  no_value
TNS (ps):                           0
  R2R (ps):                         0
  I2R (ps):                         0
  R2O (ps):                         0
  I2O (ps):                  no_value
  CG  (ps):                  no_value
Failing Paths:                      0
Cell Area:                      8,380
Total Cell Area:                8,380
Leaf Instances:                 2,389
Total Instances:                2,389
Utilization (%):                 0.00
Tot. Net Length (um):        no_value
Avg. Net Length (um):        no_value
Route Overflow H (%):        no_value
Route Overflow V (%):        no_value
MBCI(%) (bits/gate) :            0.00
Norm Cong Hotspot Area:
  Max Cong:                  no_value
  Tot Cong:                  no_value
================================================================================
CPU  Runtime (h:m:s):        00:30:13
Real Runtime (h:m:s):        00:30:19
CPU  Elapsed (h:m:s):        00:30:15
Real Elapsed (h:m:s):        00:30:20
Memory (MB):                  1673.89
================================================================================
================================================================================
Flow Settings:
================================================================================
Total Runtime (h:m:s): 00:30:19
Total Memory (MB):     1673.89
Executable Version:    21.10-p002_1
================================================================================
Total Cell Area =  Cell Area + Physical Cell Area
Total Instances =  Leaf Instances + Physical Instances


