============================================================
  Generated by:           Genus(TM) Synthesis Solution 21.10-p002_1
  Generated on:           Apr 22 2026  07:01:52 pm
  Module:                 rope_binary_ud_pair
  Technology libraries:   fast_vdd1v2 1.0
                          physical_cells 
                          fast_vdd1v2 1.0
                          physical_cells 
  Operating conditions:   PVT_1P32V_0C 
  Interconnect mode:      global
  Area mode:              physical library
============================================================

                                        Leakage  Leakage 
     Type      Instances  Area Area % Power (nW) Power % 
---------------------------------------------------------
sequential           297 0.000    0.0   1218.874    85.9 
logic               2092 0.000    0.0    199.615    14.1 
physical_cells         0 0.000    0.0      0.000     0.0 
---------------------------------------------------------
total               2389 0.000    0.0   1418.488   100.0 

