

Working Directory = /home/redhatacademy19/Documents/Siddhant/RUN/CSD UD 5 Stages_Multiple Lib_Fast Cells/10
QoS Summary for rope_csd_pair
================================================================================
Metric                          generic        
================================================================================
Slack (ps):                     1,395
  R2R (ps):                     1,492
  I2R (ps):                     1,395
  R2O (ps):                     1,753
  I2O (ps):                  no_value
  CG  (ps):                  no_value
TNS (ps):                           0
  R2R (ps):                         0
  I2R (ps):                         0
  R2O (ps):                         0
  I2O (ps):                  no_value
  CG  (ps):                  no_value
Failing Paths:                      0
Cell Area:                      7,816
Total Cell Area:                7,816
Leaf Instances:                 2,512
Total Instances:                2,512
Utilization (%):                 0.00
Tot. Net Length (um):        no_value
Avg. Net Length (um):        no_value
Route Overflow H (%):        no_value
Route Overflow V (%):        no_value
MBCI(%) (bits/gate) :            0.00
Norm Cong Hotspot Area:
  Max Cong:                  no_value
  Tot Cong:                  no_value
================================================================================
CPU  Runtime (h:m:s):        00:30:23
Real Runtime (h:m:s):        00:31:07
CPU  Elapsed (h:m:s):        00:30:25
Real Elapsed (h:m:s):        00:31:08
Memory (MB):                  1688.26
================================================================================
================================================================================
Flow Settings:
================================================================================
Total Runtime (h:m:s): 00:31:08
Total Memory (MB):     1688.26
Executable Version:    21.10-p002_1
================================================================================
Total Cell Area =  Cell Area + Physical Cell Area
Total Instances =  Leaf Instances + Physical Instances


