

Working Directory = /home/redhatacademy19/Documents/Siddhant/RUN/STANDARD 10 Stages_Multiple Lib_Fast Cells/9
QoS Summary for rope_cordic_pair
================================================================================
Metric                          generic         mapped          opt            
================================================================================
Slack (ps):                     1,457           1,356           1,346
  R2R (ps):                     1,612           1,499           1,499
  I2R (ps):                     1,457           1,356           1,346
  R2O (ps):                     1,753           1,766           1,766
  I2O (ps):                  no_value        no_value        no_value
  CG  (ps):                  no_value        no_value        no_value
TNS (ps):                           0               0               0
  R2R (ps):                         0               0               0
  I2R (ps):                         0               0               0
  R2O (ps):                         0               0               0
  I2O (ps):                  no_value        no_value        no_value
  CG  (ps):                  no_value        no_value        no_value
Failing Paths:                      0               0               0
Cell Area:                     10,245           4,303           4,299
Total Cell Area:               10,245           4,303           4,299
Leaf Instances:                 3,064           1,644           1,639
Total Instances:                3,064           1,644           1,639
Utilization (%):                 0.00            0.00            0.00
Tot. Net Length (um):        no_value        no_value        no_value
Avg. Net Length (um):        no_value        no_value        no_value
Route Overflow H (%):        no_value        no_value        no_value
Route Overflow V (%):        no_value        no_value        no_value
MBCI(%) (bits/gate) :            0.00            0.00            0.00
Norm Cong Hotspot Area:
  Max Cong:                  no_value        no_value        no_value
  Tot Cong:                  no_value        no_value        no_value
================================================================================
CPU  Runtime (h:m:s):        00:30:20        00:30:09        00:30:02
Real Runtime (h:m:s):        00:31:41        00:30:06        00:30:03
CPU  Elapsed (h:m:s):        00:30:22        00:30:31        00:30:33
Real Elapsed (h:m:s):        00:31:41        00:31:47        00:31:50
Memory (MB):                  1677.84         1743.88         1710.88
================================================================================
================================================================================
Flow Settings:
================================================================================
Total Runtime (h:m:s): 00:31:50
Total Memory (MB):     1710.88
Executable Version:    21.10-p002_1
================================================================================
Total Cell Area =  Cell Area + Physical Cell Area
Total Instances =  Leaf Instances + Physical Instances


