============================================================
  Generated by:           Genus(TM) Synthesis Solution 21.10-p002_1
  Generated on:           Apr 22 2026  06:41:26 pm
  Module:                 rope_csd_pair
  Technology libraries:   fast_vdd1v2 1.0
                          physical_cells 
                          fast_vdd1v2 1.0
                          physical_cells 
  Operating conditions:   PVT_1P32V_0C 
  Interconnect mode:      global
  Area mode:              physical library
============================================================

                                        Leakage  Leakage 
     Type      Instances  Area Area % Power (nW) Power % 
---------------------------------------------------------
sequential           174 0.000    0.0    714.088    77.3 
inverter              13 0.000    0.0      0.786     0.1 
logic               2632 0.000    0.0    208.981    22.6 
physical_cells         0 0.000    0.0      0.000     0.0 
---------------------------------------------------------
total               2819 0.000    0.0    923.854   100.0 

