============================================================
  Generated by:           Genus(TM) Synthesis Solution 21.10-p002_1
  Generated on:           Apr 22 2026  06:41:26 pm
  Module:                 rope_csd_pair
  Technology libraries:   fast_vdd1v2 1.0
                          physical_cells 
                          fast_vdd1v2 1.0
                          physical_cells 
  Operating conditions:   PVT_1P32V_0C 
  Interconnect mode:      global
  Area mode:              physical library
============================================================

                             Instance                                                Module                    Cell Count  Cell Area  Net Area   Total Area 
------------------------------------------------------------------------------------------------------------------------------------------------------------
rope_csd_pair                                                                                                        2819   8673.188    19.272     8692.460 
  core_STAGE[0].stage_i_csa_tree_add_63_27_groupi                 csa_tree_add_63_27_group_12                         131    349.865     0.000      349.865 
  core_STAGE[0].stage_i_csa_tree_minus_42_26_Y_minus_46_26_groupi csa_tree_minus_42_26_Y_minus_46_26_group_10         141    376.573     0.000      376.573 
  core_STAGE[0].stage_i_csa_tree_minus_45_26_Y_minus_41_26_groupi csa_tree_minus_45_26_Y_minus_41_26_group_8          141    376.573     0.000      376.573 
  core_STAGE[0].stage_i_csa_tree_sub_62_27_groupi                 csa_tree_sub_62_27_group_10                         124    331.170     0.000      331.170 
  core_STAGE[1].stage_i                                           csd_ud_stage_WIDTH13_SHIFT12_SHIFT23                595   1762.680     0.000     1762.680 
  core_STAGE[2].stage_i                                           csd_ud_stage_WIDTH13_SHIFT14_SHIFT25                562   1670.540     0.000     1670.540 
    csa_tree_add_63_27_groupi                                     csa_tree_add_63_27_group_12_169                     114    304.463     0.000      304.463 
    csa_tree_sub_62_27_groupi                                     csa_tree_sub_62_27_group_10_187                     122    325.829     0.000      325.829 
  core_STAGE[3].stage_i                                           csd_ud_stage_WIDTH13_SHIFT16_SHIFT27                488   1472.906     0.000     1472.906 
    csa_tree_add_63_27_groupi                                     csa_tree_add_63_27_group_12_168                     111    296.451     0.000      296.451 
    csa_tree_sub_62_27_groupi                                     csa_tree_sub_62_27_group_10_186                     121    323.158     0.000      323.158 
  core_STAGE[4].stage_i                                           csd_ud_stage_WIDTH13_SHIFT18_SHIFT29                431   1320.675     0.000     1320.675 
    csa_tree_add_63_27_groupi                                     csa_tree_add_63_27_group_12_167                     118    315.146     0.000      315.146 
    csa_tree_sub_62_27_groupi                                     csa_tree_sub_62_27_group_10_185                     125    333.841     0.000      333.841 
