

Working Directory = /home/redhatacademy19/Documents/Siddhant/RUN/STANDARD 10 Stages_Multiple Lib_Fast Cells/8
QoS Summary for rope_cordic_pair
================================================================================
Metric                          generic         mapped          opt            
================================================================================
Slack (ps):                     1,482           1,315           1,315
  R2R (ps):                     1,634           1,542           1,536
  I2R (ps):                     1,482           1,315           1,315
  R2O (ps):                     1,753           1,766           1,766
  I2O (ps):                  no_value        no_value        no_value
  CG  (ps):                  no_value        no_value        no_value
TNS (ps):                           0               0               0
  R2R (ps):                         0               0               0
  I2R (ps):                         0               0               0
  R2O (ps):                         0               0               0
  I2O (ps):                  no_value        no_value        no_value
  CG  (ps):                  no_value        no_value        no_value
Failing Paths:                      0               0               0
Cell Area:                      9,015           3,763           3,758
Total Cell Area:                9,015           3,763           3,758
Leaf Instances:                 2,696           1,398           1,395
Total Instances:                2,696           1,398           1,395
Utilization (%):                 0.00            0.00            0.00
Tot. Net Length (um):        no_value        no_value        no_value
Avg. Net Length (um):        no_value        no_value        no_value
Route Overflow H (%):        no_value        no_value        no_value
Route Overflow V (%):        no_value        no_value        no_value
MBCI(%) (bits/gate) :            0.00            0.00            0.00
Norm Cong Hotspot Area:
  Max Cong:                  no_value        no_value        no_value
  Tot Cong:                  no_value        no_value        no_value
================================================================================
CPU  Runtime (h:m:s):        00:30:18        00:30:08        00:30:02
Real Runtime (h:m:s):        00:31:04        00:30:06        00:30:02
CPU  Elapsed (h:m:s):        00:30:20        00:30:28        00:30:30
Real Elapsed (h:m:s):        00:31:05        00:31:11        00:31:13
Memory (MB):                  1677.36         1742.40         1708.39
================================================================================
================================================================================
Flow Settings:
================================================================================
Total Runtime (h:m:s): 00:31:13
Total Memory (MB):     1708.39
Executable Version:    21.10-p002_1
================================================================================
Total Cell Area =  Cell Area + Physical Cell Area
Total Instances =  Leaf Instances + Physical Instances


