============================================================
  Generated by:           Genus(TM) Synthesis Solution 21.10-p002_1
  Generated on:           Apr 27 2026  10:12:52 pm
  Module:                 rope_csd_pair
  Technology libraries:   fast_vdd1v2 1.0
                          physical_cells 
                          fast_vdd1v2 1.0
                          physical_cells 
  Operating conditions:   PVT_1P32V_0C 
  Interconnect mode:      global
  Area mode:              physical library
============================================================

                                    Leakage  
    Gate      Instances    Area   Power (nW)     Library    
------------------------------------------------------------
ADDFX1LVT            71   364.230    248.196    fast_vdd1v2 
ADDHX1LVT            68   255.816    253.022    fast_vdd1v2 
AND2X1LVT            22    30.096     25.020    fast_vdd1v2 
AO21X1LVT            14    33.516     20.972    fast_vdd1v2 
AO22X1LVT             9    24.624     12.848    fast_vdd1v2 
AOI211XLLVT           3     6.156      5.325    fast_vdd1v2 
AOI21X1LVT           20    34.200     17.747    fast_vdd1v2 
AOI221X1LVT          13    31.122     20.136    fast_vdd1v2 
AOI222X1LVT           1     3.078      1.620    fast_vdd1v2 
AOI22X1LVT           31    63.612     33.426    fast_vdd1v2 
CLKXOR2X1LVT         29    79.344     76.955    fast_vdd1v2 
DFFHQX1LVT          100   547.200    378.733    fast_vdd1v2 
DFFQXLLVT            75   410.400    288.654    fast_vdd1v2 
DFFTRXLLVT           34   267.444    179.962    fast_vdd1v2 
INVX1LVT             63    43.092     34.747    fast_vdd1v2 
INVX2                 5     5.130      0.874    fast_vdd1v2 
INVX3LVT              1     1.368      1.732    fast_vdd1v2 
INVXLHVT              1     0.684      0.060    fast_vdd1v2 
MX2X1LVT             15    35.910     30.969    fast_vdd1v2 
MXI2XLLVT             3     7.182      3.970    fast_vdd1v2 
NAND2BX1LVT          40    54.720     48.544    fast_vdd1v2 
NAND2X1               1     1.026      0.149    fast_vdd1v2 
NAND2X1LVT           80    82.080     49.500    fast_vdd1v2 
NAND3BXLLVT          15    25.650     15.614    fast_vdd1v2 
NOR2BX1LVT          105   143.640    145.886    fast_vdd1v2 
NOR2X1LVT           160   164.160    127.664    fast_vdd1v2 
NOR3BX1LVT            8    16.416      8.721    fast_vdd1v2 
OA22X1LVT             1     2.394      1.369    fast_vdd1v2 
OAI211X1LVT          10    17.100      8.985    fast_vdd1v2 
OAI21X1LVT           31    53.010     27.269    fast_vdd1v2 
OAI221X1LVT          14    33.516     12.285    fast_vdd1v2 
OAI222X1LVT           2     5.472      1.929    fast_vdd1v2 
OAI22X1LVT           14    28.728     10.426    fast_vdd1v2 
OAI2BB1X1LVT         39    66.690     47.660    fast_vdd1v2 
OAI31X1LVT            1     2.052      0.738    fast_vdd1v2 
OR2X1LVT             39    53.352     50.089    fast_vdd1v2 
OR3X1LVT              1     2.052      1.783    fast_vdd1v2 
XNOR2X1LVT          119   284.886    318.233    fast_vdd1v2 
------------------------------------------------------------
total              1258  3281.148   2511.813                


                                           Leakage  Leakage 
     Type      Instances   Area   Area % Power (nW) Power % 
------------------------------------------------------------
sequential           209 1225.044   37.3    847.350    33.7 
inverter              70   50.274    1.5     37.414     1.5 
logic                979 2005.830   61.1   1627.050    64.8 
physical_cells         0    0.000    0.0      0.000     0.0 
------------------------------------------------------------
total               1258 3281.148  100.0   2511.813   100.0 

