============================================================
  Generated by:           Genus(TM) Synthesis Solution 21.10-p002_1
  Generated on:           Apr 27 2026  10:12:52 pm
  Module:                 rope_csd_pair
  Technology libraries:   fast_vdd1v2 1.0
                          physical_cells 
                          fast_vdd1v2 1.0
                          physical_cells 
  Operating conditions:   PVT_1P32V_0C 
  Interconnect mode:      global
  Area mode:              physical library
============================================================

        Instance                        Module                 Cell Count  Cell Area  Net Area   Total Area 
------------------------------------------------------------------------------------------------------------
rope_csd_pair                                                        1258   3281.148  1531.931     4813.079 
  core_STAGE[1].stage_i csd_ud_stage_WIDTH9_SHIFT12_SHIFT23           197    452.466   202.089      654.555 
  core_STAGE[2].stage_i csd_ud_stage_WIDTH9_SHIFT14_SHIFT25           172    411.426   174.892      586.318 
  core_STAGE[3].stage_i csd_ud_stage_WIDTH9_SHIFT16_SHIFT27           134    357.048   134.124      491.172 
  core_STAGE[4].stage_i csd_ud_stage_WIDTH9_SHIFT18_SHIFT29           139    316.692   123.785      440.477 
  core_STAGE[5].stage_i csd_ud_stage_WIDTH9_SHIFT110_SHIFT211         139    316.692   123.785      440.477 
  core_STAGE[6].stage_i csd_ud_stage_WIDTH9_SHIFT112_SHIFT213         139    316.692   123.785      440.477 
