============================================================
  Generated by:           Genus(TM) Synthesis Solution 21.10-p002_1
  Generated on:           Apr 27 2026  10:12:52 pm
  Module:                 rope_csd_pair
  Technology libraries:   fast_vdd1v2 1.0
                          physical_cells 
                          fast_vdd1v2 1.0
                          physical_cells 
  Operating conditions:   PVT_1P32V_0C 
  Interconnect mode:      global
  Area mode:              physical library
============================================================

Timing
--------

Clock Period 
-------------
clk   2000.0 


  Cost    Critical         Violating 
 Group   Path Slack  TNS     Paths   
-------------------------------------
clk          1311.0   0.0          0 
default    No paths   0.0            
-------------------------------------
Total                 0.0          0 

Instance Count
--------------
Leaf Instance Count             1258 
Physical Instance count            0 
Sequential Instance Count        209 
Combinational Instance Count    1049 
Hierarchical Instance Count        6 

Area
----
Cell Area                          3281.148
Physical Cell Area                 0.000
Total Cell Area (Cell+Physical)    3281.148
Net Area                           1531.931
Total Area (Cell+Physical+Net)     4813.079

Runtime                            0.0 seconds
Elapsed Runtime                    64 seconds
Genus peak memory usage            1594.22 
Innovus peak memory usage          no_value 
Hostname                           redhatacademy19
