============================================================
  Generated by:           Genus(TM) Synthesis Solution 21.10-p002_1
  Generated on:           Apr 27 2026  10:14:27 pm
  Module:                 rope_csd_pair
  Technology libraries:   fast_vdd1v2 1.0
                          physical_cells 
                          fast_vdd1v2 1.0
                          physical_cells 
  Operating conditions:   PVT_1P32V_0C 
  Interconnect mode:      global
  Area mode:              physical library
============================================================

                                        Leakage  Leakage 
     Type      Instances  Area Area % Power (nW) Power % 
---------------------------------------------------------
sequential           251 0.000    0.0   1030.092    84.9 
inverter               7 0.000    0.0      0.423     0.0 
logic               2452 0.000    0.0    182.868    15.1 
physical_cells         0 0.000    0.0      0.000     0.0 
---------------------------------------------------------
total               2710 0.000    0.0   1213.384   100.0 

