============================================================
  Generated by:           Genus(TM) Synthesis Solution 21.10-p002_1
  Generated on:           Apr 22 2026  07:02:53 pm
  Module:                 rope_binary_ud_pair
  Technology libraries:   fast_vdd1v2 1.0
                          physical_cells 
                          fast_vdd1v2 1.0
                          physical_cells 
  Operating conditions:   PVT_1P32V_0C 
  Interconnect mode:      global
  Area mode:              physical library
============================================================

                                        Leakage  Leakage 
     Type      Instances  Area Area % Power (nW) Power % 
---------------------------------------------------------
sequential           275 0.000    0.0   1128.587    86.2 
logic               1880 0.000    0.0    180.046    13.8 
physical_cells         0 0.000    0.0      0.000     0.0 
---------------------------------------------------------
total               2155 0.000    0.0   1308.633   100.0 

