============================================================
  Generated by:           Genus(TM) Synthesis Solution 21.10-p002_1
  Generated on:           Apr 22 2026  06:43:18 pm
  Module:                 rope_csd_pair
  Technology libraries:   fast_vdd1v2 1.0
                          physical_cells 
                          fast_vdd1v2 1.0
                          physical_cells 
  Operating conditions:   PVT_1P32V_0C 
  Interconnect mode:      global
  Area mode:              physical library
============================================================

                                        Leakage  Leakage 
     Type      Instances  Area Area % Power (nW) Power % 
---------------------------------------------------------
sequential           154 0.000    0.0    632.009    78.8 
inverter               4 0.000    0.0      0.242     0.0 
logic               2095 0.000    0.0    170.143    21.2 
physical_cells         0 0.000    0.0      0.000     0.0 
---------------------------------------------------------
total               2253 0.000    0.0    802.394   100.0 

