============================================================
  Generated by:           Genus(TM) Synthesis Solution 21.10-p002_1
  Generated on:           Apr 22 2026  06:43:18 pm
  Module:                 rope_csd_pair
  Technology libraries:   fast_vdd1v2 1.0
                          physical_cells 
                          fast_vdd1v2 1.0
                          physical_cells 
  Operating conditions:   PVT_1P32V_0C 
  Interconnect mode:      global
  Area mode:              physical library
============================================================

Timing
--------

Clock Period 
-------------
clk   2000.0 


  Cost    Critical         Violating 
 Group   Path Slack  TNS     Paths   
-------------------------------------
clk          1389.4   0.0          0 
default    No paths   0.0            
-------------------------------------
Total                 0.0          0 

Instance Count
--------------
Leaf Instance Count             2253 
Physical Instance count            0 
Sequential Instance Count        154 
Combinational Instance Count    2099 
Hierarchical Instance Count        0 

Area
----
Cell Area                          7040.038
Physical Cell Area                 0.000
Total Cell Area (Cell+Physical)    7040.038
Net Area                           16.307
Total Area (Cell+Physical+Net)     7056.345

Runtime                            0.0 seconds
Elapsed Runtime                    43 seconds
Genus peak memory usage            1681.36 
Innovus peak memory usage          no_value 
Hostname                           redhatacademy19
