============================================================
  Generated by:           Genus(TM) Synthesis Solution 21.10-p002_1
  Generated on:           Apr 22 2026  06:42:26 pm
  Module:                 rope_csd_pair
  Technology libraries:   fast_vdd1v2 1.0
                          physical_cells 
                          fast_vdd1v2 1.0
                          physical_cells 
  Operating conditions:   PVT_1P32V_0C 
  Interconnect mode:      global
  Area mode:              physical library
============================================================

                                        Leakage  Leakage 
     Type      Instances  Area Area % Power (nW) Power % 
---------------------------------------------------------
sequential           164 0.000    0.0    673.048    78.3 
inverter               4 0.000    0.0      0.242     0.0 
logic               2344 0.000    0.0    186.557    21.7 
physical_cells         0 0.000    0.0      0.000     0.0 
---------------------------------------------------------
total               2512 0.000    0.0    859.847   100.0 

