============================================================
  Generated by:           Genus(TM) Synthesis Solution 21.10-p002_1
  Generated on:           Apr 22 2026  06:42:25 pm
  Module:                 rope_csd_pair
  Technology libraries:   fast_vdd1v2 1.0
                          physical_cells 
                          fast_vdd1v2 1.0
                          physical_cells 
  Operating conditions:   PVT_1P32V_0C 
  Interconnect mode:      global
  Area mode:              physical library
============================================================

Timing
--------

Clock Period 
-------------
clk   2000.0 


  Cost    Critical         Violating 
 Group   Path Slack  TNS     Paths   
-------------------------------------
clk          1395.1   0.0          0 
default    No paths   0.0            
-------------------------------------
Total                 0.0          0 

Instance Count
--------------
Leaf Instance Count             2512 
Physical Instance count            0 
Sequential Instance Count        164 
Combinational Instance Count    2348 
Hierarchical Instance Count        8 

Area
----
Cell Area                          7798.524
Physical Cell Area                 0.000
Total Cell Area (Cell+Physical)    7798.524
Net Area                           17.790
Total Area (Cell+Physical+Net)     7816.314

Runtime                            0.0 seconds
Elapsed Runtime                    69 seconds
Genus peak memory usage            1688.26 
Innovus peak memory usage          no_value 
Hostname                           redhatacademy19
