============================================================
  Generated by:           Genus(TM) Synthesis Solution 21.10-p002_1
  Generated on:           Apr 22 2026  06:42:25 pm
  Module:                 rope_csd_pair
  Technology libraries:   fast_vdd1v2 1.0
                          physical_cells 
                          fast_vdd1v2 1.0
                          physical_cells 
  Operating conditions:   PVT_1P32V_0C 
  Interconnect mode:      global
  Area mode:              physical library
============================================================

                             Instance                                                Module                    Cell Count  Cell Area  Net Area   Total Area 
------------------------------------------------------------------------------------------------------------------------------------------------------------
rope_csd_pair                                                                                                        2512   7798.524    17.790     7816.314 
  core_STAGE[0].stage_i_csa_tree_add_63_27_groupi                 csa_tree_add_63_27_group_12                         119    317.817     0.000      317.817 
  core_STAGE[0].stage_i_csa_tree_minus_42_26_Y_minus_46_26_groupi csa_tree_minus_42_26_Y_minus_46_26_group_10         129    344.524     0.000      344.524 
  core_STAGE[0].stage_i_csa_tree_minus_45_26_Y_minus_41_26_groupi csa_tree_minus_45_26_Y_minus_41_26_group_8          129    344.524     0.000      344.524 
  core_STAGE[0].stage_i_csa_tree_sub_62_27_groupi                 csa_tree_sub_62_27_group_10                         113    301.792     0.000      301.792 
  core_STAGE[1].stage_i                                           csd_ud_stage_WIDTH12_SHIFT12_SHIFT23                543   1610.449     0.000     1610.449 
  core_STAGE[2].stage_i                                           csd_ud_stage_WIDTH12_SHIFT14_SHIFT25                503   1503.620     0.000     1503.620 
  core_STAGE[3].stage_i                                           csd_ud_stage_WIDTH12_SHIFT16_SHIFT27                425   1295.303     0.000     1295.303 
  core_STAGE[4].stage_i                                           csd_ud_stage_WIDTH12_SHIFT18_SHIFT29                355   1108.352     0.000     1108.352 
