

Working Directory = /home/redhatacademy19/Documents/Siddhant/RUN/STANDARD 10 Stages_Multiple Lib_Fast Cells/13
QoS Summary for rope_cordic_pair
================================================================================
Metric                          generic        
================================================================================
Slack (ps):                     1,466
  R2R (ps):                     1,595
  I2R (ps):                     1,466
  R2O (ps):                     1,753
  I2O (ps):                  no_value
  CG  (ps):                  no_value
TNS (ps):                           0
  R2R (ps):                         0
  I2R (ps):                         0
  R2O (ps):                         0
  I2O (ps):                  no_value
  CG  (ps):                  no_value
Failing Paths:                      0
Cell Area:                     14,857
Total Cell Area:               14,857
Leaf Instances:                 4,550
Total Instances:                4,550
Utilization (%):                 0.00
Tot. Net Length (um):        no_value
Avg. Net Length (um):        no_value
Route Overflow H (%):        no_value
Route Overflow V (%):        no_value
MBCI(%) (bits/gate) :            0.00
Norm Cong Hotspot Area:
  Max Cong:                  no_value
  Tot Cong:                  no_value
================================================================================
CPU  Runtime (h:m:s):        00:30:22
Real Runtime (h:m:s):        00:31:10
CPU  Elapsed (h:m:s):        00:30:24
Real Elapsed (h:m:s):        00:31:11
Memory (MB):                  1689.50
================================================================================
================================================================================
Flow Settings:
================================================================================
Total Runtime (h:m:s): 00:31:10
Total Memory (MB):     1689.50
Executable Version:    21.10-p002_1
================================================================================
Total Cell Area =  Cell Area + Physical Cell Area
Total Instances =  Leaf Instances + Physical Instances


