============================================================
  Generated by:           Genus(TM) Synthesis Solution 21.10-p002_1
  Generated on:           Apr 22 2026  07:10:50 pm
  Module:                 rope_cordic_pair
  Technology libraries:   fast_vdd1v2 1.0
                          physical_cells 
                          fast_vdd1v2 1.0
                          physical_cells 
  Operating conditions:   PVT_1P32V_0C 
  Interconnect mode:      global
  Area mode:              physical library
============================================================

                    Instance                                    Module                 Cell Count  Cell Area  Net Area   Total Area 
------------------------------------------------------------------------------------------------------------------------------------
rope_cordic_pair                                                                             4550  14834.556    22.237    14856.793 
  rot_STAGE[0].stage_inst_add_18_15             add_signed_20                                 126    336.512     0.000      336.512 
  rot_STAGE[0].stage_inst_sub_22_15_Y_sub_19_15 sub_signed_21                                 125    333.841     0.000      333.841 
  rot_STAGE[1].stage_inst                       cordic_standard_stage_W15_I1_ATAN1899         466   1243.224     0.000     1243.224 
    ADD_TC_CI_OP                                add_signed_carry_204                          132    352.536     0.000      352.536 
    ADD_TC_CI_OP5                               add_signed_carry_2181                         132    352.536     0.000      352.536 
  rot_STAGE[2].stage_inst                       cordic_standard_stage_W15_I2_ATAN1003         457   1219.187     0.000     1219.187 
    ADD_TC_CI_OP                                add_signed_carry_203                          133    355.207     0.000      355.207 
    ADD_TC_CI_OP5                               add_signed_carry_1880                         133    355.207     0.000      355.207 
  rot_STAGE[3].stage_inst_ADD_TC_CI_OP          add_signed_carry_202                          133    355.207     0.000      355.207 
  rot_STAGE[3].stage_inst_ADD_TC_CI_OP5         add_signed_carry_1586                         133    355.207     0.000      355.207 
  rot_STAGE[4].stage_inst_ADD_TC_CI_OP          add_signed_carry_201                          134    357.877     0.000      357.877 
  rot_STAGE[4].stage_inst_ADD_TC_CI_OP5         add_signed_carry_1293                         136    363.219     0.000      363.219 
  rot_STAGE[5].stage_inst_ADD_TC_CI_OP          add_signed_carry_200                          134    357.877     0.000      357.877 
  rot_STAGE[5].stage_inst_ADD_TC_CI_OP5         add_signed_carry_999                          136    363.219     0.000      363.219 
  rot_STAGE[6].stage_inst_ADD_TC_CI_OP          add_signed_carry_199                          136    363.219     0.000      363.219 
  rot_STAGE[6].stage_inst_ADD_TC_CI_OP5         add_signed_carry_705                          136    363.219     0.000      363.219 
  rot_STAGE[7].stage_inst_ADD_TC_CI_OP          add_signed_carry_198                          136    363.219     0.000      363.219 
  rot_STAGE[7].stage_inst_ADD_TC_CI_OP5         add_signed_carry_411                          136    363.219     0.000      363.219 
  rot_STAGE[8].stage_inst_ADD_TC_CI_OP          add_signed_carry_197                          137    365.890     0.000      365.890 
  rot_STAGE[8].stage_inst_ADD_TC_CI_OP5         add_signed_carry_116                          137    365.890     0.000      365.890 
  rot_STAGE[9].stage_inst_ADD_TC_CI_OP          add_signed_carry                              137    365.890     0.000      365.890 
  rot_STAGE[9].stage_inst_ADD_TC_CI_OP21        add_signed_carry_11                           137    365.890     0.000      365.890 
