============================================================
  Generated by:           Genus(TM) Synthesis Solution 21.10-p002_1
  Generated on:           Apr 22 2026  07:10:50 pm
  Module:                 rope_cordic_pair
  Technology libraries:   fast_vdd1v2 1.0
                          physical_cells 
                          fast_vdd1v2 1.0
                          physical_cells 
  Operating conditions:   PVT_1P32V_0C 
  Interconnect mode:      global
  Area mode:              physical library
============================================================

Timing
--------

Clock Period 
-------------
clk   2000.0 


  Cost    Critical         Violating 
 Group   Path Slack  TNS     Paths   
-------------------------------------
clk          1465.9   0.0          0 
default    No paths   0.0            
-------------------------------------
Total                 0.0          0 

Instance Count
--------------
Leaf Instance Count             4550 
Physical Instance count            0 
Sequential Instance Count        405 
Combinational Instance Count    4145 
Hierarchical Instance Count       22 

Area
----
Cell Area                          14834.556
Physical Cell Area                 0.000
Total Cell Area (Cell+Physical)    14834.556
Net Area                           22.237
Total Area (Cell+Physical+Net)     14856.793

Runtime                            0.0 seconds
Elapsed Runtime                    73 seconds
Genus peak memory usage            1689.50 
Innovus peak memory usage          no_value 
Hostname                           redhatacademy19
