============================================================
  Generated by:           Genus(TM) Synthesis Solution 21.10-p002_1
  Generated on:           Apr 22 2026  07:11:49 pm
  Module:                 rope_cordic_pair
  Technology libraries:   fast_vdd1v2 1.0
                          physical_cells 
                          fast_vdd1v2 1.0
                          physical_cells 
  Operating conditions:   PVT_1P32V_0C 
  Interconnect mode:      global
  Area mode:              physical library
============================================================

                Instance                        Module         Cell Count  Cell Area  Net Area   Total Area 
------------------------------------------------------------------------------------------------------------
rope_cordic_pair                                                     4023  13266.839    20.754    13287.593 
  rot_STAGE[1].stage_inst_ADD_TC_CI_OP  add_signed_carry_204          118    315.146     0.000      315.146 
  rot_STAGE[1].stage_inst_ADD_TC_CI_OP5 add_signed_carry_2196         118    315.146     0.000      315.146 
  rot_STAGE[2].stage_inst_ADD_TC_CI_OP  add_signed_carry_203          118    315.146     0.000      315.146 
  rot_STAGE[2].stage_inst_ADD_TC_CI_OP5 add_signed_carry_1894         118    315.146     0.000      315.146 
  rot_STAGE[3].stage_inst_ADD_TC_CI_OP  add_signed_carry_202          121    323.158     0.000      323.158 
  rot_STAGE[3].stage_inst_ADD_TC_CI_OP5 add_signed_carry_1598         121    323.158     0.000      323.158 
  rot_STAGE[4].stage_inst_ADD_TC_CI_OP  add_signed_carry_201          121    323.158     0.000      323.158 
  rot_STAGE[4].stage_inst_ADD_TC_CI_OP5 add_signed_carry_1303         121    323.158     0.000      323.158 
