============================================================
  Generated by:           Genus(TM) Synthesis Solution 21.10-p002_1
  Generated on:           Apr 22 2026  07:11:50 pm
  Module:                 rope_cordic_pair
  Technology libraries:   fast_vdd1v2 1.0
                          physical_cells 
                          fast_vdd1v2 1.0
                          physical_cells 
  Operating conditions:   PVT_1P32V_0C 
  Interconnect mode:      global
  Area mode:              physical library
============================================================

                                        Leakage  Leakage 
     Type      Instances  Area Area % Power (nW) Power % 
---------------------------------------------------------
sequential           380 0.000    0.0   1559.502    83.0 
inverter              11 0.000    0.0      0.665     0.0 
logic               3632 0.000    0.0    319.372    17.0 
physical_cells         0 0.000    0.0      0.000     0.0 
---------------------------------------------------------
total               4023 0.000    0.0   1879.539   100.0 

