

Working Directory = /home/redhatacademy19/Documents/Siddhant/RUN/CSD UD 5 Stages_Multiple Lib_Fast Cells/6
QoS Summary for rope_csd_pair
================================================================================
Metric                          generic        
================================================================================
Slack (ps):                     1,487
  R2R (ps):                     1,619
  I2R (ps):                     1,487
  R2O (ps):                     1,753
  I2O (ps):                  no_value
  CG  (ps):                  no_value
TNS (ps):                           0
  R2R (ps):                         0
  I2R (ps):                         0
  R2O (ps):                         0
  I2O (ps):                  no_value
  CG  (ps):                  no_value
Failing Paths:                      0
Cell Area:                      5,196
Total Cell Area:                5,196
Leaf Instances:                 1,633
Total Instances:                1,633
Utilization (%):                 0.00
Tot. Net Length (um):        no_value
Avg. Net Length (um):        no_value
Route Overflow H (%):        no_value
Route Overflow V (%):        no_value
MBCI(%) (bits/gate) :            0.00
Norm Cong Hotspot Area:
  Max Cong:                  no_value
  Tot Cong:                  no_value
================================================================================
CPU  Runtime (h:m:s):        00:30:17
Real Runtime (h:m:s):        00:30:45
CPU  Elapsed (h:m:s):        00:30:19
Real Elapsed (h:m:s):        00:30:46
Memory (MB):                  1675.16
================================================================================
================================================================================
Flow Settings:
================================================================================
Total Runtime (h:m:s): 00:30:45
Total Memory (MB):     1675.16
Executable Version:    21.10-p002_1
================================================================================
Total Cell Area =  Cell Area + Physical Cell Area
Total Instances =  Leaf Instances + Physical Instances


