============================================================
  Generated by:           Genus(TM) Synthesis Solution 21.10-p002_1
  Generated on:           Apr 22 2026  07:22:36 pm
  Module:                 rope_cordic_pair
  Technology libraries:   fast_vdd1v2 1.0
                          physical_cells 
                          fast_vdd1v2 1.0
                          physical_cells 
  Operating conditions:   PVT_1P32V_0C 
  Interconnect mode:      global
  Area mode:              physical library
============================================================

                                    Leakage  
    Gate      Instances    Area   Power (nW)     Library    
------------------------------------------------------------
ADDFX1LVT            67   343.710    233.012    fast_vdd1v2 
ADDHX1LVT             6    22.572     22.210    fast_vdd1v2 
AND2X1LVT           122   166.896    147.240    fast_vdd1v2 
AO21X1LVT            13    31.122     17.889    fast_vdd1v2 
AOI21X1LVT            4     6.840      4.167    fast_vdd1v2 
AOI22X1LVT            3     6.156      2.684    fast_vdd1v2 
AOI2BB1X1LVT          1     2.052      1.179    fast_vdd1v2 
CLKXOR2X1LVT         34    93.024     91.353    fast_vdd1v2 
DFFHQX1LVT          135   738.720    511.527    fast_vdd1v2 
DFFQXLLVT            58   317.376    223.327    fast_vdd1v2 
DFFTRXLLVT            5    39.330     26.624    fast_vdd1v2 
DFFX1LVT              5    35.910     24.528    fast_vdd1v2 
INVX1LVT             10     6.840      5.102    fast_vdd1v2 
INVX3LVT              1     1.368      1.732    fast_vdd1v2 
MX2X1LVT             30    71.820     59.189    fast_vdd1v2 
MXI2XLLVT            13    31.122     18.997    fast_vdd1v2 
NAND2BX1LVT          21    28.728     27.037    fast_vdd1v2 
NAND2X1LVT           87    89.262     54.750    fast_vdd1v2 
NAND3BXLLVT           6    10.260      6.073    fast_vdd1v2 
NAND3X1LVT            2     3.420      1.328    fast_vdd1v2 
NAND4BX1LVT           1     2.394      0.866    fast_vdd1v2 
NAND4XLLVT            2     3.420      1.050    fast_vdd1v2 
NOR2BX1               1     1.368      0.187    fast_vdd1v2 
NOR2BX1LVT           66    90.288     92.694    fast_vdd1v2 
NOR2X1LVT           108   110.808     84.507    fast_vdd1v2 
NOR3BX1LVT            1     2.052      0.900    fast_vdd1v2 
NOR4X1LVT             2     3.420      2.556    fast_vdd1v2 
OA21X1LVT             7    14.364      9.527    fast_vdd1v2 
OAI211X1LVT          23    39.330     21.205    fast_vdd1v2 
OAI21X1LVT           15    25.650     12.291    fast_vdd1v2 
OAI22X1LVT           10    20.520      9.816    fast_vdd1v2 
OAI2BB1X1LVT          6    10.260      7.669    fast_vdd1v2 
OAI31X1LVT            1     2.052      0.840    fast_vdd1v2 
OAI32X1LVT            1     2.394      1.287    fast_vdd1v2 
OR2X1LVT             18    24.624     22.896    fast_vdd1v2 
OR3X1LVT              1     2.052      1.380    fast_vdd1v2 
OR3XLLVT              2     4.104      3.436    fast_vdd1v2 
OR4X1LVT              2     4.104      2.187    fast_vdd1v2 
XNOR2X1LVT          163   390.222    429.519    fast_vdd1v2 
------------------------------------------------------------
total              1053  2799.954   2184.762                


                                           Leakage  Leakage 
     Type      Instances   Area   Area % Power (nW) Power % 
------------------------------------------------------------
sequential           203 1131.336   40.4    786.005    36.0 
inverter              11    8.208    0.3      6.835     0.3 
logic                839 1660.410   59.3   1391.923    63.7 
physical_cells         0    0.000    0.0      0.000     0.0 
------------------------------------------------------------
total               1053 2799.954  100.0   2184.762   100.0 

