============================================================
  Generated by:           Genus(TM) Synthesis Solution 21.10-p002_1
  Generated on:           Apr 22 2026  07:19:50 pm
  Module:                 rope_cordic_pair
  Technology libraries:   fast_vdd1v2 1.0
                          physical_cells 
                          fast_vdd1v2 1.0
                          physical_cells 
  Operating conditions:   PVT_1P32V_0C 
  Interconnect mode:      global
  Area mode:              physical library
============================================================

                                    Leakage  
    Gate      Instances    Area   Power (nW)     Library    
------------------------------------------------------------
ADDFX1LVT           102   523.260    354.942    fast_vdd1v2 
ADDHX1LVT             9    33.858     33.317    fast_vdd1v2 
AND2X1LVT           145   198.360    173.231    fast_vdd1v2 
AND3XLLVT             2     4.104      2.063    fast_vdd1v2 
AO21X1LVT             7    16.758     10.074    fast_vdd1v2 
AO22X1LVT             1     2.736      1.448    fast_vdd1v2 
AOI21X1LVT            7    11.970      6.339    fast_vdd1v2 
AOI221X1LVT           1     2.394      1.211    fast_vdd1v2 
AOI22X1LVT            5    10.260      4.496    fast_vdd1v2 
AOI2BB1X1LVT          1     2.052      1.337    fast_vdd1v2 
AOI31X1LVT            1     2.052      0.949    fast_vdd1v2 
AOI32X1LVT            1     2.394      0.995    fast_vdd1v2 
CLKINVX6LVT           1     2.394      3.275    fast_vdd1v2 
CLKXOR2X1LVT         33    90.288     89.276    fast_vdd1v2 
DFFHQX1LVT          203  1110.816    769.061    fast_vdd1v2 
DFFQX4LVT             1     7.182      5.020    fast_vdd1v2 
DFFQXLLVT            83   454.176    319.580    fast_vdd1v2 
DFFTRX2LVT            1     8.208      5.893    fast_vdd1v2 
DFFTRXLLVT           11    86.526     58.407    fast_vdd1v2 
DFFX1LVT              9    64.638     44.207    fast_vdd1v2 
INVX1LVT             12     8.208      5.798    fast_vdd1v2 
INVX2                 4     4.104      0.717    fast_vdd1v2 
MX2X1LVT             43   102.942     84.683    fast_vdd1v2 
MXI2XLLVT            24    57.456     34.853    fast_vdd1v2 
NAND2BX1              4     5.472      0.808    fast_vdd1v2 
NAND2BX1LVT          45    61.560     56.065    fast_vdd1v2 
NAND2X1LVT          144   147.744     90.771    fast_vdd1v2 
NAND3BXLLVT          15    25.650     18.323    fast_vdd1v2 
NAND4BX1LVT           2     4.788      1.696    fast_vdd1v2 
NAND4XLLVT           11    18.810      6.591    fast_vdd1v2 
NOR2BX1LVT          129   176.472    176.293    fast_vdd1v2 
NOR2X1LVT           193   198.018    156.842    fast_vdd1v2 
NOR3BX1LVT            2     4.104      2.049    fast_vdd1v2 
NOR3X1LVT             1     1.710      0.318    fast_vdd1v2 
NOR4BBX1LVT           1     2.736      1.589    fast_vdd1v2 
NOR4X1LVT             4     6.840      3.862    fast_vdd1v2 
OA21X1LVT             8    16.416     10.843    fast_vdd1v2 
OA22X1LVT             1     2.394      1.523    fast_vdd1v2 
OAI211X1LVT          24    41.040     22.758    fast_vdd1v2 
OAI21X1LVT           14    23.940     10.576    fast_vdd1v2 
OAI221X1LVT           1     2.394      1.060    fast_vdd1v2 
OAI22X1LVT           10    20.520      9.240    fast_vdd1v2 
OAI2BB1X1LVT          6    10.260      7.138    fast_vdd1v2 
OAI31X1LVT            1     2.052      0.838    fast_vdd1v2 
OAI32X1LVT            3     7.182      3.701    fast_vdd1v2 
OR2X1LVT             41    56.088     51.153    fast_vdd1v2 
OR2XLLVT              1     1.368      1.542    fast_vdd1v2 
OR3XLLVT              3     6.156      4.941    fast_vdd1v2 
OR4X1LVT              4     8.208      4.280    fast_vdd1v2 
XNOR2X1LVT          269   643.986    722.536    fast_vdd1v2 
------------------------------------------------------------
total              1644  4303.044   3378.510                


                                           Leakage  Leakage 
     Type      Instances   Area   Area % Power (nW) Power % 
------------------------------------------------------------
sequential           308 1731.546   40.2   1202.167    35.6 
inverter              17   14.706    0.3      9.791     0.3 
logic               1319 2556.792   59.4   2166.552    64.1 
physical_cells         0    0.000    0.0      0.000     0.0 
------------------------------------------------------------
total               1644 4303.044  100.0   3378.510   100.0 

