============================================================
  Generated by:           Genus(TM) Synthesis Solution 21.10-p002_1
  Generated on:           Apr 22 2026  06:56:33 pm
  Module:                 rope_binary_ud_pair
  Technology libraries:   fast_vdd1v2 1.0
                          physical_cells 
                          fast_vdd1v2 1.0
                          physical_cells 
  Operating conditions:   PVT_1P32V_0C 
  Interconnect mode:      global
  Area mode:              physical library
============================================================

                                    Leakage  
    Gate      Instances    Area   Power (nW)     Library    
------------------------------------------------------------
ADDFX1LVT           280  1436.400   1004.259    fast_vdd1v2 
AND2X1LVT           195   266.760    195.110    fast_vdd1v2 
CLKXOR2X1LVT          6    16.416     15.787    fast_vdd1v2 
DFFHQX1LVT          290  1586.880   1084.292    fast_vdd1v2 
DFFQXLLVT            74   404.928    280.688    fast_vdd1v2 
DFFTRX2LVT            1     8.208      5.486    fast_vdd1v2 
DFFTRXLLVT           20   157.320    102.296    fast_vdd1v2 
INVX1LVT              9     6.156      6.303    fast_vdd1v2 
INVX2                14    14.364      2.600    fast_vdd1v2 
INVX2LVT              1     1.026      0.830    fast_vdd1v2 
INVX3LVT              3     4.104      3.569    fast_vdd1v2 
NOR2BX1LVT          149   203.832    167.467    fast_vdd1v2 
NOR2X1LVT            20    20.520      8.306    fast_vdd1v2 
XNOR2X1LVT          224   536.256    635.308    fast_vdd1v2 
------------------------------------------------------------
total              1286  4663.170   3512.301                


                                           Leakage  Leakage 
     Type      Instances   Area   Area % Power (nW) Power % 
------------------------------------------------------------
sequential           385 2157.336   46.3   1472.762    41.9 
inverter              27   25.650    0.6     13.303     0.4 
logic                874 2480.184   53.2   2026.237    57.7 
physical_cells         0    0.000    0.0      0.000     0.0 
------------------------------------------------------------
total               1286 4663.170  100.0   3512.301   100.0 

