

Working Directory = /home/redhatacademy19/Documents/Siddhant/RUN/7 frac bits/7 stages
QoS Summary for rope_csd_pair
================================================================================
Metric                          generic        
================================================================================
Slack (ps):                     1,439
  R2R (ps):                     1,572
  I2R (ps):                     1,439
  R2O (ps):                     1,753
  I2O (ps):                  no_value
  CG  (ps):                  no_value
TNS (ps):                           0
  R2R (ps):                         0
  I2R (ps):                         0
  R2O (ps):                         0
  I2O (ps):                  no_value
  CG  (ps):                  no_value
Failing Paths:                      0
Cell Area:                      7,904
Total Cell Area:                7,904
Leaf Instances:                 2,435
Total Instances:                2,435
Utilization (%):                 0.00
Tot. Net Length (um):        no_value
Avg. Net Length (um):        no_value
Route Overflow H (%):        no_value
Route Overflow V (%):        no_value
MBCI(%) (bits/gate) :            0.00
Norm Cong Hotspot Area:
  Max Cong:                  no_value
  Tot Cong:                  no_value
================================================================================
CPU  Runtime (h:m:s):        00:30:23
Real Runtime (h:m:s):        00:30:56
CPU  Elapsed (h:m:s):        00:30:25
Real Elapsed (h:m:s):        00:30:57
Memory (MB):                  1521.87
================================================================================
================================================================================
Flow Settings:
================================================================================
Total Runtime (h:m:s): 00:30:56
Total Memory (MB):     1521.87
Executable Version:    21.10-p002_1
================================================================================
Total Cell Area =  Cell Area + Physical Cell Area
Total Instances =  Leaf Instances + Physical Instances


