============================================================
  Generated by:           Genus(TM) Synthesis Solution 21.10-p002_1
  Generated on:           Apr 27 2026  10:12:46 pm
  Module:                 rope_csd_pair
  Technology libraries:   fast_vdd1v2 1.0
                          physical_cells 
                          fast_vdd1v2 1.0
                          physical_cells 
  Operating conditions:   PVT_1P32V_0C 
  Interconnect mode:      global
  Area mode:              physical library
============================================================

        Instance                        Module                 Cell Count  Cell Area  Net Area   Total Area 
------------------------------------------------------------------------------------------------------------
rope_csd_pair                                                        2435   7890.664    13.342     7904.007 
  core_STAGE[1].stage_i csd_ud_stage_WIDTH9_SHIFT12_SHIFT23           432   1273.937     0.000     1273.937 
  core_STAGE[2].stage_i csd_ud_stage_WIDTH9_SHIFT14_SHIFT25           378   1129.718     0.000     1129.718 
  core_STAGE[3].stage_i csd_ud_stage_WIDTH9_SHIFT16_SHIFT27           318    969.474     0.000      969.474 
  core_STAGE[4].stage_i csd_ud_stage_WIDTH9_SHIFT18_SHIFT29           243    769.170     0.000      769.170 
  core_STAGE[5].stage_i csd_ud_stage_WIDTH9_SHIFT110_SHIFT211         243    769.170     0.000      769.170 
  core_STAGE[6].stage_i csd_ud_stage_WIDTH9_SHIFT112_SHIFT213         243    769.170     0.000      769.170 
