============================================================
  Generated by:           Genus(TM) Synthesis Solution 21.10-p002_1
  Generated on:           Apr 27 2026  10:12:46 pm
  Module:                 rope_csd_pair
  Technology libraries:   fast_vdd1v2 1.0
                          physical_cells 
                          fast_vdd1v2 1.0
                          physical_cells 
  Operating conditions:   PVT_1P32V_0C 
  Interconnect mode:      global
  Area mode:              physical library
============================================================

                                        Leakage  Leakage 
     Type      Instances  Area Area % Power (nW) Power % 
---------------------------------------------------------
sequential           209 0.000    0.0    857.726    83.8 
inverter               6 0.000    0.0      0.363     0.0 
logic               2220 0.000    0.0    165.658    16.2 
physical_cells         0 0.000    0.0      0.000     0.0 
---------------------------------------------------------
total               2435 0.000    0.0   1023.746   100.0 

