

Working Directory = /home/redhatacademy19/Documents/Siddhant/RUN/STANDARD 10 Stages_Multiple Lib_Fast Cells/8
QoS Summary for rope_cordic_pair
================================================================================
Metric                          generic        
================================================================================
Slack (ps):                     1,482
  R2R (ps):                     1,634
  I2R (ps):                     1,482
  R2O (ps):                     1,753
  I2O (ps):                  no_value
  CG  (ps):                  no_value
TNS (ps):                           0
  R2R (ps):                         0
  I2R (ps):                         0
  R2O (ps):                         0
  I2O (ps):                  no_value
  CG  (ps):                  no_value
Failing Paths:                      0
Cell Area:                      9,015
Total Cell Area:                9,015
Leaf Instances:                 2,696
Total Instances:                2,696
Utilization (%):                 0.00
Tot. Net Length (um):        no_value
Avg. Net Length (um):        no_value
Route Overflow H (%):        no_value
Route Overflow V (%):        no_value
MBCI(%) (bits/gate) :            0.00
Norm Cong Hotspot Area:
  Max Cong:                  no_value
  Tot Cong:                  no_value
================================================================================
CPU  Runtime (h:m:s):        00:30:18
Real Runtime (h:m:s):        00:31:04
CPU  Elapsed (h:m:s):        00:30:20
Real Elapsed (h:m:s):        00:31:05
Memory (MB):                  1677.36
================================================================================
================================================================================
Flow Settings:
================================================================================
Total Runtime (h:m:s): 00:31:05
Total Memory (MB):     1677.36
Executable Version:    21.10-p002_1
================================================================================
Total Cell Area =  Cell Area + Physical Cell Area
Total Instances =  Leaf Instances + Physical Instances


