============================================================
  Generated by:           Genus(TM) Synthesis Solution 21.10-p002_1
  Generated on:           Apr 22 2026  07:11:58 pm
  Module:                 rope_cordic_pair
  Technology libraries:   fast_vdd1v2 1.0
                          physical_cells 
                          fast_vdd1v2 1.0
                          physical_cells 
  Operating conditions:   PVT_1P32V_0C 
  Interconnect mode:      global
  Area mode:              physical library
============================================================

                                    Leakage  
    Gate      Instances    Area   Power (nW)     Library    
------------------------------------------------------------
ADDFX1LVT           180   923.400    626.096    fast_vdd1v2 
ADDHX1LVT            18    67.716     66.632    fast_vdd1v2 
AND2X1LVT            61    83.448     69.215    fast_vdd1v2 
AND3XLLVT             1     2.052      0.835    fast_vdd1v2 
AND4X1LVT             2     4.788      1.504    fast_vdd1v2 
AO21X1LVT             5    11.970      7.547    fast_vdd1v2 
AOI21X1LVT            9    15.390      7.724    fast_vdd1v2 
AOI221X1LVT           3     7.182      3.204    fast_vdd1v2 
AOI22X1LVT            3     6.156      2.706    fast_vdd1v2 
AOI2BB1X1LVT          3     6.156      4.276    fast_vdd1v2 
AOI2BB2X1LVT          2     6.840      4.059    fast_vdd1v2 
AOI32X1LVT            1     2.394      1.029    fast_vdd1v2 
BUFX12LVT             2    10.260      8.879    fast_vdd1v2 
BUFX3LVT              1     2.052      1.425    fast_vdd1v2 
BUFX6LVT              1     3.078      2.584    fast_vdd1v2 
BUFX8LVT              1     3.762      3.026    fast_vdd1v2 
CLKBUFX16LVT          7    47.880     40.734    fast_vdd1v2 
CLKXOR2X1LVT         26    71.136     71.767    fast_vdd1v2 
DFFHQX1LVT          269  1471.968   1019.149    fast_vdd1v2 
DFFQX4LVT             4    28.728     20.412    fast_vdd1v2 
DFFQXLLVT            84   459.648    323.452    fast_vdd1v2 
DFFTRXLLVT            4    31.464     21.218    fast_vdd1v2 
DFFX1LVT             19   136.458     93.140    fast_vdd1v2 
INVX1LVT             50    34.200     25.122    fast_vdd1v2 
INVX2                 5     5.130      0.898    fast_vdd1v2 
INVX3LVT              2     2.736      2.798    fast_vdd1v2 
MX2X1LVT             49   117.306     96.288    fast_vdd1v2 
MXI2XLLVT            23    55.062     32.905    fast_vdd1v2 
NAND2BX1              1     1.368      0.211    fast_vdd1v2 
NAND2BX1LVT          43    58.824     54.980    fast_vdd1v2 
NAND2X1LVT           94    96.444     59.102    fast_vdd1v2 
NAND3BXLLVT          27    46.170     31.198    fast_vdd1v2 
NAND3X1LVT            7    11.970      4.326    fast_vdd1v2 
NAND4BX1LVT           3     7.182      3.746    fast_vdd1v2 
NAND4XLLVT            4     6.840      2.067    fast_vdd1v2 
NOR2BX1LVT          205   280.440    290.688    fast_vdd1v2 
NOR2X1LVT           252   258.552    214.860    fast_vdd1v2 
NOR3X1LVT             5     8.550      1.995    fast_vdd1v2 
NOR4BX1LVT            1     2.394      1.062    fast_vdd1v2 
NOR4X1LVT             2     3.420      0.748    fast_vdd1v2 
OA21X1LVT            13    26.676     17.065    fast_vdd1v2 
OAI211X1LVT          15    25.650     13.534    fast_vdd1v2 
OAI21X1LVT           34    58.140     26.994    fast_vdd1v2 
OAI221X1LVT           2     4.788      2.020    fast_vdd1v2 
OAI22X1LVT           15    30.780     13.371    fast_vdd1v2 
OAI2BB1X1LVT         19    32.490     23.269    fast_vdd1v2 
OAI32X1LVT            3     7.182      3.626    fast_vdd1v2 
OR2X1LVT             23    31.464     29.286    fast_vdd1v2 
OR3X1LVT              2     4.104      2.153    fast_vdd1v2 
OR4X1LVT              3     6.156      3.271    fast_vdd1v2 
XNOR2X1LVT          344   823.536    936.217    fast_vdd1v2 
------------------------------------------------------------
total              1952  5451.480   4294.412                


                                           Leakage  Leakage 
     Type      Instances   Area   Area % Power (nW) Power % 
------------------------------------------------------------
sequential           380 2128.266   39.0   1477.372    34.4 
inverter              57   42.066    0.8     28.817     0.7 
buffer                12   67.032    1.2     56.647     1.3 
logic               1503 3214.116   59.0   2731.576    63.6 
physical_cells         0    0.000    0.0      0.000     0.0 
------------------------------------------------------------
total               1952 5451.480  100.0   4294.412   100.0 

