

Working Directory = /home/redhatacademy19/Documents/Siddhant/RUN/7 frac bits/7 stages
QoS Summary for rope_csd_pair
================================================================================
Metric                          generic         mapped          opt            
================================================================================
Slack (ps):                     1,439           1,311           1,313
  R2R (ps):                     1,572           1,311           1,313
  I2R (ps):                     1,439           1,330           1,330
  R2O (ps):                     1,753           1,767           1,767
  I2O (ps):                  no_value        no_value        no_value
  CG  (ps):                  no_value        no_value        no_value
TNS (ps):                           0               0               0
  R2R (ps):                         0               0               0
  I2R (ps):                         0               0               0
  R2O (ps):                         0               0               0
  I2O (ps):                  no_value        no_value        no_value
  CG  (ps):                  no_value        no_value        no_value
Failing Paths:                      0               0               0
Cell Area:                      7,904           3,281           3,278
Total Cell Area:                7,904           3,281           3,278
Leaf Instances:                 2,435           1,258           1,257
Total Instances:                2,435           1,258           1,257
Utilization (%):                 0.00            0.00            0.00
Tot. Net Length (um):        no_value        no_value        no_value
Avg. Net Length (um):        no_value        no_value        no_value
Route Overflow H (%):        no_value        no_value        no_value
Route Overflow V (%):        no_value        no_value        no_value
MBCI(%) (bits/gate) :            0.00            0.00            0.00
Norm Cong Hotspot Area:
  Max Cong:                  no_value        no_value        no_value
  Tot Cong:                  no_value        no_value        no_value
================================================================================
CPU  Runtime (h:m:s):        00:30:23        00:30:07        00:30:02
Real Runtime (h:m:s):        00:30:56        00:30:06        00:30:02
CPU  Elapsed (h:m:s):        00:30:25        00:30:32        00:30:34
Real Elapsed (h:m:s):        00:30:57        00:31:03        00:31:05
Memory (MB):                  1521.87         1586.21         1553.21
================================================================================
================================================================================
Flow Settings:
================================================================================
Total Runtime (h:m:s): 00:31:04
Total Memory (MB):     1553.21
Executable Version:    21.10-p002_1
================================================================================
Total Cell Area =  Cell Area + Physical Cell Area
Total Instances =  Leaf Instances + Physical Instances


