============================================================
  Generated by:           Genus(TM) Synthesis Solution 21.10-p002_1
  Generated on:           Apr 22 2026  06:44:23 pm
  Module:                 rope_csd_pair
  Technology libraries:   fast_vdd1v2 1.0
                          physical_cells 
                          fast_vdd1v2 1.0
                          physical_cells 
  Operating conditions:   PVT_1P32V_0C 
  Interconnect mode:      global
  Area mode:              physical library
============================================================

                                    Leakage  
    Gate      Instances    Area   Power (nW)     Library    
------------------------------------------------------------
ADDFX1LVT            82   420.660    292.818    fast_vdd1v2 
ADDHX1LVT            65   244.530    230.111    fast_vdd1v2 
AND2X1                1     1.368      0.185    fast_vdd1v2 
AND2X1LVT             8    10.944      7.703    fast_vdd1v2 
AND3XLLVT             1     2.052      1.652    fast_vdd1v2 
AO21X1LVT            13    31.122     20.398    fast_vdd1v2 
AO22X1LVT            12    32.832     16.787    fast_vdd1v2 
AOI21X1LVT           16    27.360     18.304    fast_vdd1v2 
AOI221X1LVT          19    45.486     32.176    fast_vdd1v2 
AOI222X1LVT           2     6.156      3.352    fast_vdd1v2 
AOI22X1LVT           41    84.132     44.452    fast_vdd1v2 
CLKXOR2X1LVT         16    43.776     41.912    fast_vdd1v2 
DFFHQX1LVT           78   426.816    290.427    fast_vdd1v2 
DFFQXLLVT            64   350.208    242.030    fast_vdd1v2 
DFFTRXLLVT            1     7.866      5.324    fast_vdd1v2 
DFFX1LVT              1     7.182      4.851    fast_vdd1v2 
INVX1LVT             65    44.460     38.685    fast_vdd1v2 
MX2X1LVT              4     9.576      9.725    fast_vdd1v2 
NAND2BX1LVT          18    24.624     22.621    fast_vdd1v2 
NAND2X1               1     1.026      0.148    fast_vdd1v2 
NAND2X1LVT           74    75.924     43.780    fast_vdd1v2 
NAND3BXLLVT           6    10.260      7.306    fast_vdd1v2 
NOR2BX1LVT          124   169.632    136.455    fast_vdd1v2 
NOR2X1LVT            82    84.132     52.247    fast_vdd1v2 
NOR3BX1LVT            5    10.260      5.841    fast_vdd1v2 
OA22X1LVT             4     9.576      5.521    fast_vdd1v2 
OAI211X1LVT          15    25.650     12.192    fast_vdd1v2 
OAI21X1LVT           14    23.940     12.427    fast_vdd1v2 
OAI221X1LVT          16    38.304     12.897    fast_vdd1v2 
OAI222X1LVT           1     2.736      0.732    fast_vdd1v2 
OAI22X1LVT           13    26.676      6.920    fast_vdd1v2 
OAI2BB1X1LVT         30    51.300     36.034    fast_vdd1v2 
OAI31X1LVT            1     2.052      0.666    fast_vdd1v2 
OR2X1LVT             26    35.568     32.952    fast_vdd1v2 
OR3X1LVT              2     4.104      4.444    fast_vdd1v2 
XNOR2X1LVT           89   213.066    249.923    fast_vdd1v2 
------------------------------------------------------------
total              1010  2605.356   1943.995                


                                           Leakage  Leakage 
     Type      Instances   Area   Area % Power (nW) Power % 
------------------------------------------------------------
sequential           144  792.072   30.4    542.631    27.9 
inverter              65   44.460    1.7     38.685     2.0 
logic                801 1768.824   67.9   1362.680    70.1 
physical_cells         0    0.000    0.0      0.000     0.0 
------------------------------------------------------------
total               1010 2605.356  100.0   1943.995   100.0 

