

Working Directory = /home/redhatacademy19/Documents/Siddhant/RUN/BINARY UD 10 Stages_Multiple Lib_Fast Cells/12
QoS Summary for rope_binary_ud_pair
================================================================================
Metric                          generic         mapped         
================================================================================
Slack (ps):                     1,527           1,357
  R2R (ps):                     1,527           1,357
  I2R (ps):                     1,777           1,723
  R2O (ps):                     1,753           1,766
  I2O (ps):                  no_value        no_value
  CG  (ps):                  no_value        no_value
TNS (ps):                           0               0
  R2R (ps):                         0               0
  I2R (ps):                         0               0
  R2O (ps):                         0               0
  I2O (ps):                  no_value        no_value
  CG  (ps):                  no_value        no_value
Failing Paths:                      0               0
Cell Area:                     11,167           4,423
Total Cell Area:               11,167           4,423
Leaf Instances:                 3,271           1,212
Total Instances:                3,271           1,212
Utilization (%):                 0.00            0.00
Tot. Net Length (um):        no_value        no_value
Avg. Net Length (um):        no_value        no_value
Route Overflow H (%):        no_value        no_value
Route Overflow V (%):        no_value        no_value
MBCI(%) (bits/gate) :            0.00            0.00
Norm Cong Hotspot Area:
  Max Cong:                  no_value        no_value
  Tot Cong:                  no_value        no_value
================================================================================
CPU  Runtime (h:m:s):        00:30:15        00:30:10
Real Runtime (h:m:s):        00:31:48        00:30:08
CPU  Elapsed (h:m:s):        00:30:17        00:30:28
Real Elapsed (h:m:s):        00:31:49        00:31:57
Memory (MB):                  1675.29         1740.89
================================================================================
================================================================================
Flow Settings:
================================================================================
Total Runtime (h:m:s): 00:31:56
Total Memory (MB):     1748.89
Executable Version:    21.10-p002_1
================================================================================
Total Cell Area =  Cell Area + Physical Cell Area
Total Instances =  Leaf Instances + Physical Instances


