============================================================
  Generated by:           Genus(TM) Synthesis Solution 21.10-p002_1
  Generated on:           Apr 22 2026  06:58:13 pm
  Module:                 rope_binary_ud_pair
  Technology libraries:   fast_vdd1v2 1.0
                          physical_cells 
                          fast_vdd1v2 1.0
                          physical_cells 
  Operating conditions:   PVT_1P32V_0C 
  Interconnect mode:      global
  Area mode:              physical library
============================================================

Timing
--------

Clock Period 
-------------
clk   2000.0 


  Cost    Critical         Violating 
 Group   Path Slack  TNS     Paths   
-------------------------------------
clk          1526.8   0.0          0 
default    No paths   0.0            
-------------------------------------
Total                 0.0          0 

Instance Count
--------------
Leaf Instance Count             3271 
Physical Instance count            0 
Sequential Instance Count        363 
Combinational Instance Count    2908 
Hierarchical Instance Count       20 

Area
----
Cell Area                          11146.281
Physical Cell Area                 0.000
Total Cell Area (Cell+Physical)    11146.281
Net Area                           20.755
Total Area (Cell+Physical+Net)     11167.036

Runtime                            0.0 seconds
Elapsed Runtime                    111 seconds
Genus peak memory usage            1675.29 
Innovus peak memory usage          no_value 
Hostname                           redhatacademy19
