============================================================
  Generated by:           Genus(TM) Synthesis Solution 21.10-p002_1
  Generated on:           Apr 22 2026  06:58:13 pm
  Module:                 rope_binary_ud_pair
  Technology libraries:   fast_vdd1v2 1.0
                          physical_cells 
                          fast_vdd1v2 1.0
                          physical_cells 
  Operating conditions:   PVT_1P32V_0C 
  Interconnect mode:      global
  Area mode:              physical library
============================================================

         Instance                 Module         Cell Count  Cell Area  Net Area   Total Area 
----------------------------------------------------------------------------------------------
rope_binary_ud_pair                                    3271  11146.281    20.754    11167.036 
  rotator_ADD_TC_CI_OP    add_signed_carry              127    339.182     0.000      339.182 
  rotator_ADD_TC_CI_OP21  add_signed_carry_1051         127    339.182     0.000      339.182 
  rotator_ADD_TC_CI_OP246 add_signed_carry_153          127    339.182     0.000      339.182 
  rotator_ADD_TC_CI_OP247 add_signed_carry_937          127    339.182     0.000      339.182 
  rotator_ADD_TC_CI_OP259 add_signed_carry_152          122    325.829     0.000      325.829 
  rotator_ADD_TC_CI_OP260 add_signed_carry_823          122    325.829     0.000      325.829 
  rotator_ADD_TC_CI_OP274 add_signed_carry_151          122    325.829     0.000      325.829 
  rotator_ADD_TC_CI_OP275 add_signed_carry_709          122    325.829     0.000      325.829 
  rotator_ADD_TC_CI_OP291 add_signed_carry_150          121    323.158     0.000      323.158 
  rotator_ADD_TC_CI_OP292 add_signed_carry_595          121    323.158     0.000      323.158 
  rotator_ADD_TC_CI_OP310 add_signed_carry_149          121    323.158     0.000      323.158 
  rotator_ADD_TC_CI_OP311 add_signed_carry_481          121    323.158     0.000      323.158 
  rotator_ADD_TC_CI_OP331 add_signed_carry_148          115    307.134     0.000      307.134 
  rotator_ADD_TC_CI_OP332 add_signed_carry_367          115    307.134     0.000      307.134 
  rotator_ADD_TC_CI_OP354 add_signed_carry_147          115    307.134     0.000      307.134 
  rotator_ADD_TC_CI_OP355 add_signed_carry_253          115    307.134     0.000      307.134 
  rotator_ADD_TC_CI_OP379 add_signed_carry_146          112    299.121     0.000      299.121 
  rotator_ADD_TC_CI_OP380 add_signed_carry_139          112    299.121     0.000      299.121 
  rotator_ADD_TC_CI_OP406 add_signed_carry_145          112    299.121     0.000      299.121 
  rotator_ADD_TC_CI_OP407 add_signed_carry_11           112    299.121     0.000      299.121 
