============================================================
  Generated by:           Genus(TM) Synthesis Solution 21.10-p002_1
  Generated on:           Apr 22 2026  06:58:13 pm
  Module:                 rope_binary_ud_pair
  Technology libraries:   fast_vdd1v2 1.0
                          physical_cells 
                          fast_vdd1v2 1.0
                          physical_cells 
  Operating conditions:   PVT_1P32V_0C 
  Interconnect mode:      global
  Area mode:              physical library
============================================================

                                        Leakage  Leakage 
     Type      Instances  Area Area % Power (nW) Power % 
---------------------------------------------------------
sequential           363 0.000    0.0   1489.735    84.0 
inverter              10 0.000    0.0      0.605     0.0 
logic               2898 0.000    0.0    282.337    15.9 
physical_cells         0 0.000    0.0      0.000     0.0 
---------------------------------------------------------
total               3271 0.000    0.0   1772.676   100.0 

