============================================================
  Generated by:           Genus(TM) Synthesis Solution 21.10-p002_1
  Generated on:           Apr 22 2026  07:03:40 pm
  Module:                 rope_binary_ud_pair
  Technology libraries:   fast_vdd1v2 1.0
                          physical_cells 
                          fast_vdd1v2 1.0
                          physical_cells 
  Operating conditions:   PVT_1P32V_0C 
  Interconnect mode:      global
  Area mode:              physical library
============================================================

Timing
--------

Clock Period 
-------------
clk   2000.0 


  Cost    Critical         Violating 
 Group   Path Slack  TNS     Paths   
-------------------------------------
clk          1584.0   0.0          0 
default    No paths   0.0            
-------------------------------------
Total                 0.0          0 

Instance Count
--------------
Leaf Instance Count             1089 
Physical Instance count            0 
Sequential Instance Count        253 
Combinational Instance Count     836 
Hierarchical Instance Count        1 

Area
----
Cell Area                          3068.424
Physical Cell Area                 0.000
Total Cell Area (Cell+Physical)    3068.424
Net Area                           1238.822
Total Area (Cell+Physical+Net)     4307.246

Runtime                            0.0 seconds
Elapsed Runtime                    46 seconds
Genus peak memory usage            1701.36 
Innovus peak memory usage          no_value 
Hostname                           redhatacademy19
