============================================================
  Generated by:           Genus(TM) Synthesis Solution 21.10-p002_1
  Generated on:           Apr 27 2026  10:14:35 pm
  Module:                 rope_csd_pair
  Technology libraries:   fast_vdd1v2 1.0
                          physical_cells 
                          fast_vdd1v2 1.0
                          physical_cells 
  Operating conditions:   PVT_1P32V_0C 
  Interconnect mode:      global
  Area mode:              physical library
============================================================

                                    Leakage  
    Gate      Instances    Area   Power (nW)     Library    
------------------------------------------------------------
ADDFX1LVT            78   400.140    272.432    fast_vdd1v2 
ADDHX1LVT            72   270.864    268.052    fast_vdd1v2 
AND2X1LVT            26    35.568     29.818    fast_vdd1v2 
AO21X1LVT            14    33.516     21.057    fast_vdd1v2 
AO22X1LVT             9    24.624     12.848    fast_vdd1v2 
AOI211XLLVT           4     8.208      7.100    fast_vdd1v2 
AOI21X1LVT           23    39.330     19.784    fast_vdd1v2 
AOI221X1LVT          13    31.122     20.136    fast_vdd1v2 
AOI222X1LVT           1     3.078      1.620    fast_vdd1v2 
AOI22X1LVT           31    63.612     33.426    fast_vdd1v2 
CLKXOR2X1LVT         35    95.760     92.615    fast_vdd1v2 
DFFHQX1LVT          114   623.808    431.825    fast_vdd1v2 
DFFQXLLVT            92   503.424    354.071    fast_vdd1v2 
DFFTRXLLVT           45   353.970    238.102    fast_vdd1v2 
INVX1LVT             74    50.616     40.405    fast_vdd1v2 
INVX2                 1     1.026      0.192    fast_vdd1v2 
MX2X1LVT             20    47.880     41.271    fast_vdd1v2 
MXI2XLLVT             4     9.576      5.277    fast_vdd1v2 
NAND2BX1LVT          48    65.664     58.081    fast_vdd1v2 
NAND2X1               1     1.026      0.149    fast_vdd1v2 
NAND2X1LVT           88    90.288     54.584    fast_vdd1v2 
NAND3BXLLVT          20    34.200     20.771    fast_vdd1v2 
NOR2BX1LVT          117   160.056    161.424    fast_vdd1v2 
NOR2X1LVT           187   191.862    151.350    fast_vdd1v2 
NOR3BX1LVT           10    20.520     10.902    fast_vdd1v2 
OA22X1LVT             1     2.394      1.369    fast_vdd1v2 
OAI211X1LVT          10    17.100      8.985    fast_vdd1v2 
OAI21X1LVT           38    64.980     33.428    fast_vdd1v2 
OAI221X1LVT          14    33.516     12.285    fast_vdd1v2 
OAI222X1LVT           2     5.472      1.929    fast_vdd1v2 
OAI22X1LVT           15    30.780     11.378    fast_vdd1v2 
OAI2BB1X1LVT         47    80.370     57.345    fast_vdd1v2 
OAI31X1LVT            1     2.052      0.738    fast_vdd1v2 
OR2X1LVT             45    61.560     57.747    fast_vdd1v2 
OR3X1LVT              1     2.052      1.783    fast_vdd1v2 
XNOR2X1LVT          129   308.826    344.843    fast_vdd1v2 
------------------------------------------------------------
total              1430  3768.840   2879.123                


                                           Leakage  Leakage 
     Type      Instances   Area   Area % Power (nW) Power % 
------------------------------------------------------------
sequential           251 1481.202   39.3   1023.999    35.6 
inverter              75   51.642    1.4     40.597     1.4 
logic               1104 2235.996   59.3   1814.527    63.0 
physical_cells         0    0.000    0.0      0.000     0.0 
------------------------------------------------------------
total               1430 3768.840  100.0   2879.123   100.0 

