============================================================
  Generated by:           Genus(TM) Synthesis Solution 21.10-p002_1
  Generated on:           Apr 27 2026  10:14:35 pm
  Module:                 rope_csd_pair
  Technology libraries:   fast_vdd1v2 1.0
                          physical_cells 
                          fast_vdd1v2 1.0
                          physical_cells 
  Operating conditions:   PVT_1P32V_0C 
  Interconnect mode:      global
  Area mode:              physical library
============================================================

Timing
--------

Clock Period 
-------------
clk   2000.0 


  Cost    Critical         Violating 
 Group   Path Slack  TNS     Paths   
-------------------------------------
clk          1331.4   0.0          0 
default    No paths   0.0            
-------------------------------------
Total                 0.0          0 

Instance Count
--------------
Leaf Instance Count             1430 
Physical Instance count            0 
Sequential Instance Count        251 
Combinational Instance Count    1179 
Hierarchical Instance Count        7 

Area
----
Cell Area                          3768.840
Physical Cell Area                 0.000
Total Cell Area (Cell+Physical)    3768.840
Net Area                           1728.642
Total Area (Cell+Physical+Net)     5497.482

Runtime                            0.0 seconds
Elapsed Runtime                    94 seconds
Genus peak memory usage            1557.08 
Innovus peak memory usage          no_value 
Hostname                           redhatacademy19
