============================================================
  Generated by:           Genus(TM) Synthesis Solution 21.10-p002_1
  Generated on:           Apr 22 2026  06:42:32 pm
  Module:                 rope_csd_pair
  Technology libraries:   fast_vdd1v2 1.0
                          physical_cells 
                          fast_vdd1v2 1.0
                          physical_cells 
  Operating conditions:   PVT_1P32V_0C 
  Interconnect mode:      global
  Area mode:              physical library
============================================================

                                    Leakage  
    Gate      Instances    Area   Power (nW)     Library    
------------------------------------------------------------
ADDFX1LVT           109   559.170    381.045    fast_vdd1v2 
ADDHX1LVT            32   120.384    113.423    fast_vdd1v2 
AND2X1                1     1.368      0.194    fast_vdd1v2 
AND2X1LVT            32    43.776     29.240    fast_vdd1v2 
AND3XLLVT             2     4.104      2.441    fast_vdd1v2 
AO21X1LVT             6    14.364      8.904    fast_vdd1v2 
AO22X1LVT            26    71.136     36.542    fast_vdd1v2 
AOI211XLLVT           2     4.104      3.793    fast_vdd1v2 
AOI21X1LVT           13    22.230     13.684    fast_vdd1v2 
AOI221X1LVT          27    64.638     48.331    fast_vdd1v2 
AOI222X1LVT           3     9.234      5.070    fast_vdd1v2 
AOI22X1LVT           48    98.496     52.157    fast_vdd1v2 
CLKXOR2X1LVT         38   103.968     97.561    fast_vdd1v2 
DFFHQX1LVT           97   530.784    361.401    fast_vdd1v2 
DFFQXLLVT            67   366.624    253.664    fast_vdd1v2 
INVX1LVT             68    46.512     40.948    fast_vdd1v2 
INVX2                 7     7.182      1.266    fast_vdd1v2 
NAND2BX1LVT          33    45.144     40.527    fast_vdd1v2 
NAND2X1               1     1.026      0.151    fast_vdd1v2 
NAND2X1LVT           72    73.872     42.609    fast_vdd1v2 
NAND3BXLLVT           8    13.680     12.448    fast_vdd1v2 
NAND3X1LVT            3     5.130      2.174    fast_vdd1v2 
NOR2BX1LVT          158   216.144    173.879    fast_vdd1v2 
NOR2BX2LVT            1     2.736      1.445    fast_vdd1v2 
NOR2X1LVT            75    76.950     62.349    fast_vdd1v2 
NOR2X2LVT             1     1.710      0.702    fast_vdd1v2 
NOR3BX1LVT            1     2.052      1.168    fast_vdd1v2 
NOR3X1LVT             1     1.710      2.233    fast_vdd1v2 
OA22X1LVT             5    11.970      5.959    fast_vdd1v2 
OAI211X1LVT           8    13.680      6.694    fast_vdd1v2 
OAI21X1LVT            7    11.970      4.318    fast_vdd1v2 
OAI221X1LVT          18    43.092     14.023    fast_vdd1v2 
OAI222X1LVT           1     2.736      0.731    fast_vdd1v2 
OAI22X1LVT           25    51.300     16.290    fast_vdd1v2 
OAI2BB1X1LVT         49    83.790     55.084    fast_vdd1v2 
OAI31X1LVT            3     6.156      3.206    fast_vdd1v2 
OR2X1LVT             23    31.464     28.361    fast_vdd1v2 
XNOR2X1LVT           77   184.338    217.775    fast_vdd1v2 
------------------------------------------------------------
total              1148  2948.724   2141.789                


                                           Leakage  Leakage 
     Type      Instances   Area   Area % Power (nW) Power % 
------------------------------------------------------------
sequential           164  897.408   30.4    615.066    28.7 
inverter              75   53.694    1.8     42.214     2.0 
logic                909 1997.622   67.7   1484.510    69.3 
physical_cells         0    0.000    0.0      0.000     0.0 
------------------------------------------------------------
total               1148 2948.724  100.0   2141.789   100.0 

