

Working Directory = /home/redhatacademy19/Documents/Siddhant/RUN/STANDARD 10 Stages_Multiple Lib_Fast Cells/13
QoS Summary for rope_cordic_pair
================================================================================
Metric                          generic         mapped          opt            
================================================================================
Slack (ps):                     1,466           1,249           1,246
  R2R (ps):                     1,595           1,354           1,333
  I2R (ps):                     1,466           1,249           1,246
  R2O (ps):                     1,753           1,766           1,766
  I2O (ps):                  no_value        no_value        no_value
  CG  (ps):                  no_value        no_value        no_value
TNS (ps):                           0               0               0
  R2R (ps):                         0               0               0
  I2R (ps):                         0               0               0
  R2O (ps):                         0               0               0
  I2O (ps):                  no_value        no_value        no_value
  CG  (ps):                  no_value        no_value        no_value
Failing Paths:                      0               0               0
Cell Area:                     14,857           5,610           5,510
Total Cell Area:               14,857           5,610           5,510
Leaf Instances:                 4,550           1,768           1,720
Total Instances:                4,550           1,768           1,720
Utilization (%):                 0.00            0.00            0.00
Tot. Net Length (um):        no_value        no_value        no_value
Avg. Net Length (um):        no_value        no_value        no_value
Route Overflow H (%):        no_value        no_value        no_value
Route Overflow V (%):        no_value        no_value        no_value
MBCI(%) (bits/gate) :            0.00            0.00            0.00
Norm Cong Hotspot Area:
  Max Cong:                  no_value        no_value        no_value
  Tot Cong:                  no_value        no_value        no_value
================================================================================
CPU  Runtime (h:m:s):        00:30:22        00:30:14        00:30:03
Real Runtime (h:m:s):        00:31:10        00:30:10        00:30:03
CPU  Elapsed (h:m:s):        00:30:24        00:30:38        00:30:41
Real Elapsed (h:m:s):        00:31:11        00:31:21        00:31:24
Memory (MB):                  1689.50         1755.46         1722.46
================================================================================
================================================================================
Flow Settings:
================================================================================
Total Runtime (h:m:s): 00:31:23
Total Memory (MB):     1722.46
Executable Version:    21.10-p002_1
================================================================================
Total Cell Area =  Cell Area + Physical Cell Area
Total Instances =  Leaf Instances + Physical Instances


