============================================================
  Generated by:           Genus(TM) Synthesis Solution 21.10-p002_1
  Generated on:           Apr 22 2026  07:11:03 pm
  Module:                 rope_cordic_pair
  Technology libraries:   fast_vdd1v2 1.0
                          physical_cells 
                          fast_vdd1v2 1.0
                          physical_cells 
  Operating conditions:   PVT_1P32V_0C 
  Interconnect mode:      global
  Area mode:              physical library
============================================================

Timing
--------

Clock Period 
-------------
clk   2000.0 


  Cost    Critical         Violating 
 Group   Path Slack  TNS     Paths   
-------------------------------------
clk          1246.3   0.0          0 
default    No paths   0.0            
-------------------------------------
Total                 0.0          0 

Instance Count
--------------
Leaf Instance Count             1720 
Physical Instance count            0 
Sequential Instance Count        405 
Combinational Instance Count    1315 
Hierarchical Instance Count        0 

Area
----
Cell Area                          5509.962
Physical Cell Area                 0.000
Total Cell Area (Cell+Physical)    5509.962
Net Area                           2070.082
Total Area (Cell+Physical+Net)     7580.044

Runtime                            0.0 seconds
Elapsed Runtime                    86 seconds
Genus peak memory usage            1722.46 
Innovus peak memory usage          no_value 
Hostname                           redhatacademy19
