============================================================
  Generated by:           Genus(TM) Synthesis Solution 21.10-p002_1
  Generated on:           Apr 22 2026  06:52:48 pm
  Module:                 rope_csd_pair
  Technology libraries:   fast_vdd1v2 1.0
                          physical_cells 
                          fast_vdd1v2 1.0
                          physical_cells 
  Operating conditions:   PVT_1P32V_0C 
  Interconnect mode:      global
  Area mode:              physical library
============================================================

                                    Leakage  
    Gate      Instances    Area   Power (nW)     Library    
------------------------------------------------------------
ADDFX1LVT            55   282.150    197.046    fast_vdd1v2 
ADDHX1LVT            48   180.576    170.446    fast_vdd1v2 
AND2X1LVT             7     9.576      7.829    fast_vdd1v2 
AO21X1LVT            11    26.334     17.555    fast_vdd1v2 
AO22X1LVT             9    24.624     12.940    fast_vdd1v2 
AOI211XLLVT           1     2.052      1.844    fast_vdd1v2 
AOI21X1LVT           13    22.230     14.266    fast_vdd1v2 
AOI221X1LVT          14    33.516     22.603    fast_vdd1v2 
AOI222X1LVT           1     3.078      1.676    fast_vdd1v2 
AOI22X1LVT           25    51.300     26.276    fast_vdd1v2 
AOI2BB1X1LVT          1     2.052      1.906    fast_vdd1v2 
CLKXOR2X1LVT         14    38.304     35.961    fast_vdd1v2 
DFFHQX1LVT           62   339.264    230.776    fast_vdd1v2 
DFFQXLLVT            60   328.320    226.904    fast_vdd1v2 
DFFTRXLLVT            1     7.866      5.324    fast_vdd1v2 
DFFX1LVT              1     7.182      4.851    fast_vdd1v2 
INVX1LVT             51    34.884     29.784    fast_vdd1v2 
MX2X1LVT              6    14.364     12.764    fast_vdd1v2 
MXI2XLLVT             2     4.788      3.594    fast_vdd1v2 
NAND2BX1LVT          16    21.888     20.526    fast_vdd1v2 
NAND2X1               1     1.026      0.148    fast_vdd1v2 
NAND2X1LVT           54    55.404     33.104    fast_vdd1v2 
NAND3BXLLVT           5     8.550      5.662    fast_vdd1v2 
NOR2BX1LVT          100   136.800    110.469    fast_vdd1v2 
NOR2X1LVT            79    81.054     47.085    fast_vdd1v2 
NOR3BX1LVT            7    14.364      8.184    fast_vdd1v2 
OA21X1LVT             1     2.052      0.939    fast_vdd1v2 
OA22X1LVT             1     2.394      1.336    fast_vdd1v2 
OAI211X1LVT           6    10.260      4.941    fast_vdd1v2 
OAI21X1LVT           14    23.940     11.789    fast_vdd1v2 
OAI221X1LVT           8    19.152      6.544    fast_vdd1v2 
OAI222X1LVT           2     5.472      1.610    fast_vdd1v2 
OAI22X1LVT            6    12.312      3.202    fast_vdd1v2 
OAI2BB1X1LVT         24    41.040     27.850    fast_vdd1v2 
OAI31X1LVT            1     2.052      0.666    fast_vdd1v2 
OAI32X1LVT            1     2.394      1.540    fast_vdd1v2 
OR2X1LVT             19    25.992     25.451    fast_vdd1v2 
XNOR2X1LVT           72   172.368    202.008    fast_vdd1v2 
------------------------------------------------------------
total               799  2050.974   1537.401                


                                           Leakage  Leakage 
     Type      Instances   Area   Area % Power (nW) Power % 
------------------------------------------------------------
sequential           124  682.632   33.3    467.855    30.4 
inverter              51   34.884    1.7     29.784     1.9 
logic                624 1333.458   65.0   1039.762    67.6 
physical_cells         0    0.000    0.0      0.000     0.0 
------------------------------------------------------------
total                799 2050.974  100.0   1537.401   100.0 

