============================================================
  Generated by:           Genus(TM) Synthesis Solution 21.10-p002_1
  Generated on:           Apr 22 2026  07:09:49 pm
  Module:                 rope_cordic_pair
  Technology libraries:   fast_vdd1v2 1.0
                          physical_cells 
                          fast_vdd1v2 1.0
                          physical_cells 
  Operating conditions:   PVT_1P32V_0C 
  Interconnect mode:      global
  Area mode:              physical library
============================================================

                    Instance                                    Module                 Cell Count  Cell Area  Net Area   Total Area 
------------------------------------------------------------------------------------------------------------------------------------
rope_cordic_pair                                                                             4925  15996.322    23.719    16020.042 
  rot_STAGE[0].stage_inst_add_18_15             add_signed_20                                 137    365.890     0.000      365.890 
  rot_STAGE[0].stage_inst_sub_22_15_Y_sub_19_15 sub_signed_21                                 136    363.219     0.000      363.219 
  rot_STAGE[1].stage_inst_ADD_TC_CI_OP          add_signed_carry_204                          143    381.914     0.000      381.914 
  rot_STAGE[1].stage_inst_ADD_TC_CI_OP5         add_signed_carry_2180                         143    381.914     0.000      381.914 
  rot_STAGE[2].stage_inst                       cordic_standard_stage_W16_I2_ATAN2007         494   1318.004     0.000     1318.004 
    ADD_TC_CI_OP                                add_signed_carry_203                          143    381.914     0.000      381.914 
    ADD_TC_CI_OP5                               add_signed_carry_1880                         143    381.914     0.000      381.914 
  rot_STAGE[3].stage_inst_ADD_TC_CI_OP          add_signed_carry_202                          144    384.585     0.000      384.585 
  rot_STAGE[3].stage_inst_ADD_TC_CI_OP5         add_signed_carry_1586                         144    384.585     0.000      384.585 
  rot_STAGE[4].stage_inst_ADD_TC_CI_OP          add_signed_carry_201                          144    384.585     0.000      384.585 
  rot_STAGE[4].stage_inst_ADD_TC_CI_OP5         add_signed_carry_1293                         144    384.585     0.000      384.585 
  rot_STAGE[5].stage_inst_ADD_TC_CI_OP          add_signed_carry_200                          144    384.585     0.000      384.585 
  rot_STAGE[5].stage_inst_ADD_TC_CI_OP5         add_signed_carry_999                          147    392.597     0.000      392.597 
  rot_STAGE[6].stage_inst_ADD_TC_CI_OP          add_signed_carry_199                          144    384.585     0.000      384.585 
  rot_STAGE[6].stage_inst_ADD_TC_CI_OP5         add_signed_carry_705                          147    392.597     0.000      392.597 
  rot_STAGE[7].stage_inst_ADD_TC_CI_OP          add_signed_carry_198                          147    392.597     0.000      392.597 
  rot_STAGE[7].stage_inst_ADD_TC_CI_OP5         add_signed_carry_411                          147    392.597     0.000      392.597 
  rot_STAGE[8].stage_inst_ADD_TC_CI_OP          add_signed_carry_197                          147    392.597     0.000      392.597 
  rot_STAGE[8].stage_inst_ADD_TC_CI_OP5         add_signed_carry_116                          147    392.597     0.000      392.597 
  rot_STAGE[9].stage_inst_ADD_TC_CI_OP          add_signed_carry                              148    395.268     0.000      395.268 
  rot_STAGE[9].stage_inst_ADD_TC_CI_OP21        add_signed_carry_11                           148    395.268     0.000      395.268 
