============================================================
  Generated by:           Genus(TM) Synthesis Solution 21.10-p002_1
  Generated on:           Apr 22 2026  07:09:50 pm
  Module:                 rope_cordic_pair
  Technology libraries:   fast_vdd1v2 1.0
                          physical_cells 
                          fast_vdd1v2 1.0
                          physical_cells 
  Operating conditions:   PVT_1P32V_0C 
  Interconnect mode:      global
  Area mode:              physical library
============================================================

                                        Leakage  Leakage 
     Type      Instances  Area Area % Power (nW) Power % 
---------------------------------------------------------
sequential           429 0.000    0.0   1760.595    81.3 
inverter              16 0.000    0.0      0.968     0.0 
logic               4480 0.000    0.0    403.163    18.6 
physical_cells         0 0.000    0.0      0.000     0.0 
---------------------------------------------------------
total               4925 0.000    0.0   2164.726   100.0 

