============================================================
  Generated by:           Genus(TM) Synthesis Solution 21.10-p002_1
  Generated on:           Apr 22 2026  07:09:49 pm
  Module:                 rope_cordic_pair
  Technology libraries:   fast_vdd1v2 1.0
                          physical_cells 
                          fast_vdd1v2 1.0
                          physical_cells 
  Operating conditions:   PVT_1P32V_0C 
  Interconnect mode:      global
  Area mode:              physical library
============================================================

Timing
--------

Clock Period 
-------------
clk   2000.0 


  Cost    Critical         Violating 
 Group   Path Slack  TNS     Paths   
-------------------------------------
clk          1464.4   0.0          0 
default    No paths   0.0            
-------------------------------------
Total                 0.0          0 

Instance Count
--------------
Leaf Instance Count             4925 
Physical Instance count            0 
Sequential Instance Count        429 
Combinational Instance Count    4496 
Hierarchical Instance Count       21 

Area
----
Cell Area                          15996.322
Physical Cell Area                 0.000
Total Cell Area (Cell+Physical)    15996.322
Net Area                           23.720
Total Area (Cell+Physical+Net)     16020.042

Runtime                            0.0 seconds
Elapsed Runtime                    31 seconds
Genus peak memory usage            1692.36 
Innovus peak memory usage          no_value 
Hostname                           redhatacademy19
