

Working Directory = /home/redhatacademy19/Documents/Siddhant/RUN/STANDARD 10 Stages_Multiple Lib_Fast Cells/7
QoS Summary for rope_cordic_pair
================================================================================
Metric                          generic         mapped         
================================================================================
Slack (ps):                     1,506           1,381
  R2R (ps):                     1,659           1,557
  I2R (ps):                     1,506           1,381
  R2O (ps):                     1,753           1,766
  I2O (ps):                  no_value        no_value
  CG  (ps):                  no_value        no_value
TNS (ps):                           0               0
  R2R (ps):                         0               0
  I2R (ps):                         0               0
  R2O (ps):                         0               0
  I2O (ps):                  no_value        no_value
  CG  (ps):                  no_value        no_value
Failing Paths:                      0               0
Cell Area:                      7,857           3,298
Total Cell Area:                7,857           3,298
Leaf Instances:                 2,350           1,282
Total Instances:                2,350           1,282
Utilization (%):                 0.00            0.00
Tot. Net Length (um):        no_value        no_value
Avg. Net Length (um):        no_value        no_value
Route Overflow H (%):        no_value        no_value
Route Overflow V (%):        no_value        no_value
MBCI(%) (bits/gate) :            0.00            0.00
Norm Cong Hotspot Area:
  Max Cong:                  no_value        no_value
  Tot Cong:                  no_value        no_value
================================================================================
CPU  Runtime (h:m:s):        00:30:16        00:30:07
Real Runtime (h:m:s):        00:30:49        00:30:05
CPU  Elapsed (h:m:s):        00:30:18        00:30:25
Real Elapsed (h:m:s):        00:30:51        00:30:56
Memory (MB):                  1673.66         1739.88
================================================================================
================================================================================
Flow Settings:
================================================================================
Total Runtime (h:m:s): 00:30:55
Total Memory (MB):     1747.89
Executable Version:    21.10-p002_1
================================================================================
Total Cell Area =  Cell Area + Physical Cell Area
Total Instances =  Leaf Instances + Physical Instances


