============================================================
  Generated by:           Genus(TM) Synthesis Solution 21.10-p002_1
  Generated on:           Apr 22 2026  06:44:16 pm
  Module:                 rope_csd_pair
  Technology libraries:   fast_vdd1v2 1.0
                          physical_cells 
                          fast_vdd1v2 1.0
                          physical_cells 
  Operating conditions:   PVT_1P32V_0C 
  Interconnect mode:      global
  Area mode:              physical library
============================================================

                                        Leakage  Leakage 
     Type      Instances  Area Area % Power (nW) Power % 
---------------------------------------------------------
sequential           144 0.000    0.0    590.969    79.3 
inverter               4 0.000    0.0      0.242     0.0 
logic               2045 0.000    0.0    153.771    20.6 
physical_cells         0 0.000    0.0      0.000     0.0 
---------------------------------------------------------
total               2193 0.000    0.0    744.982   100.0 

