============================================================
  Generated by:           Genus(TM) Synthesis Solution 21.10-p002_1
  Generated on:           Apr 22 2026  07:04:50 pm
  Module:                 rope_binary_ud_pair
  Technology libraries:   fast_vdd1v2 1.0
                          physical_cells 
                          fast_vdd1v2 1.0
                          physical_cells 
  Operating conditions:   PVT_1P32V_0C 
  Interconnect mode:      global
  Area mode:              physical library
============================================================

                                    Leakage  
    Gate      Instances    Area   Power (nW)     Library    
------------------------------------------------------------
ADDFX1LVT            74   379.620    263.112    fast_vdd1v2 
AND2X1LVT             8    10.944      9.424    fast_vdd1v2 
AO21X1LVT            14    33.516     19.033    fast_vdd1v2 
CLKXOR2X1LVT         43   117.648    118.190    fast_vdd1v2 
DFFHQX1LVT           96   525.312    358.854    fast_vdd1v2 
DFFQXLLVT            97   530.784    368.023    fast_vdd1v2 
DFFTRXLLVT           27   212.382    137.193    fast_vdd1v2 
DFFX1LVT             11    79.002     53.079    fast_vdd1v2 
INVX1LVT              3     2.052      1.787    fast_vdd1v2 
MX2X1LVT              6    14.364     12.507    fast_vdd1v2 
NAND2BX1LVT           7     9.576      9.254    fast_vdd1v2 
NAND2X1LVT           91    93.366     54.961    fast_vdd1v2 
NOR2BX1LVT          132   180.576    156.951    fast_vdd1v2 
NOR2X1LVT           138   141.588     78.950    fast_vdd1v2 
OAI211X1LVT          28    47.880     25.314    fast_vdd1v2 
OAI21X1LVT           19    32.490     17.330    fast_vdd1v2 
OAI22X1LVT            1     2.052      0.495    fast_vdd1v2 
OAI2BB1X1LVT          5     8.550      5.157    fast_vdd1v2 
OR2X1LVT              5     6.840      7.289    fast_vdd1v2 
XNOR2X1LVT          125   299.250    360.274    fast_vdd1v2 
------------------------------------------------------------
total               930  2727.792   2057.177                


                                           Leakage  Leakage 
     Type      Instances   Area   Area % Power (nW) Power % 
------------------------------------------------------------
sequential           231 1347.480   49.4    917.148    44.6 
inverter               3    2.052    0.1      1.787     0.1 
logic                696 1378.260   50.5   1138.241    55.3 
physical_cells         0    0.000    0.0      0.000     0.0 
------------------------------------------------------------
total                930 2727.792  100.0   2057.177   100.0 

