============================================================
  Generated by:           Genus(TM) Synthesis Solution 21.10-p002_1
  Generated on:           Apr 22 2026  07:04:49 pm
  Module:                 rope_binary_ud_pair
  Technology libraries:   fast_vdd1v2 1.0
                          physical_cells 
                          fast_vdd1v2 1.0
                          physical_cells 
  Operating conditions:   PVT_1P32V_0C 
  Interconnect mode:      global
  Area mode:              physical library
============================================================

Timing
--------

Clock Period 
-------------
clk   2000.0 


  Cost    Critical         Violating 
 Group   Path Slack  TNS     Paths   
-------------------------------------
clk          1611.1   0.0          0 
default    No paths   0.0            
-------------------------------------
Total                 0.0          0 

Instance Count
--------------
Leaf Instance Count             930 
Physical Instance count           0 
Sequential Instance Count       231 
Combinational Instance Count    699 
Hierarchical Instance Count       1 

Area
----
Cell Area                          2727.792
Physical Cell Area                 0.000
Total Cell Area (Cell+Physical)    2727.792
Net Area                           1062.333
Total Area (Cell+Physical+Net)     3790.125

Runtime                            0.0 seconds
Elapsed Runtime                    74 seconds
Genus peak memory usage            1700.93 
Innovus peak memory usage          no_value 
Hostname                           redhatacademy19
