============================================================
  Generated by:           Genus(TM) Synthesis Solution 21.10-p002_1
  Generated on:           Apr 22 2026  06:43:25 pm
  Module:                 rope_csd_pair
  Technology libraries:   fast_vdd1v2 1.0
                          physical_cells 
                          fast_vdd1v2 1.0
                          physical_cells 
  Operating conditions:   PVT_1P32V_0C 
  Interconnect mode:      global
  Area mode:              physical library
============================================================

                                    Leakage  
    Gate      Instances    Area   Power (nW)     Library    
------------------------------------------------------------
ADDFX1LVT            94   482.220    325.657    fast_vdd1v2 
ADDHX1LVT            45   169.290    172.097    fast_vdd1v2 
AND2X1LVT            55    75.240     64.498    fast_vdd1v2 
AND2XLLVT             4     5.472      4.895    fast_vdd1v2 
AND3XLLVT             1     2.052      0.969    fast_vdd1v2 
AO21X1LVT             4     9.576      5.273    fast_vdd1v2 
AO22X1LVT            10    27.360     14.435    fast_vdd1v2 
AOI21X1LVT           15    25.650     15.093    fast_vdd1v2 
AOI221X1LVT          12    28.728     19.976    fast_vdd1v2 
AOI222X1LVT           4    12.312      6.459    fast_vdd1v2 
AOI22X1LVT           46    94.392     49.676    fast_vdd1v2 
AOI2BB1X1LVT          1     2.052      1.271    fast_vdd1v2 
AOI32X1LVT            1     2.394      1.042    fast_vdd1v2 
CLKXOR2X1LVT          9    24.624     24.287    fast_vdd1v2 
DFFHQX1LVT           35   191.520    132.521    fast_vdd1v2 
DFFQXLLVT            92   503.424    354.158    fast_vdd1v2 
DFFTRXLLVT           27   212.382    143.042    fast_vdd1v2 
INVX1LVT             97    66.348     51.084    fast_vdd1v2 
INVX2LVT              1     1.026      1.226    fast_vdd1v2 
MX2X1LVT              4     9.576      7.269    fast_vdd1v2 
MXI2XLLVT             4     9.576      6.405    fast_vdd1v2 
NAND2BX1              1     1.368      0.226    fast_vdd1v2 
NAND2BX1LVT          13    17.784     16.258    fast_vdd1v2 
NAND2X1LVT           83    85.158     50.752    fast_vdd1v2 
NAND3BXL              1     1.710      0.177    fast_vdd1v2 
NAND3BXLLVT          15    25.650     18.758    fast_vdd1v2 
NAND3X1LVT            2     3.420      1.466    fast_vdd1v2 
NAND4XLLVT            1     1.710      0.816    fast_vdd1v2 
NOR2BX1LVT           54    73.872     76.292    fast_vdd1v2 
NOR2X1LVT            77    79.002     61.684    fast_vdd1v2 
NOR3X1LVT             7    11.970      4.864    fast_vdd1v2 
OA21X1LVT             1     2.052      1.374    fast_vdd1v2 
OA22X1LVT             4     9.576      5.294    fast_vdd1v2 
OAI211X1LVT           8    13.680      7.301    fast_vdd1v2 
OAI21X1LVT           15    25.650     11.352    fast_vdd1v2 
OAI221X1LVT          14    33.516     12.501    fast_vdd1v2 
OAI222X1LVT           2     5.472      2.386    fast_vdd1v2 
OAI22X1LVT           21    43.092     18.286    fast_vdd1v2 
OAI2BB1X1LVT         46    78.660     57.822    fast_vdd1v2 
OAI31X1LVT            6    12.312      5.988    fast_vdd1v2 
OAI32X1LVT            3     7.182      3.302    fast_vdd1v2 
OR2X1LVT             21    28.728     26.028    fast_vdd1v2 
OR3X1LVT              2     4.104      3.416    fast_vdd1v2 
OR4X1LVT              1     2.052      1.901    fast_vdd1v2 
XNOR2X1LVT           88   210.672    230.750    fast_vdd1v2 
------------------------------------------------------------
total              1047  2733.606   2020.328                


                                           Leakage  Leakage 
     Type      Instances   Area   Area % Power (nW) Power % 
------------------------------------------------------------
sequential           154  907.326   33.2    629.721    31.2 
inverter              98   67.374    2.5     52.309     2.6 
logic                795 1758.906   64.3   1338.298    66.2 
physical_cells         0    0.000    0.0      0.000     0.0 
------------------------------------------------------------
total               1047 2733.606  100.0   2020.328   100.0 

