============================================================
  Generated by:           Genus(TM) Synthesis Solution 21.10-p002_1
  Generated on:           Apr 22 2026  07:21:31 pm
  Module:                 rope_cordic_pair
  Technology libraries:   fast_vdd1v2 1.0
                          physical_cells 
                          fast_vdd1v2 1.0
                          physical_cells 
  Operating conditions:   PVT_1P32V_0C 
  Interconnect mode:      global
  Area mode:              physical library
============================================================

                                        Leakage  Leakage 
     Type      Instances  Area Area % Power (nW) Power % 
---------------------------------------------------------
sequential           236 0.000    0.0    968.533    84.1 
inverter               6 0.000    0.0      0.363     0.0 
logic               2108 0.000    0.0    183.195    15.9 
physical_cells         0 0.000    0.0      0.000     0.0 
---------------------------------------------------------
total               2350 0.000    0.0   1152.090   100.0 

