============================================================
  Generated by:           Genus(TM) Synthesis Solution 21.10-p002_1
  Generated on:           Apr 27 2026  10:12:02 pm
  Module:                 rope_csd_pair
  Technology libraries:   fast_vdd1v2 1.0
                          physical_cells 
                          fast_vdd1v2 1.0
                          physical_cells 
  Operating conditions:   PVT_1P32V_0C 
  Interconnect mode:      global
  Area mode:              physical library
============================================================

                                    Leakage  
    Gate      Instances    Area   Power (nW)     Library    
------------------------------------------------------------
ADDFX1LVT            70   359.100    249.892    fast_vdd1v2 
ADDHX1LVT            64   240.768    227.508    fast_vdd1v2 
AND2X1LVT            15    20.520     16.873    fast_vdd1v2 
AO21X1LVT             8    19.152     13.130    fast_vdd1v2 
AO22X1LVT             9    24.624     12.807    fast_vdd1v2 
AOI211XLLVT           2     4.104      3.955    fast_vdd1v2 
AOI21X1LVT           17    29.070     16.813    fast_vdd1v2 
AOI221X1LVT          13    31.122     21.742    fast_vdd1v2 
AOI222X1LVT           1     3.078      1.678    fast_vdd1v2 
AOI22X1LVT           31    63.612     32.973    fast_vdd1v2 
CLKXOR2X1LVT         23    62.928     60.613    fast_vdd1v2 
DFFHQX1LVT           85   465.120    316.376    fast_vdd1v2 
DFFQXLLVT            84   459.648    317.556    fast_vdd1v2 
DFFTRXLLVT            1     7.866      5.324    fast_vdd1v2 
INVX1LVT             59    40.356     34.325    fast_vdd1v2 
INVX2                 4     4.104      0.689    fast_vdd1v2 
INVXLHVT              1     0.684      0.085    fast_vdd1v2 
MX2X1LVT             10    23.940     23.015    fast_vdd1v2 
MXI2XLLVT             2     4.788      2.685    fast_vdd1v2 
NAND2BX1LVT          32    43.776     40.610    fast_vdd1v2 
NAND2X1               1     1.026      0.148    fast_vdd1v2 
NAND2X1LVT           74    75.924     43.976    fast_vdd1v2 
NAND3BXLLVT          10    17.100     11.330    fast_vdd1v2 
NOR2BX1LVT          141   192.888    153.503    fast_vdd1v2 
NOR2X1LVT            96    98.496     60.019    fast_vdd1v2 
NOR3BX1LVT            6    12.312      7.009    fast_vdd1v2 
OA22X1LVT             1     2.394      1.233    fast_vdd1v2 
OAI211X1LVT          10    17.100      8.158    fast_vdd1v2 
OAI21X1LVT           23    39.330     19.825    fast_vdd1v2 
OAI221X1LVT          14    33.516     11.233    fast_vdd1v2 
OAI222X1LVT           2     5.472      1.470    fast_vdd1v2 
OAI22X1LVT           13    26.676      8.577    fast_vdd1v2 
OAI2BB1X1LVT         38    64.980     44.081    fast_vdd1v2 
OAI31X1LVT            1     2.052      0.666    fast_vdd1v2 
OR2X1LVT             36    49.248     45.001    fast_vdd1v2 
OR3X1LVT              1     2.052      1.855    fast_vdd1v2 
XNOR2X1LVT           97   232.218    264.521    fast_vdd1v2 
------------------------------------------------------------
total              1095  2781.144   2081.251                


                                           Leakage  Leakage 
     Type      Instances   Area   Area % Power (nW) Power % 
------------------------------------------------------------
sequential           170  932.634   33.5    639.255    30.7 
inverter              64   45.144    1.6     35.099     1.7 
logic                861 1803.366   64.8   1406.897    67.6 
physical_cells         0    0.000    0.0      0.000     0.0 
------------------------------------------------------------
total               1095 2781.144  100.0   2081.251   100.0 

