============================================================
  Generated by:           Genus(TM) Synthesis Solution 21.10-p002_1
  Generated on:           Apr 27 2026  10:06:32 pm
  Module:                 rope_csd_pair
  Technology libraries:   fast_vdd1v2 1.0
                          physical_cells 
                          fast_vdd1v2 1.0
                          physical_cells 
  Operating conditions:   PVT_1P32V_0C 
  Interconnect mode:      global
  Area mode:              physical library
============================================================

                                    Leakage  
    Gate      Instances    Area   Power (nW)     Library    
------------------------------------------------------------
ADDFX1LVT            61   312.930    216.813    fast_vdd1v2 
ADDHX1LVT            54   203.148    191.141    fast_vdd1v2 
AND2X1LVT             6     8.208      6.095    fast_vdd1v2 
AO21X1LVT             6    14.364      9.489    fast_vdd1v2 
AO22X1LVT             9    24.624     12.808    fast_vdd1v2 
AOI21X1LVT           13    22.230     14.934    fast_vdd1v2 
AOI221X1LVT          16    38.304     26.077    fast_vdd1v2 
AOI222X1LVT           1     3.078      1.678    fast_vdd1v2 
AOI22X1LVT           30    61.560     31.871    fast_vdd1v2 
CLKXOR2X1LVT         10    27.360     26.623    fast_vdd1v2 
DFFHQX1LVT           55   300.960    204.886    fast_vdd1v2 
DFFQXLLVT            45   246.240    170.270    fast_vdd1v2 
DFFTRXLLVT            1     7.866      5.324    fast_vdd1v2 
INVX1LVT             49    33.516     27.910    fast_vdd1v2 
NAND2BX1LVT          17    23.256     20.126    fast_vdd1v2 
NAND2X1               1     1.026      0.148    fast_vdd1v2 
NAND2X1LVT           56    57.456     32.711    fast_vdd1v2 
NOR2BX1LVT           87   119.016     94.567    fast_vdd1v2 
NOR2X1LVT            63    64.638     45.839    fast_vdd1v2 
NOR3BX1LVT            2     4.104      2.336    fast_vdd1v2 
OA22X1LVT             1     2.394      1.233    fast_vdd1v2 
OAI211X1LVT          10    17.100      8.158    fast_vdd1v2 
OAI21X1LVT            9    15.390      8.131    fast_vdd1v2 
OAI221X1LVT          12    28.728      9.523    fast_vdd1v2 
OAI222X1LVT           1     2.736      0.732    fast_vdd1v2 
OAI22X1LVT           12    24.624      6.261    fast_vdd1v2 
OAI2BB1X1LVT         23    39.330     28.054    fast_vdd1v2 
OAI31X1LVT            1     2.052      0.666    fast_vdd1v2 
OR2X1LVT             23    31.464     28.744    fast_vdd1v2 
OR3X1LVT              1     2.052      1.855    fast_vdd1v2 
XNOR2X1LVT           68   162.792    187.416    fast_vdd1v2 
------------------------------------------------------------
total               743  1902.546   1422.422                


                                           Leakage  Leakage 
     Type      Instances   Area   Area % Power (nW) Power % 
------------------------------------------------------------
sequential           101  555.066   29.2    380.480    26.7 
inverter              49   33.516    1.8     27.910     2.0 
logic                593 1313.964   69.1   1014.032    71.3 
physical_cells         0    0.000    0.0      0.000     0.0 
------------------------------------------------------------
total                743 1902.546  100.0   1422.422   100.0 

