

Working Directory = /home/redhatacademy19/Documents/Siddhant/RUN/7 frac bits/4 stages/csd
QoS Summary for rope_csd_pair
================================================================================
Metric                          generic         mapped         
================================================================================
Slack (ps):                     1,439           1,354
  R2R (ps):                     1,572           1,354
  I2R (ps):                     1,439           1,354
  R2O (ps):                     1,753           1,767
  I2O (ps):                  no_value        no_value
  CG  (ps):                  no_value        no_value
TNS (ps):                           0               0
  R2R (ps):                         0               0
  I2R (ps):                         0               0
  R2O (ps):                         0               0
  I2O (ps):                  no_value        no_value
  CG  (ps):                  no_value        no_value
Failing Paths:                      0               0
Cell Area:                      5,032           1,904
Total Cell Area:                5,032           1,904
Leaf Instances:                 1,628             744
Total Instances:                1,628             744
Utilization (%):                 0.00            0.00
Tot. Net Length (um):        no_value        no_value
Avg. Net Length (um):        no_value        no_value
Route Overflow H (%):        no_value        no_value
Route Overflow V (%):        no_value        no_value
MBCI(%) (bits/gate) :            0.00            0.00
Norm Cong Hotspot Area:
  Max Cong:                  no_value        no_value
  Tot Cong:                  no_value        no_value
================================================================================
CPU  Runtime (h:m:s):        00:30:18        00:30:05
Real Runtime (h:m:s):        00:31:42        00:30:04
CPU  Elapsed (h:m:s):        00:30:20        00:30:25
Real Elapsed (h:m:s):        00:31:43        00:31:47
Memory (MB):                  1516.99         1583.31
================================================================================
================================================================================
Flow Settings:
================================================================================
Total Runtime (h:m:s): 00:31:46
Total Memory (MB):     1591.32
Executable Version:    21.10-p002_1
================================================================================
Total Cell Area =  Cell Area + Physical Cell Area
Total Instances =  Leaf Instances + Physical Instances


