============================================================
  Generated by:           Genus(TM) Synthesis Solution 21.10-p002_1
  Generated on:           Apr 22 2026  07:01:59 pm
  Module:                 rope_binary_ud_pair
  Technology libraries:   fast_vdd1v2 1.0
                          physical_cells 
                          fast_vdd1v2 1.0
                          physical_cells 
  Operating conditions:   PVT_1P32V_0C 
  Interconnect mode:      global
  Area mode:              physical library
============================================================

                                    Leakage  
    Gate      Instances    Area   Power (nW)     Library    
------------------------------------------------------------
ADDFX1LVT           104   533.520    370.972    fast_vdd1v2 
AND2X1LVT            33    45.144     37.089    fast_vdd1v2 
AO21X1LVT             9    21.546     12.248    fast_vdd1v2 
CLKXOR2X1LVT         37   101.232    100.849    fast_vdd1v2 
DFFHQX1LVT          191  1045.152    714.141    fast_vdd1v2 
DFFQXLLVT            70   383.040    265.485    fast_vdd1v2 
DFFTRXLLVT           27   212.382    137.191    fast_vdd1v2 
DFFX1LVT              9    64.638     43.376    fast_vdd1v2 
INVX1LVT              2     1.368      0.939    fast_vdd1v2 
MX2X1LVT              8    19.152     16.665    fast_vdd1v2 
MXI2XLLVT             1     2.394      1.174    fast_vdd1v2 
NAND2BX1              2     2.736      0.455    fast_vdd1v2 
NAND2BX1LVT          22    30.096     27.685    fast_vdd1v2 
NAND2X1LVT          141   144.666     85.583    fast_vdd1v2 
NAND3BXLLVT          10    17.100     14.975    fast_vdd1v2 
NAND4XLLVT           10    17.100      9.334    fast_vdd1v2 
NOR2BX1LVT          184   251.712    222.573    fast_vdd1v2 
NOR2X1LVT           192   196.992    111.232    fast_vdd1v2 
OAI211X1LVT          28    47.880     25.699    fast_vdd1v2 
OAI21X1LVT           11    18.810     10.070    fast_vdd1v2 
OAI2BB1X1LVT          2     3.420      2.175    fast_vdd1v2 
OR2X1LVT             20    27.360     29.034    fast_vdd1v2 
XNOR2X1LVT          200   478.800    577.028    fast_vdd1v2 
------------------------------------------------------------
total              1313  3666.240   2815.973                


                                           Leakage  Leakage 
     Type      Instances   Area   Area % Power (nW) Power % 
------------------------------------------------------------
sequential           297 1705.212   46.5   1160.193    41.2 
inverter               2    1.368    0.0      0.939     0.0 
logic               1014 1959.660   53.5   1654.840    58.8 
physical_cells         0    0.000    0.0      0.000     0.0 
------------------------------------------------------------
total               1313 3666.240  100.0   2815.973   100.0 

