============================================================
  Generated by:           Genus(TM) Synthesis Solution 21.10-p002_1
  Generated on:           Apr 22 2026  07:19:44 pm
  Module:                 rope_cordic_pair
  Technology libraries:   fast_vdd1v2 1.0
                          physical_cells 
                          fast_vdd1v2 1.0
                          physical_cells 
  Operating conditions:   PVT_1P32V_0C 
  Interconnect mode:      global
  Area mode:              physical library
============================================================

                                        Leakage  Leakage 
     Type      Instances  Area Area % Power (nW) Power % 
---------------------------------------------------------
sequential           308 0.000    0.0   1264.017    84.1 
inverter               8 0.000    0.0      0.484     0.0 
logic               2748 0.000    0.0    238.045    15.8 
physical_cells         0 0.000    0.0      0.000     0.0 
---------------------------------------------------------
total               3064 0.000    0.0   1502.546   100.0 

