============================================================
  Generated by:           Genus(TM) Synthesis Solution 21.10-p002_1
  Generated on:           Apr 22 2026  07:22:30 pm
  Module:                 rope_cordic_pair
  Technology libraries:   fast_vdd1v2 1.0
                          physical_cells 
                          fast_vdd1v2 1.0
                          physical_cells 
  Operating conditions:   PVT_1P32V_0C 
  Interconnect mode:      global
  Area mode:              physical library
============================================================

                                        Leakage  Leakage 
     Type      Instances  Area Area % Power (nW) Power % 
---------------------------------------------------------
sequential           203 0.000    0.0    833.102    84.1 
inverter               5 0.000    0.0      0.302     0.0 
logic               1774 0.000    0.0    156.905    15.8 
physical_cells         0 0.000    0.0      0.000     0.0 
---------------------------------------------------------
total               1982 0.000    0.0    990.309   100.0 

