============================================================
  Generated by:           Genus(TM) Synthesis Solution 21.10-p002_1
  Generated on:           Apr 22 2026  07:22:29 pm
  Module:                 rope_cordic_pair
  Technology libraries:   fast_vdd1v2 1.0
                          physical_cells 
                          fast_vdd1v2 1.0
                          physical_cells 
  Operating conditions:   PVT_1P32V_0C 
  Interconnect mode:      global
  Area mode:              physical library
============================================================

         Instance                       Module                Cell Count  Cell Area  Net Area   Total Area 
-----------------------------------------------------------------------------------------------------------
rope_cordic_pair                                                    1982   6642.099    11.860     6653.959 
  rot_STAGE[0].stage_inst cordic_standard_stage_W8_I0_ATAN25         234    624.950     0.000      624.950 
  rot_STAGE[2].stage_inst cordic_standard_stage_W8_I2_ATAN7          204    544.828     0.000      544.828 
  rot_STAGE[3].stage_inst cordic_standard_stage_W8_I3_ATAN3          210    560.853     0.000      560.853 
  rot_STAGE[4].stage_inst cordic_standard_stage_W8_I4_ATAN1          200    534.145     0.000      534.145 
  rot_STAGE[5].stage_inst cordic_standard_stage_W8_I5_ATAN1          162    432.658     0.000      432.658 
