

Working Directory = /home/redhatacademy19/Documents/Siddhant/RUN/STANDARD 10 Stages_Multiple Lib_Fast Cells/6
QoS Summary for rope_cordic_pair
================================================================================
Metric                          generic         mapped         
================================================================================
Slack (ps):                     1,531           1,468
  R2R (ps):                     1,682           1,603
  I2R (ps):                     1,531           1,468
  R2O (ps):                     1,753           1,766
  I2O (ps):                  no_value        no_value
  CG  (ps):                  no_value        no_value
TNS (ps):                           0               0
  R2R (ps):                         0               0
  I2R (ps):                         0               0
  R2O (ps):                         0               0
  I2O (ps):                  no_value        no_value
  CG  (ps):                  no_value        no_value
Failing Paths:                      0               0
Cell Area:                      6,654           2,805
Total Cell Area:                6,654           2,805
Leaf Instances:                 1,982           1,058
Total Instances:                1,982           1,058
Utilization (%):                 0.00            0.00
Tot. Net Length (um):        no_value        no_value
Avg. Net Length (um):        no_value        no_value
Route Overflow H (%):        no_value        no_value
Route Overflow V (%):        no_value        no_value
MBCI(%) (bits/gate) :            0.00            0.00
Norm Cong Hotspot Area:
  Max Cong:                  no_value        no_value
  Tot Cong:                  no_value        no_value
================================================================================
CPU  Runtime (h:m:s):        00:30:15        00:30:06
Real Runtime (h:m:s):        00:31:03        00:30:05
CPU  Elapsed (h:m:s):        00:30:17        00:30:23
Real Elapsed (h:m:s):        00:31:03        00:31:08
Memory (MB):                  1672.60         1738.00
================================================================================
================================================================================
Flow Settings:
================================================================================
Total Runtime (h:m:s): 00:31:08
Total Memory (MB):     1746.00
Executable Version:    21.10-p002_1
================================================================================
Total Cell Area =  Cell Area + Physical Cell Area
Total Instances =  Leaf Instances + Physical Instances


