============================================================
  Generated by:           Genus(TM) Synthesis Solution 21.10-p002_1
  Generated on:           Apr 22 2026  07:22:34 pm
  Module:                 rope_cordic_pair
  Technology libraries:   fast_vdd1v2 1.0
                          physical_cells 
                          fast_vdd1v2 1.0
                          physical_cells 
  Operating conditions:   PVT_1P32V_0C 
  Interconnect mode:      global
  Area mode:              physical library
============================================================

                                    Leakage  
    Gate      Instances    Area   Power (nW)     Library    
------------------------------------------------------------
ADDFX1LVT            67   343.710    233.012    fast_vdd1v2 
ADDHX1LVT             6    22.572     22.210    fast_vdd1v2 
AND2X1LVT           122   166.896    147.240    fast_vdd1v2 
AO21X1LVT            11    26.334     15.153    fast_vdd1v2 
AOI21X1LVT            4     6.840      4.167    fast_vdd1v2 
AOI22X1LVT            3     6.156      2.684    fast_vdd1v2 
AOI2BB1X1LVT          1     2.052      1.179    fast_vdd1v2 
CLKINVX6LVT           1     2.394      3.275    fast_vdd1v2 
CLKXOR2X1LVT         34    93.024     91.353    fast_vdd1v2 
DFFHQX1LVT          135   738.720    511.527    fast_vdd1v2 
DFFQXLLVT            58   317.376    223.327    fast_vdd1v2 
DFFTRX2LVT            3    24.624     17.624    fast_vdd1v2 
DFFTRXLLVT            2    15.732     10.612    fast_vdd1v2 
DFFX1LVT              5    35.910     24.528    fast_vdd1v2 
INVX1LVT              9     6.156      4.578    fast_vdd1v2 
INVX2                 4     4.104      0.714    fast_vdd1v2 
MX2X1LVT             30    71.820     59.189    fast_vdd1v2 
MXI2XLLVT            13    31.122     18.997    fast_vdd1v2 
NAND2BX1              2     2.736      0.411    fast_vdd1v2 
NAND2BX1LVT          21    28.728     27.037    fast_vdd1v2 
NAND2X1LVT           89    91.314     56.002    fast_vdd1v2 
NAND3BXLLVT           6    10.260      6.073    fast_vdd1v2 
NAND3X1LVT            2     3.420      1.328    fast_vdd1v2 
NAND4BX1LVT           1     2.394      0.866    fast_vdd1v2 
NAND4XLLVT            2     3.420      1.050    fast_vdd1v2 
NOR2BX1               1     1.368      0.187    fast_vdd1v2 
NOR2BX1LVT           66    90.288     92.694    fast_vdd1v2 
NOR2X1LVT           108   110.808     84.507    fast_vdd1v2 
NOR3BX1LVT            1     2.052      0.900    fast_vdd1v2 
NOR4X1LVT             2     3.420      2.556    fast_vdd1v2 
OA21X1LVT             7    14.364      9.527    fast_vdd1v2 
OAI211X1LVT          23    39.330     21.205    fast_vdd1v2 
OAI21X1LVT           15    25.650     12.291    fast_vdd1v2 
OAI22X1LVT           10    20.520      9.816    fast_vdd1v2 
OAI2BB1X1LVT          6    10.260      7.669    fast_vdd1v2 
OAI31X1LVT            1     2.052      0.840    fast_vdd1v2 
OAI32X1LVT            1     2.394      1.287    fast_vdd1v2 
OR2X1LVT             18    24.624     22.896    fast_vdd1v2 
OR3X1LVT              1     2.052      1.380    fast_vdd1v2 
OR3XLLVT              2     4.104      3.436    fast_vdd1v2 
OR4X1LVT              2     4.104      2.187    fast_vdd1v2 
XNOR2X1LVT          163   390.222    429.519    fast_vdd1v2 
------------------------------------------------------------
total              1058  2805.426   2187.034                


                                           Leakage  Leakage 
     Type      Instances   Area   Area % Power (nW) Power % 
------------------------------------------------------------
sequential           203 1132.362   40.4    787.617    36.0 
inverter              14   12.654    0.5      8.568     0.4 
logic                841 1660.410   59.2   1390.849    63.6 
physical_cells         0    0.000    0.0      0.000     0.0 
------------------------------------------------------------
total               1058 2805.426  100.0   2187.034   100.0 

