============================================================
  Generated by:           Genus(TM) Synthesis Solution 21.10-p002_1
  Generated on:           Apr 27 2026  10:06:26 pm
  Module:                 rope_csd_pair
  Technology libraries:   fast_vdd1v2 1.0
                          physical_cells 
                          fast_vdd1v2 1.0
                          physical_cells 
  Operating conditions:   PVT_1P32V_0C 
  Interconnect mode:      global
  Area mode:              physical library
============================================================

Timing
--------

Clock Period 
-------------
clk   2000.0 


  Cost    Critical         Violating 
 Group   Path Slack  TNS     Paths   
-------------------------------------
clk          1439.2   0.0          0 
default    No paths   0.0            
-------------------------------------
Total                 0.0          0 

Instance Count
--------------
Leaf Instance Count             1628 
Physical Instance count            0 
Sequential Instance Count        101 
Combinational Instance Count    1527 
Hierarchical Instance Count        3 

Area
----
Cell Area                          5018.297
Physical Cell Area                 0.000
Total Cell Area (Cell+Physical)    5018.297
Net Area                           13.342
Total Area (Cell+Physical+Net)     5031.639

Runtime                            0.0 seconds
Elapsed Runtime                    105 seconds
Genus peak memory usage            1516.99 
Innovus peak memory usage          no_value 
Hostname                           redhatacademy19
