============================================================
  Generated by:           Genus(TM) Synthesis Solution 21.10-p002_1
  Generated on:           Apr 27 2026  10:06:26 pm
  Module:                 rope_csd_pair
  Technology libraries:   fast_vdd1v2 1.0
                          physical_cells 
                          fast_vdd1v2 1.0
                          physical_cells 
  Operating conditions:   PVT_1P32V_0C 
  Interconnect mode:      global
  Area mode:              physical library
============================================================

                                        Leakage  Leakage 
     Type      Instances  Area Area % Power (nW) Power % 
---------------------------------------------------------
sequential           101 0.000    0.0    414.499    78.4 
inverter               3 0.000    0.0      0.181     0.0 
logic               1524 0.000    0.0    114.025    21.6 
physical_cells         0 0.000    0.0      0.000     0.0 
---------------------------------------------------------
total               1628 0.000    0.0    528.706   100.0 

