

Working Directory = /home/redhatacademy19/Documents/Siddhant/RUN/7 frac bits/10 stages/standard
QoS Summary for rope_cordic_pair
================================================================================
Metric                          generic         mapped          opt            
================================================================================
Slack (ps):                     1,506           1,381           1,381
  R2R (ps):                     1,659           1,557           1,555
  I2R (ps):                     1,506           1,381           1,381
  R2O (ps):                     1,753           1,766           1,766
  I2O (ps):                  no_value        no_value        no_value
  CG  (ps):                  no_value        no_value        no_value
TNS (ps):                           0               0               0
  R2R (ps):                         0               0               0
  I2R (ps):                         0               0               0
  R2O (ps):                         0               0               0
  I2O (ps):                  no_value        no_value        no_value
  CG  (ps):                  no_value        no_value        no_value
Failing Paths:                      0               0               0
Cell Area:                      7,857           3,298           3,292
Total Cell Area:                7,857           3,298           3,292
Leaf Instances:                 2,350           1,282           1,277
Total Instances:                2,350           1,282           1,277
Utilization (%):                 0.00            0.00            0.00
Tot. Net Length (um):        no_value        no_value        no_value
Avg. Net Length (um):        no_value        no_value        no_value
Route Overflow H (%):        no_value        no_value        no_value
Route Overflow V (%):        no_value        no_value        no_value
MBCI(%) (bits/gate) :            0.00            0.00            0.00
Norm Cong Hotspot Area:
  Max Cong:                  no_value        no_value        no_value
  Tot Cong:                  no_value        no_value        no_value
================================================================================
CPU  Runtime (h:m:s):        00:30:17        00:30:07        00:30:02
Real Runtime (h:m:s):        00:31:09        00:30:05        00:30:02
CPU  Elapsed (h:m:s):        00:30:19        00:30:26        00:30:28
Real Elapsed (h:m:s):        00:31:10        00:31:15        00:31:17
Memory (MB):                  1515.12         1578.16         1546.15
================================================================================
================================================================================
Flow Settings:
================================================================================
Total Runtime (h:m:s): 00:31:16
Total Memory (MB):     1546.15
Executable Version:    21.10-p002_1
================================================================================
Total Cell Area =  Cell Area + Physical Cell Area
Total Instances =  Leaf Instances + Physical Instances


