============================================================
  Generated by:           Genus(TM) Synthesis Solution 21.10-p002_1
  Generated on:           Apr 27 2026  10:00:41 pm
  Module:                 rope_binary_ud_pair
  Technology libraries:   fast_vdd1v2 1.0
                          physical_cells 
                          fast_vdd1v2 1.0
                          physical_cells 
  Operating conditions:   PVT_1P32V_0C 
  Interconnect mode:      global
  Area mode:              physical library
============================================================

                                        Leakage  Leakage 
     Type      Instances  Area Area % Power (nW) Power % 
---------------------------------------------------------
sequential           198 0.000    0.0    812.582    86.3 
logic               1372 0.000    0.0    129.301    13.7 
physical_cells         0 0.000    0.0      0.000     0.0 
---------------------------------------------------------
total               1570 0.000    0.0    941.884   100.0 

