============================================================
  Generated by:           Genus(TM) Synthesis Solution 21.10-p002_1
  Generated on:           Apr 27 2026  10:00:40 pm
  Module:                 rope_binary_ud_pair
  Technology libraries:   fast_vdd1v2 1.0
                          physical_cells 
                          fast_vdd1v2 1.0
                          physical_cells 
  Operating conditions:   PVT_1P32V_0C 
  Interconnect mode:      global
  Area mode:              physical library
============================================================

Timing
--------

Clock Period 
-------------
clk   2000.0 


  Cost    Critical         Violating 
 Group   Path Slack  TNS     Paths   
-------------------------------------
clk          1659.6   0.0          0 
default    No paths   0.0            
-------------------------------------
Total                 0.0          0 

Instance Count
--------------
Leaf Instance Count             1570 
Physical Instance count            0 
Sequential Instance Count        198 
Combinational Instance Count    1372 
Hierarchical Instance Count        1 

Area
----
Cell Area                          5515.052
Physical Cell Area                 0.000
Total Cell Area (Cell+Physical)    5515.052
Net Area                           13.342
Total Area (Cell+Physical+Net)     5528.394

Runtime                            0.0 seconds
Elapsed Runtime                    51 seconds
Genus peak memory usage            1506.92 
Innovus peak memory usage          no_value 
Hostname                           redhatacademy19
