============================================================
  Generated by:           Genus(TM) Synthesis Solution 21.10-p002_1
  Generated on:           Apr 22 2026  06:58:23 pm
  Module:                 rope_binary_ud_pair
  Technology libraries:   fast_vdd1v2 1.0
                          physical_cells 
                          fast_vdd1v2 1.0
                          physical_cells 
  Operating conditions:   PVT_1P32V_0C 
  Interconnect mode:      global
  Area mode:              physical library
============================================================

                                    Leakage  
    Gate      Instances    Area   Power (nW)     Library    
------------------------------------------------------------
ADDFX1LVT           260  1333.800    932.542    fast_vdd1v2 
AND2X1LVT           125   171.000    125.495    fast_vdd1v2 
CLKXOR2X1LVT         11    30.096     28.944    fast_vdd1v2 
DFFHQX1LVT          275  1504.800   1028.175    fast_vdd1v2 
DFFQXLLVT            68   372.096    257.906    fast_vdd1v2 
DFFTRXLLVT           20   157.320    102.296    fast_vdd1v2 
INVX1LVT             10     6.840      7.018    fast_vdd1v2 
INVX2                 2     2.052      0.360    fast_vdd1v2 
NOR2BX1LVT          198   270.864    222.439    fast_vdd1v2 
NOR2X1LVT            20    20.520      8.306    fast_vdd1v2 
XNOR2X1LVT          199   476.406    567.979    fast_vdd1v2 
------------------------------------------------------------
total              1188  4345.794   3281.461                


                                           Leakage  Leakage 
     Type      Instances   Area   Area % Power (nW) Power % 
------------------------------------------------------------
sequential           363 2034.216   46.8   1388.378    42.3 
inverter              12    8.892    0.2      7.378     0.2 
logic                813 2302.686   53.0   1885.705    57.5 
physical_cells         0    0.000    0.0      0.000     0.0 
------------------------------------------------------------
total               1188 4345.794  100.0   3281.461   100.0 

