============================================================
  Generated by:           Genus(TM) Synthesis Solution 21.10-p002_1
  Generated on:           Apr 22 2026  06:41:37 pm
  Module:                 rope_csd_pair
  Technology libraries:   fast_vdd1v2 1.0
                          physical_cells 
                          fast_vdd1v2 1.0
                          physical_cells 
  Operating conditions:   PVT_1P32V_0C 
  Interconnect mode:      global
  Area mode:              physical library
============================================================

                                    Leakage  
    Gate      Instances    Area   Power (nW)     Library    
------------------------------------------------------------
ADDFX1LVT           141   723.330    494.484    fast_vdd1v2 
ADDHX1LVT            38   142.956    132.552    fast_vdd1v2 
AND2X1                1     1.368      0.194    fast_vdd1v2 
AND2X1LVT            31    42.408     27.822    fast_vdd1v2 
AND3XLLVT             2     4.104      2.026    fast_vdd1v2 
AO21X1LVT             3     7.182      4.582    fast_vdd1v2 
AO22X1LVT            24    65.664     33.641    fast_vdd1v2 
AOI211XLLVT           2     4.104      3.752    fast_vdd1v2 
AOI21X1LVT            2     3.420      1.943    fast_vdd1v2 
AOI221X1LVT          13    31.122     21.173    fast_vdd1v2 
AOI222X1LVT           3     9.234      5.073    fast_vdd1v2 
AOI22X1LVT           48    98.496     53.101    fast_vdd1v2 
AOI31X1LVT            3     6.156      1.360    fast_vdd1v2 
CLKXOR2X1LVT         43   117.648    110.398    fast_vdd1v2 
DFFHQX1LVT          106   580.032    394.984    fast_vdd1v2 
DFFQXLLVT            68   372.096    257.510    fast_vdd1v2 
INVX1LVT             96    65.664     64.080    fast_vdd1v2 
NAND2BX1LVT          45    61.560     53.221    fast_vdd1v2 
NAND2X1               4     4.104      0.555    fast_vdd1v2 
NAND2X1LVT           76    77.976     42.487    fast_vdd1v2 
NAND3BX1LVT           1     2.052      1.276    fast_vdd1v2 
NAND3BX2LVT           1     3.078      1.307    fast_vdd1v2 
NAND3X1LVT            1     1.710      0.513    fast_vdd1v2 
NOR2BX1LVT          186   254.448    203.703    fast_vdd1v2 
NOR2BX2LVT            1     2.736      1.445    fast_vdd1v2 
NOR2X1LVT            81    83.106     80.238    fast_vdd1v2 
NOR3BX1               1     2.052      0.191    fast_vdd1v2 
OA21X1LVT             3     6.156      3.835    fast_vdd1v2 
OA22X1LVT            13    31.122     15.791    fast_vdd1v2 
OAI211X1LVT          27    46.170     22.368    fast_vdd1v2 
OAI221X1LVT          42   100.548     34.047    fast_vdd1v2 
OAI222X1LVT           1     2.736      0.731    fast_vdd1v2 
OAI22X1LVT           20    41.040      9.311    fast_vdd1v2 
OAI2BB1X1LVT         17    29.070     19.254    fast_vdd1v2 
OR2X1                 1     1.368      0.196    fast_vdd1v2 
OR2X1LVT             18    24.624     21.170    fast_vdd1v2 
OR3X1LVT              2     4.104      2.064    fast_vdd1v2 
XNOR2X1LVT           68   162.792    198.937    fast_vdd1v2 
------------------------------------------------------------
total              1233  3217.536   2321.315                


                                           Leakage  Leakage 
     Type      Instances   Area   Area % Power (nW) Power % 
------------------------------------------------------------
sequential           174  952.128   29.6    652.494    28.1 
inverter              96   65.664    2.0     64.080     2.8 
logic                963 2199.744   68.4   1604.741    69.1 
physical_cells         0    0.000    0.0      0.000     0.0 
------------------------------------------------------------
total               1233 3217.536  100.0   2321.315   100.0 

