============================================================
  Generated by:           Genus(TM) Synthesis Solution 21.10-p002_1
  Generated on:           Apr 22 2026  07:03:00 pm
  Module:                 rope_binary_ud_pair
  Technology libraries:   fast_vdd1v2 1.0
                          physical_cells 
                          fast_vdd1v2 1.0
                          physical_cells 
  Operating conditions:   PVT_1P32V_0C 
  Interconnect mode:      global
  Area mode:              physical library
============================================================

                                    Leakage  
    Gate      Instances    Area   Power (nW)     Library    
------------------------------------------------------------
ADDFX1LVT           110   564.300    392.055    fast_vdd1v2 
AND2X1LVT            34    46.512     37.070    fast_vdd1v2 
AO21X1LVT            10    23.940     13.544    fast_vdd1v2 
CLKXOR2X1LVT         37   101.232    101.320    fast_vdd1v2 
DFFHQX1LVT          171   935.712    639.321    fast_vdd1v2 
DFFQXLLVT            67   366.624    254.080    fast_vdd1v2 
DFFTRXLLVT           27   212.382    137.191    fast_vdd1v2 
DFFX1LVT             10    71.820     48.227    fast_vdd1v2 
INVX1LVT              2     1.368      1.074    fast_vdd1v2 
INVX2                 1     1.026      0.180    fast_vdd1v2 
MX2X1LVT              8    19.152     16.669    fast_vdd1v2 
NAND2BX1LVT          10    13.680     13.549    fast_vdd1v2 
NAND2X1LVT           99   101.574     59.893    fast_vdd1v2 
NAND3BXLLVT          12    20.520     17.972    fast_vdd1v2 
NAND4XLLVT           12    20.520     11.201    fast_vdd1v2 
NOR2BX1LVT          156   213.408    184.619    fast_vdd1v2 
NOR2X1LVT           152   155.952     86.005    fast_vdd1v2 
OAI211X1LVT          12    20.520     10.979    fast_vdd1v2 
OAI21X1LVT           13    22.230     11.914    fast_vdd1v2 
OAI22X1LVT            1     2.052      0.487    fast_vdd1v2 
OAI2BB1X1LVT          3     5.130      3.167    fast_vdd1v2 
OR2X1LVT             14    19.152     20.298    fast_vdd1v2 
XNOR2X1LVT          159   380.646    456.304    fast_vdd1v2 
------------------------------------------------------------
total              1120  3319.452   2517.120                


                                           Leakage  Leakage 
     Type      Instances   Area   Area % Power (nW) Power % 
------------------------------------------------------------
sequential           275 1586.538   47.8   1078.819    42.9 
inverter               3    2.394    0.1      1.254     0.0 
logic                842 1730.520   52.1   1437.047    57.1 
physical_cells         0    0.000    0.0      0.000     0.0 
------------------------------------------------------------
total               1120 3319.452  100.0   2517.120   100.0 

