

Working Directory = /home/redhatacademy19/Documents/Siddhant/RUN/CSD UD 5 Stages_Multiple Lib_Fast Cells/6
QoS Summary for rope_csd_pair
================================================================================
Metric                          generic         mapped         
================================================================================
Slack (ps):                     1,487           1,374
  R2R (ps):                     1,619           1,378
  I2R (ps):                     1,487           1,374
  R2O (ps):                     1,753           1,767
  I2O (ps):                  no_value        no_value
  CG  (ps):                  no_value        no_value
TNS (ps):                           0               0
  R2R (ps):                         0               0
  I2R (ps):                         0               0
  R2O (ps):                         0               0
  I2O (ps):                  no_value        no_value
  CG  (ps):                  no_value        no_value
Failing Paths:                      0               0
Cell Area:                      5,196           2,051
Total Cell Area:                5,196           2,051
Leaf Instances:                 1,633             799
Total Instances:                1,633             799
Utilization (%):                 0.00            0.00
Tot. Net Length (um):        no_value        no_value
Avg. Net Length (um):        no_value        no_value
Route Overflow H (%):        no_value        no_value
Route Overflow V (%):        no_value        no_value
MBCI(%) (bits/gate) :            0.00            0.00
Norm Cong Hotspot Area:
  Max Cong:                  no_value        no_value
  Tot Cong:                  no_value        no_value
================================================================================
CPU  Runtime (h:m:s):        00:30:17        00:30:05
Real Runtime (h:m:s):        00:30:45        00:30:04
CPU  Elapsed (h:m:s):        00:30:19        00:30:24
Real Elapsed (h:m:s):        00:30:46        00:30:50
Memory (MB):                  1675.16         1745.76
================================================================================
================================================================================
Flow Settings:
================================================================================
Total Runtime (h:m:s): 00:30:49
Total Memory (MB):     1753.76
Executable Version:    21.10-p002_1
================================================================================
Total Cell Area =  Cell Area + Physical Cell Area
Total Instances =  Leaf Instances + Physical Instances


