============================================================
  Generated by:           Genus(TM) Synthesis Solution 21.10-p002_1
  Generated on:           Apr 22 2026  06:56:25 pm
  Module:                 rope_binary_ud_pair
  Technology libraries:   fast_vdd1v2 1.0
                          physical_cells 
                          fast_vdd1v2 1.0
                          physical_cells 
  Operating conditions:   PVT_1P32V_0C 
  Interconnect mode:      global
  Area mode:              physical library
============================================================

                                        Leakage  Leakage 
     Type      Instances  Area Area % Power (nW) Power % 
---------------------------------------------------------
sequential           385 0.000    0.0   1580.022    83.9 
inverter              10 0.000    0.0      0.605     0.0 
logic               3116 0.000    0.0    303.538    16.1 
physical_cells         0 0.000    0.0      0.000     0.0 
---------------------------------------------------------
total               3511 0.000    0.0   1884.164   100.0 

