============================================================
  Generated by:           Genus(TM) Synthesis Solution 21.10-p002_1
  Generated on:           Apr 22 2026  06:56:24 pm
  Module:                 rope_binary_ud_pair
  Technology libraries:   fast_vdd1v2 1.0
                          physical_cells 
                          fast_vdd1v2 1.0
                          physical_cells 
  Operating conditions:   PVT_1P32V_0C 
  Interconnect mode:      global
  Area mode:              physical library
============================================================

         Instance                 Module         Cell Count  Cell Area  Net Area   Total Area 
----------------------------------------------------------------------------------------------
rope_binary_ud_pair                                    3511  11934.146    22.237    11956.383 
  rotator_ADD_TC_CI_OP    add_signed_carry              137    365.890     0.000      365.890 
  rotator_ADD_TC_CI_OP21  add_signed_carry_1051         137    365.890     0.000      365.890 
  rotator_ADD_TC_CI_OP246 add_signed_carry_153          132    352.536     0.000      352.536 
  rotator_ADD_TC_CI_OP247 add_signed_carry_937          132    352.536     0.000      352.536 
  rotator_ADD_TC_CI_OP261 add_signed_carry_152          132    352.536     0.000      352.536 
  rotator_ADD_TC_CI_OP262 add_signed_carry_823          132    352.536     0.000      352.536 
  rotator_ADD_TC_CI_OP278 add_signed_carry_151          131    349.865     0.000      349.865 
  rotator_ADD_TC_CI_OP279 add_signed_carry_709          131    349.865     0.000      349.865 
  rotator_ADD_TC_CI_OP297 add_signed_carry_150          131    349.865     0.000      349.865 
  rotator_ADD_TC_CI_OP298 add_signed_carry_595          131    349.865     0.000      349.865 
  rotator_ADD_TC_CI_OP318 add_signed_carry_149          124    331.170     0.000      331.170 
  rotator_ADD_TC_CI_OP319 add_signed_carry_481          124    331.170     0.000      331.170 
  rotator_ADD_TC_CI_OP341 add_signed_carry_148          124    331.170     0.000      331.170 
  rotator_ADD_TC_CI_OP342 add_signed_carry_367          124    331.170     0.000      331.170 
  rotator_ADD_TC_CI_OP366 add_signed_carry_147          121    323.158     0.000      323.158 
  rotator_ADD_TC_CI_OP367 add_signed_carry_253          121    323.158     0.000      323.158 
  rotator_ADD_TC_CI_OP393 add_signed_carry_146          121    323.158     0.000      323.158 
  rotator_ADD_TC_CI_OP394 add_signed_carry_139          121    323.158     0.000      323.158 
  rotator_ADD_TC_CI_OP422 add_signed_carry_145          120    320.487     0.000      320.487 
  rotator_ADD_TC_CI_OP423 add_signed_carry_11           120    320.487     0.000      320.487 
