

Working Directory = /home/redhatacademy19/Documents/Siddhant/RUN/7 frac bits/6 stages/csd
QoS Summary for rope_csd_pair
================================================================================
Metric                          generic         mapped          opt            
================================================================================
Slack (ps):                     1,439           1,350           1,353
  R2R (ps):                     1,572           1,350           1,353
  I2R (ps):                     1,439           1,354           1,355
  R2O (ps):                     1,753           1,767           1,767
  I2O (ps):                  no_value        no_value        no_value
  CG  (ps):                  no_value        no_value        no_value
TNS (ps):                           0               0               0
  R2R (ps):                         0               0               0
  I2R (ps):                         0               0               0
  R2O (ps):                         0               0               0
  I2O (ps):                  no_value        no_value        no_value
  CG  (ps):                  no_value        no_value        no_value
Failing Paths:                      0               0               0
Cell Area:                      6,919           2,781           2,779
Total Cell Area:                6,919           2,781           2,779
Leaf Instances:                 2,163           1,095           1,094
Total Instances:                2,163           1,095           1,094
Utilization (%):                 0.00            0.00            0.00
Tot. Net Length (um):        no_value        no_value        no_value
Avg. Net Length (um):        no_value        no_value        no_value
Route Overflow H (%):        no_value        no_value        no_value
Route Overflow V (%):        no_value        no_value        no_value
MBCI(%) (bits/gate) :            0.00            0.00            0.00
Norm Cong Hotspot Area:
  Max Cong:                  no_value        no_value        no_value
  Tot Cong:                  no_value        no_value        no_value
================================================================================
CPU  Runtime (h:m:s):        00:30:21        00:30:06        00:30:02
Real Runtime (h:m:s):        00:30:52        00:30:05        00:30:02
CPU  Elapsed (h:m:s):        00:30:23        00:30:29        00:30:31
Real Elapsed (h:m:s):        00:30:53        00:30:58        00:31:00
Memory (MB):                  1519.64         1586.70         1552.70
================================================================================
================================================================================
Flow Settings:
================================================================================
Total Runtime (h:m:s): 00:30:59
Total Memory (MB):     1552.70
Executable Version:    21.10-p002_1
================================================================================
Total Cell Area =  Cell Area + Physical Cell Area
Total Instances =  Leaf Instances + Physical Instances


