

Working Directory = /home/redhatacademy19/Documents/Siddhant/RUN/CSD UD 5 Stages_Multiple Lib_Fast Cells/9
QoS Summary for rope_csd_pair
================================================================================
Metric                          generic         mapped         
================================================================================
Slack (ps):                     1,389           1,234
  R2R (ps):                     1,521           1,234
  I2R (ps):                     1,389           1,292
  R2O (ps):                     1,753           1,767
  I2O (ps):                  no_value        no_value
  CG  (ps):                  no_value        no_value
TNS (ps):                           0               0
  R2R (ps):                         0               0
  I2R (ps):                         0               0
  R2O (ps):                         0               0
  I2O (ps):                  no_value        no_value
  CG  (ps):                  no_value        no_value
Failing Paths:                      0               0
Cell Area:                      7,056           2,741
Total Cell Area:                7,056           2,741
Leaf Instances:                 2,253           1,059
Total Instances:                2,253           1,059
Utilization (%):                 0.00            0.00
Tot. Net Length (um):        no_value        no_value
Avg. Net Length (um):        no_value        no_value
Route Overflow H (%):        no_value        no_value
Route Overflow V (%):        no_value        no_value
MBCI(%) (bits/gate) :            0.00            0.00
Norm Cong Hotspot Area:
  Max Cong:                  no_value        no_value
  Tot Cong:                  no_value        no_value
================================================================================
CPU  Runtime (h:m:s):        00:30:21        00:30:07
Real Runtime (h:m:s):        00:30:40        00:30:05
CPU  Elapsed (h:m:s):        00:30:23        00:30:30
Real Elapsed (h:m:s):        00:30:41        00:30:46
Memory (MB):                  1681.36         1745.47
================================================================================
================================================================================
Flow Settings:
================================================================================
Total Runtime (h:m:s): 00:30:45
Total Memory (MB):     1753.48
Executable Version:    21.10-p002_1
================================================================================
Total Cell Area =  Cell Area + Physical Cell Area
Total Instances =  Leaf Instances + Physical Instances


