============================================================
  Generated by:           Genus(TM) Synthesis Solution 21.10-p002_1
  Generated on:           Apr 22 2026  07:10:00 pm
  Module:                 rope_cordic_pair
  Technology libraries:   fast_vdd1v2 1.0
                          physical_cells 
                          fast_vdd1v2 1.0
                          physical_cells 
  Operating conditions:   PVT_1P32V_0C 
  Interconnect mode:      global
  Area mode:              physical library
============================================================

                                    Leakage  
    Gate      Instances    Area   Power (nW)     Library    
------------------------------------------------------------
ADDFX1LVT           298  1528.740   1036.995    fast_vdd1v2 
ADDHX1LVT             3    11.286     11.021    fast_vdd1v2 
AND2X1LVT           300   410.400    367.332    fast_vdd1v2 
AND3XLLVT             2     4.104      1.890    fast_vdd1v2 
AND4X1LVT             1     2.394      0.803    fast_vdd1v2 
AOI21X1LVT            7    11.970      5.486    fast_vdd1v2 
AOI221X1LVT          15    35.910     13.812    fast_vdd1v2 
AOI222X1LVT           1     3.078      1.136    fast_vdd1v2 
AOI22X1LVT            2     4.104      1.914    fast_vdd1v2 
AOI2BB1X1LVT          1     2.052      1.942    fast_vdd1v2 
AOI31X1LVT            3     6.156      3.280    fast_vdd1v2 
CLKINVX12LVT          1     4.104      2.707    fast_vdd1v2 
CLKINVX8LVT           1     3.078      4.291    fast_vdd1v2 
CLKXOR2X1LVT          6    16.416     16.487    fast_vdd1v2 
DFFHQX1LVT          352  1926.144   1333.660    fast_vdd1v2 
DFFQX2LVT             1     6.498      4.163    fast_vdd1v2 
DFFQX4LVT             7    50.274     35.356    fast_vdd1v2 
DFFQXLLVT            61   333.792    234.895    fast_vdd1v2 
DFFTRX2LVT            1     8.208      5.966    fast_vdd1v2 
DFFX1LVT              7    50.274     34.294    fast_vdd1v2 
INVX1LVT             42    28.728     22.056    fast_vdd1v2 
INVX2                 7     7.182      1.242    fast_vdd1v2 
INVX3LVT              2     2.736      2.347    fast_vdd1v2 
INVX6LVT             20    47.880     59.754    fast_vdd1v2 
INVX8LVT              1     3.078      4.291    fast_vdd1v2 
INVXLHVT              2     1.368      0.126    fast_vdd1v2 
MX2X1LVT             48   114.912     93.531    fast_vdd1v2 
MXI2XLLVT            46   110.124     64.854    fast_vdd1v2 
NAND2BX1LVT          16    21.888     18.071    fast_vdd1v2 
NAND2X1LVT           24    24.624     15.119    fast_vdd1v2 
NAND3BXLLVT          14    23.940     14.663    fast_vdd1v2 
NAND3X1LVT            1     1.710      0.623    fast_vdd1v2 
NAND4BX1LVT           2     4.788      1.774    fast_vdd1v2 
NAND4XL               2     3.420      0.259    fast_vdd1v2 
NAND4XLLVT           10    17.100      4.936    fast_vdd1v2 
NOR2BX1LVT           43    58.824     58.856    fast_vdd1v2 
NOR2X1LVT           111   113.886    104.435    fast_vdd1v2 
NOR3BX1LVT            1     2.052      1.150    fast_vdd1v2 
NOR3X1LVT             2     3.420      1.119    fast_vdd1v2 
NOR4BX1LVT            1     2.394      1.062    fast_vdd1v2 
NOR4X1LVT             5     8.550      1.849    fast_vdd1v2 
OA21X1LVT             1     2.052      1.186    fast_vdd1v2 
OAI211X1LVT           3     5.130      2.436    fast_vdd1v2 
OAI21X1LVT            2     3.420      1.635    fast_vdd1v2 
OAI221X1LVT           2     4.788      1.946    fast_vdd1v2 
OAI222X1LVT           1     2.736      1.231    fast_vdd1v2 
OAI22X1LVT            1     2.052      0.493    fast_vdd1v2 
OAI2BB1X1LVT          7    11.970      8.888    fast_vdd1v2 
OAI32X1LVT            1     2.394      1.193    fast_vdd1v2 
OR2X1LVT              5     6.840      6.071    fast_vdd1v2 
OR3X1LVT              4     8.208      5.020    fast_vdd1v2 
OR3XLLVT              1     2.052      1.055    fast_vdd1v2 
OR4X1LVT             11    22.572     12.425    fast_vdd1v2 
XNOR2X1LVT          354   847.476    952.399    fast_vdd1v2 
------------------------------------------------------------
total              1863  5943.276   4585.523                


                                           Leakage  Leakage 
     Type      Instances   Area   Area % Power (nW) Power % 
------------------------------------------------------------
sequential           429 2375.190   40.0   1648.334    35.9 
inverter              76   98.154    1.7     96.814     2.1 
logic               1358 3469.932   58.4   2840.375    61.9 
physical_cells         0    0.000    0.0      0.000     0.0 
------------------------------------------------------------
total               1863 5943.276  100.0   4585.523   100.0 

