============================================================
  Generated by:           Genus(TM) Synthesis Solution 21.10-p002_1
  Generated on:           Apr 22 2026  07:10:00 pm
  Module:                 rope_cordic_pair
  Technology libraries:   fast_vdd1v2 1.0
                          physical_cells 
                          fast_vdd1v2 1.0
                          physical_cells 
  Operating conditions:   PVT_1P32V_0C 
  Interconnect mode:      global
  Area mode:              physical library
============================================================

Timing
--------

Clock Period 
-------------
clk   2000.0 


  Cost    Critical         Violating 
 Group   Path Slack  TNS     Paths   
-------------------------------------
clk          1217.2   0.0          0 
default    No paths   0.0            
-------------------------------------
Total                 0.0          0 

Instance Count
--------------
Leaf Instance Count             1863 
Physical Instance count            0 
Sequential Instance Count        429 
Combinational Instance Count    1434 
Hierarchical Instance Count        0 

Area
----
Cell Area                          5943.276
Physical Cell Area                 0.000
Total Cell Area (Cell+Physical)    5943.276
Net Area                           2228.002
Total Area (Cell+Physical+Net)     8171.278

Runtime                            0.0 seconds
Elapsed Runtime                    42 seconds
Genus peak memory usage            1764.14 
Innovus peak memory usage          no_value 
Hostname                           redhatacademy19
