

Working Directory = /home/redhatacademy19/Documents/Siddhant/RUN/STANDARD 10 Stages_Multiple Lib_Fast Cells/12
QoS Summary for rope_cordic_pair
================================================================================
Metric                          generic        
================================================================================
Slack (ps):                     1,382
  R2R (ps):                     1,573
  I2R (ps):                     1,382
  R2O (ps):                     1,753
  I2O (ps):                  no_value
  CG  (ps):                  no_value
TNS (ps):                           0
  R2R (ps):                         0
  I2R (ps):                         0
  R2O (ps):                         0
  I2O (ps):                  no_value
  CG  (ps):                  no_value
Failing Paths:                      0
Cell Area:                     13,288
Total Cell Area:               13,288
Leaf Instances:                 4,023
Total Instances:                4,023
Utilization (%):                 0.00
Tot. Net Length (um):        no_value
Avg. Net Length (um):        no_value
Route Overflow H (%):        no_value
Route Overflow V (%):        no_value
MBCI(%) (bits/gate) :            0.00
Norm Cong Hotspot Area:
  Max Cong:                  no_value
  Tot Cong:                  no_value
================================================================================
CPU  Runtime (h:m:s):        00:30:21
Real Runtime (h:m:s):        00:31:08
CPU  Elapsed (h:m:s):        00:30:23
Real Elapsed (h:m:s):        00:31:09
Memory (MB):                  1685.01
================================================================================
================================================================================
Flow Settings:
================================================================================
Total Runtime (h:m:s): 00:31:09
Total Memory (MB):     1685.01
Executable Version:    21.10-p002_1
================================================================================
Total Cell Area =  Cell Area + Physical Cell Area
Total Instances =  Leaf Instances + Physical Instances


