

Working Directory = /home/redhatacademy19/Documents/Siddhant/RUN/STANDARD 10 Stages_Multiple Lib_Fast Cells/14
QoS Summary for rope_cordic_pair
================================================================================
Metric                          generic         mapped         
================================================================================
Slack (ps):                     1,464           1,217
  R2R (ps):                     1,593           1,325
  I2R (ps):                     1,464           1,217
  R2O (ps):                     1,753           1,766
  I2O (ps):                  no_value        no_value
  CG  (ps):                  no_value        no_value
TNS (ps):                           0               0
  R2R (ps):                         0               0
  I2R (ps):                         0               0
  R2O (ps):                         0               0
  I2O (ps):                  no_value        no_value
  CG  (ps):                  no_value        no_value
Failing Paths:                      0               0
Cell Area:                     16,020           5,943
Total Cell Area:               16,020           5,943
Leaf Instances:                 4,925           1,863
Total Instances:                4,925           1,863
Utilization (%):                 0.00            0.00
Tot. Net Length (um):        no_value        no_value
Avg. Net Length (um):        no_value        no_value
Route Overflow H (%):        no_value        no_value
Route Overflow V (%):        no_value        no_value
MBCI(%) (bits/gate) :            0.00            0.00
Norm Cong Hotspot Area:
  Max Cong:                  no_value        no_value
  Tot Cong:                  no_value        no_value
================================================================================
CPU  Runtime (h:m:s):        00:30:23        00:30:14
Real Runtime (h:m:s):        00:30:28        00:30:11
CPU  Elapsed (h:m:s):        00:30:25        00:30:39
Real Elapsed (h:m:s):        00:30:29        00:30:40
Memory (MB):                  1692.36         1756.14
================================================================================
================================================================================
Flow Settings:
================================================================================
Total Runtime (h:m:s): 00:30:39
Total Memory (MB):     1764.14
Executable Version:    21.10-p002_1
================================================================================
Total Cell Area =  Cell Area + Physical Cell Area
Total Instances =  Leaf Instances + Physical Instances


